In file included from crlibm/addition_scs.c:49:
crlibm/scs_private.h:77:47: warning: implicit conversion changes signedness: 'unsigned int' to 'int' [-Wsign-conversion]
 static const db_number max_double        = {{0xFFFFFFFF ,                             0x7FEFFFFF }}; 
                                             ~^~~~~~~~~~
crlibm/addition_scs.c:218:17: warning: implicit conversion changes signedness: 'int' to 'unsigned int' [-Wsign-conversion]
  Diff  = X_IND - Y_IND;
        ~ ~~~~~~^~~~~~~
crlibm/addition_scs.c:346:18: warning: implicit conversion changes signedness: 'unsigned int' to 'int' [-Wsign-conversion]
    r0 = X_HW[0] + Y_HW[0]; r1 = X_HW[1] + Y_HW[1];
       ~ ~~~~~~~~^~~~~~~~~
crlibm/addition_scs.c:346:42: warning: implicit conversion changes signedness: 'unsigned int' to 'int' [-Wsign-conversion]
    r0 = X_HW[0] + Y_HW[0]; r1 = X_HW[1] + Y_HW[1];
                               ~ ~~~~~~~~^~~~~~~~~
crlibm/addition_scs.c:347:18: warning: implicit conversion changes signedness: 'unsigned int' to 'int' [-Wsign-conversion]
    r2 = X_HW[2] + Y_HW[2]; r3 = X_HW[3] + Y_HW[3];
       ~ ~~~~~~~~^~~~~~~~~
crlibm/addition_scs.c:347:42: warning: implicit conversion changes signedness: 'unsigned int' to 'int' [-Wsign-conversion]
    r2 = X_HW[2] + Y_HW[2]; r3 = X_HW[3] + Y_HW[3];
                               ~ ~~~~~~~~^~~~~~~~~
crlibm/addition_scs.c:348:18: warning: implicit conversion changes signedness: 'unsigned int' to 'int' [-Wsign-conversion]
    r4 = X_HW[4] + Y_HW[4]; r5 = X_HW[5] + Y_HW[5];
       ~ ~~~~~~~~^~~~~~~~~
crlibm/addition_scs.c:348:42: warning: implicit conversion changes signedness: 'unsigned int' to 'int' [-Wsign-conversion]
    r4 = X_HW[4] + Y_HW[4]; r5 = X_HW[5] + Y_HW[5];
                               ~ ~~~~~~~~^~~~~~~~~
crlibm/addition_scs.c:349:18: warning: implicit conversion changes signedness: 'unsigned int' to 'int' [-Wsign-conversion]
    r6 = X_HW[6] + Y_HW[6]; r7 = X_HW[7] + Y_HW[7]; break;
       ~ ~~~~~~~~^~~~~~~~~
crlibm/addition_scs.c:349:42: warning: implicit conversion changes signedness: 'unsigned int' to 'int' [-Wsign-conversion]
    r6 = X_HW[6] + Y_HW[6]; r7 = X_HW[7] + Y_HW[7]; break;
                               ~ ~~~~~~~~^~~~~~~~~
crlibm/addition_scs.c:351:10: warning: implicit conversion changes signedness: 'unsigned int' to 'int' [-Wsign-conversion]
    r0 = X_HW[0];           r1 = X_HW[1] + Y_HW[0];
       ~ ^~~~~~~
crlibm/scs_private.h:101:15: note: expanded from macro 'X_HW'
#define X_HW  x->h_word
              ^
crlibm/addition_scs.c:351:42: warning: implicit conversion changes signedness: 'unsigned int' to 'int' [-Wsign-conversion]
    r0 = X_HW[0];           r1 = X_HW[1] + Y_HW[0];
                               ~ ~~~~~~~~^~~~~~~~~
crlibm/addition_scs.c:352:18: warning: implicit conversion changes signedness: 'unsigned int' to 'int' [-Wsign-conversion]
    r2 = X_HW[2] + Y_HW[1]; r3 = X_HW[3] + Y_HW[2];
       ~ ~~~~~~~~^~~~~~~~~
crlibm/addition_scs.c:352:42: warning: implicit conversion changes signedness: 'unsigned int' to 'int' [-Wsign-conversion]
    r2 = X_HW[2] + Y_HW[1]; r3 = X_HW[3] + Y_HW[2];
                               ~ ~~~~~~~~^~~~~~~~~
crlibm/addition_scs.c:353:18: warning: implicit conversion changes signedness: 'unsigned int' to 'int' [-Wsign-conversion]
    r4 = X_HW[4] + Y_HW[3]; r5 = X_HW[5] + Y_HW[4];
       ~ ~~~~~~~~^~~~~~~~~
crlibm/addition_scs.c:353:42: warning: implicit conversion changes signedness: 'unsigned int' to 'int' [-Wsign-conversion]
    r4 = X_HW[4] + Y_HW[3]; r5 = X_HW[5] + Y_HW[4];
                               ~ ~~~~~~~~^~~~~~~~~
crlibm/addition_scs.c:354:18: warning: implicit conversion changes signedness: 'unsigned int' to 'int' [-Wsign-conversion]
    r6 = X_HW[6] + Y_HW[5]; r7 = X_HW[7] + Y_HW[6]; break;
       ~ ~~~~~~~~^~~~~~~~~
crlibm/addition_scs.c:354:42: warning: implicit conversion changes signedness: 'unsigned int' to 'int' [-Wsign-conversion]
    r6 = X_HW[6] + Y_HW[5]; r7 = X_HW[7] + Y_HW[6]; break;
                               ~ ~~~~~~~~^~~~~~~~~
crlibm/addition_scs.c:356:10: warning: implicit conversion changes signedness: 'unsigned int' to 'int' [-Wsign-conversion]
    r0 = X_HW[0];           r1 = X_HW[1];
       ~ ^~~~~~~
crlibm/scs_private.h:101:15: note: expanded from macro 'X_HW'
#define X_HW  x->h_word
              ^
crlibm/addition_scs.c:356:34: warning: implicit conversion changes signedness: 'unsigned int' to 'int' [-Wsign-conversion]
    r0 = X_HW[0];           r1 = X_HW[1];
                               ~ ^~~~~~~
crlibm/scs_private.h:101:15: note: expanded from macro 'X_HW'
#define X_HW  x->h_word
              ^
crlibm/addition_scs.c:357:18: warning: implicit conversion changes signedness: 'unsigned int' to 'int' [-Wsign-conversion]
    r2 = X_HW[2] + Y_HW[0]; r3 = X_HW[3] + Y_HW[1];
       ~ ~~~~~~~~^~~~~~~~~
crlibm/addition_scs.c:357:42: warning: implicit conversion changes signedness: 'unsigned int' to 'int' [-Wsign-conversion]
    r2 = X_HW[2] + Y_HW[0]; r3 = X_HW[3] + Y_HW[1];
                               ~ ~~~~~~~~^~~~~~~~~
crlibm/addition_scs.c:358:18: warning: implicit conversion changes signedness: 'unsigned int' to 'int' [-Wsign-conversion]
    r4 = X_HW[4] + Y_HW[2]; r5 = X_HW[5] + Y_HW[3];
       ~ ~~~~~~~~^~~~~~~~~
crlibm/addition_scs.c:358:42: warning: implicit conversion changes signedness: 'unsigned int' to 'int' [-Wsign-conversion]
    r4 = X_HW[4] + Y_HW[2]; r5 = X_HW[5] + Y_HW[3];
                               ~ ~~~~~~~~^~~~~~~~~
crlibm/addition_scs.c:359:18: warning: implicit conversion changes signedness: 'unsigned int' to 'int' [-Wsign-conversion]
    r6 = X_HW[6] + Y_HW[4]; r7 = X_HW[7] + Y_HW[5]; break;
       ~ ~~~~~~~~^~~~~~~~~
crlibm/addition_scs.c:359:42: warning: implicit conversion changes signedness: 'unsigned int' to 'int' [-Wsign-conversion]
    r6 = X_HW[6] + Y_HW[4]; r7 = X_HW[7] + Y_HW[5]; break;
                               ~ ~~~~~~~~^~~~~~~~~
crlibm/addition_scs.c:361:10: warning: implicit conversion changes signedness: 'unsigned int' to 'int' [-Wsign-conversion]
    r0 = X_HW[0];           r1 = X_HW[1];
       ~ ^~~~~~~
crlibm/scs_private.h:101:15: note: expanded from macro 'X_HW'
#define X_HW  x->h_word
              ^
crlibm/addition_scs.c:361:34: warning: implicit conversion changes signedness: 'unsigned int' to 'int' [-Wsign-conversion]
    r0 = X_HW[0];           r1 = X_HW[1];
                               ~ ^~~~~~~
crlibm/scs_private.h:101:15: note: expanded from macro 'X_HW'
#define X_HW  x->h_word
              ^
crlibm/addition_scs.c:362:10: warning: implicit conversion changes signedness: 'unsigned int' to 'int' [-Wsign-conversion]
    r2 = X_HW[2];           r3 = X_HW[3] + Y_HW[0];
       ~ ^~~~~~~
crlibm/scs_private.h:101:15: note: expanded from macro 'X_HW'
#define X_HW  x->h_word
              ^
crlibm/addition_scs.c:362:42: warning: implicit conversion changes signedness: 'unsigned int' to 'int' [-Wsign-conversion]
    r2 = X_HW[2];           r3 = X_HW[3] + Y_HW[0];
                               ~ ~~~~~~~~^~~~~~~~~
crlibm/addition_scs.c:363:18: warning: implicit conversion changes signedness: 'unsigned int' to 'int' [-Wsign-conversion]
    r4 = X_HW[4] + Y_HW[1]; r5 = X_HW[5] + Y_HW[2];
       ~ ~~~~~~~~^~~~~~~~~
crlibm/addition_scs.c:363:42: warning: implicit conversion changes signedness: 'unsigned int' to 'int' [-Wsign-conversion]
    r4 = X_HW[4] + Y_HW[1]; r5 = X_HW[5] + Y_HW[2];
                               ~ ~~~~~~~~^~~~~~~~~
crlibm/addition_scs.c:364:18: warning: implicit conversion changes signedness: 'unsigned int' to 'int' [-Wsign-conversion]
    r6 = X_HW[6] + Y_HW[3]; r7 = X_HW[7] + Y_HW[4]; break;
       ~ ~~~~~~~~^~~~~~~~~
crlibm/addition_scs.c:364:42: warning: implicit conversion changes signedness: 'unsigned int' to 'int' [-Wsign-conversion]
    r6 = X_HW[6] + Y_HW[3]; r7 = X_HW[7] + Y_HW[4]; break;
                               ~ ~~~~~~~~^~~~~~~~~
crlibm/addition_scs.c:366:10: warning: implicit conversion changes signedness: 'unsigned int' to 'int' [-Wsign-conversion]
    r0 = X_HW[0];           r1 = X_HW[1];
       ~ ^~~~~~~
crlibm/scs_private.h:101:15: note: expanded from macro 'X_HW'
#define X_HW  x->h_word
              ^
crlibm/addition_scs.c:366:34: warning: implicit conversion changes signedness: 'unsigned int' to 'int' [-Wsign-conversion]
    r0 = X_HW[0];           r1 = X_HW[1];
                               ~ ^~~~~~~
crlibm/scs_private.h:101:15: note: expanded from macro 'X_HW'
#define X_HW  x->h_word
              ^
crlibm/addition_scs.c:367:10: warning: implicit conversion changes signedness: 'unsigned int' to 'int' [-Wsign-conversion]
    r2 = X_HW[2];           r3 = X_HW[3];
       ~ ^~~~~~~
crlibm/scs_private.h:101:15: note: expanded from macro 'X_HW'
#define X_HW  x->h_word
              ^
crlibm/addition_scs.c:367:34: warning: implicit conversion changes signedness: 'unsigned int' to 'int' [-Wsign-conversion]
    r2 = X_HW[2];           r3 = X_HW[3];
                               ~ ^~~~~~~
crlibm/scs_private.h:101:15: note: expanded from macro 'X_HW'
#define X_HW  x->h_word
              ^
crlibm/addition_scs.c:368:18: warning: implicit conversion changes signedness: 'unsigned int' to 'int' [-Wsign-conversion]
    r4 = X_HW[4] + Y_HW[0]; r5 = X_HW[5] + Y_HW[1];
       ~ ~~~~~~~~^~~~~~~~~
crlibm/addition_scs.c:368:42: warning: implicit conversion changes signedness: 'unsigned int' to 'int' [-Wsign-conversion]
    r4 = X_HW[4] + Y_HW[0]; r5 = X_HW[5] + Y_HW[1];
                               ~ ~~~~~~~~^~~~~~~~~
crlibm/addition_scs.c:369:18: warning: implicit conversion changes signedness: 'unsigned int' to 'int' [-Wsign-conversion]
    r6 = X_HW[6] + Y_HW[2]; r7 = X_HW[7] + Y_HW[3]; break;
       ~ ~~~~~~~~^~~~~~~~~
crlibm/addition_scs.c:369:42: warning: implicit conversion changes signedness: 'unsigned int' to 'int' [-Wsign-conversion]
    r6 = X_HW[6] + Y_HW[2]; r7 = X_HW[7] + Y_HW[3]; break;
                               ~ ~~~~~~~~^~~~~~~~~
crlibm/addition_scs.c:371:10: warning: implicit conversion changes signedness: 'unsigned int' to 'int' [-Wsign-conversion]
    r0 = X_HW[0];           r1 = X_HW[1];
       ~ ^~~~~~~
crlibm/scs_private.h:101:15: note: expanded from macro 'X_HW'
#define X_HW  x->h_word
              ^
crlibm/addition_scs.c:371:34: warning: implicit conversion changes signedness: 'unsigned int' to 'int' [-Wsign-conversion]
    r0 = X_HW[0];           r1 = X_HW[1];
                               ~ ^~~~~~~
crlibm/scs_private.h:101:15: note: expanded from macro 'X_HW'
#define X_HW  x->h_word
              ^
crlibm/addition_scs.c:372:10: warning: implicit conversion changes signedness: 'unsigned int' to 'int' [-Wsign-conversion]
    r2 = X_HW[2];           r3 = X_HW[3];
       ~ ^~~~~~~
crlibm/scs_private.h:101:15: note: expanded from macro 'X_HW'
#define X_HW  x->h_word
              ^
crlibm/addition_scs.c:372:34: warning: implicit conversion changes signedness: 'unsigned int' to 'int' [-Wsign-conversion]
    r2 = X_HW[2];           r3 = X_HW[3];
                               ~ ^~~~~~~
crlibm/scs_private.h:101:15: note: expanded from macro 'X_HW'
#define X_HW  x->h_word
              ^
crlibm/addition_scs.c:373:10: warning: implicit conversion changes signedness: 'unsigned int' to 'int' [-Wsign-conversion]
    r4 = X_HW[4];           r5 = X_HW[5] + Y_HW[0];
       ~ ^~~~~~~
crlibm/scs_private.h:101:15: note: expanded from macro 'X_HW'
#define X_HW  x->h_word
              ^
crlibm/addition_scs.c:373:42: warning: implicit conversion changes signedness: 'unsigned int' to 'int' [-Wsign-conversion]
    r4 = X_HW[4];           r5 = X_HW[5] + Y_HW[0];
                               ~ ~~~~~~~~^~~~~~~~~
crlibm/addition_scs.c:374:18: warning: implicit conversion changes signedness: 'unsigned int' to 'int' [-Wsign-conversion]
    r6 = X_HW[6] + Y_HW[1]; r7 = X_HW[7] + Y_HW[2]; break;
       ~ ~~~~~~~~^~~~~~~~~
crlibm/addition_scs.c:374:42: warning: implicit conversion changes signedness: 'unsigned int' to 'int' [-Wsign-conversion]
    r6 = X_HW[6] + Y_HW[1]; r7 = X_HW[7] + Y_HW[2]; break;
                               ~ ~~~~~~~~^~~~~~~~~
crlibm/addition_scs.c:376:10: warning: implicit conversion changes signedness: 'unsigned int' to 'int' [-Wsign-conversion]
    r0 = X_HW[0];           r1 = X_HW[1];
       ~ ^~~~~~~
crlibm/scs_private.h:101:15: note: expanded from macro 'X_HW'
#define X_HW  x->h_word
              ^
crlibm/addition_scs.c:376:34: warning: implicit conversion changes signedness: 'unsigned int' to 'int' [-Wsign-conversion]
    r0 = X_HW[0];           r1 = X_HW[1];
                               ~ ^~~~~~~
crlibm/scs_private.h:101:15: note: expanded from macro 'X_HW'
#define X_HW  x->h_word
              ^
crlibm/addition_scs.c:377:10: warning: implicit conversion changes signedness: 'unsigned int' to 'int' [-Wsign-conversion]
    r2 = X_HW[2];           r3 = X_HW[3];
       ~ ^~~~~~~
crlibm/scs_private.h:101:15: note: expanded from macro 'X_HW'
#define X_HW  x->h_word
              ^
crlibm/addition_scs.c:377:34: warning: implicit conversion changes signedness: 'unsigned int' to 'int' [-Wsign-conversion]
    r2 = X_HW[2];           r3 = X_HW[3];
                               ~ ^~~~~~~
crlibm/scs_private.h:101:15: note: expanded from macro 'X_HW'
#define X_HW  x->h_word
              ^
crlibm/addition_scs.c:378:10: warning: implicit conversion changes signedness: 'unsigned int' to 'int' [-Wsign-conversion]
    r4 = X_HW[4];           r5 = X_HW[5];
       ~ ^~~~~~~
crlibm/scs_private.h:101:15: note: expanded from macro 'X_HW'
#define X_HW  x->h_word
              ^
crlibm/addition_scs.c:378:34: warning: implicit conversion changes signedness: 'unsigned int' to 'int' [-Wsign-conversion]
    r4 = X_HW[4];           r5 = X_HW[5];
                               ~ ^~~~~~~
crlibm/scs_private.h:101:15: note: expanded from macro 'X_HW'
#define X_HW  x->h_word
              ^
crlibm/addition_scs.c:379:18: warning: implicit conversion changes signedness: 'unsigned int' to 'int' [-Wsign-conversion]
    r6 = X_HW[6] + Y_HW[0]; r7 = X_HW[7] + Y_HW[1]; break;
       ~ ~~~~~~~~^~~~~~~~~
crlibm/addition_scs.c:379:42: warning: implicit conversion changes signedness: 'unsigned int' to 'int' [-Wsign-conversion]
    r6 = X_HW[6] + Y_HW[0]; r7 = X_HW[7] + Y_HW[1]; break;
                               ~ ~~~~~~~~^~~~~~~~~
crlibm/addition_scs.c:381:10: warning: implicit conversion changes signedness: 'unsigned int' to 'int' [-Wsign-conversion]
    r0 = X_HW[0];           r1 = X_HW[1];
       ~ ^~~~~~~
crlibm/scs_private.h:101:15: note: expanded from macro 'X_HW'
#define X_HW  x->h_word
              ^
crlibm/addition_scs.c:381:34: warning: implicit conversion changes signedness: 'unsigned int' to 'int' [-Wsign-conversion]
    r0 = X_HW[0];           r1 = X_HW[1];
                               ~ ^~~~~~~
crlibm/scs_private.h:101:15: note: expanded from macro 'X_HW'
#define X_HW  x->h_word
              ^
crlibm/addition_scs.c:382:10: warning: implicit conversion changes signedness: 'unsigned int' to 'int' [-Wsign-conversion]
    r2 = X_HW[2];           r3 = X_HW[3];
       ~ ^~~~~~~
crlibm/scs_private.h:101:15: note: expanded from macro 'X_HW'
#define X_HW  x->h_word
              ^
crlibm/addition_scs.c:382:34: warning: implicit conversion changes signedness: 'unsigned int' to 'int' [-Wsign-conversion]
    r2 = X_HW[2];           r3 = X_HW[3];
                               ~ ^~~~~~~
crlibm/scs_private.h:101:15: note: expanded from macro 'X_HW'
#define X_HW  x->h_word
              ^
crlibm/addition_scs.c:383:10: warning: implicit conversion changes signedness: 'unsigned int' to 'int' [-Wsign-conversion]
    r4 = X_HW[4];           r5 = X_HW[5];
       ~ ^~~~~~~
crlibm/scs_private.h:101:15: note: expanded from macro 'X_HW'
#define X_HW  x->h_word
              ^
crlibm/addition_scs.c:383:34: warning: implicit conversion changes signedness: 'unsigned int' to 'int' [-Wsign-conversion]
    r4 = X_HW[4];           r5 = X_HW[5];
                               ~ ^~~~~~~
crlibm/scs_private.h:101:15: note: expanded from macro 'X_HW'
#define X_HW  x->h_word
              ^
crlibm/addition_scs.c:384:10: warning: implicit conversion changes signedness: 'unsigned int' to 'int' [-Wsign-conversion]
    r6 = X_HW[6];           r7 = X_HW[7] + Y_HW[0]; break;
       ~ ^~~~~~~
crlibm/scs_private.h:101:15: note: expanded from macro 'X_HW'
#define X_HW  x->h_word
              ^
crlibm/addition_scs.c:384:42: warning: implicit conversion changes signedness: 'unsigned int' to 'int' [-Wsign-conversion]
    r6 = X_HW[6];           r7 = X_HW[7] + Y_HW[0]; break;
                               ~ ~~~~~~~~^~~~~~~~~
crlibm/addition_scs.c:396:49: warning: implicit conversion changes signedness: 'int' to 'unsigned int' [-Wsign-conversion]
  carry = r7 >> SCS_NB_BITS; r6 += carry;  r7 = r7 & SCS_MASK_RADIX;
                                                ^~ ~
crlibm/addition_scs.c:397:49: warning: implicit conversion changes signedness: 'int' to 'unsigned int' [-Wsign-conversion]
  carry = r6 >> SCS_NB_BITS; r5 += carry;  r6 = r6 & SCS_MASK_RADIX;
                                                ^~ ~
crlibm/addition_scs.c:398:49: warning: implicit conversion changes signedness: 'int' to 'unsigned int' [-Wsign-conversion]
  carry = r5 >> SCS_NB_BITS; r4 += carry;  r5 = r5 & SCS_MASK_RADIX;
                                                ^~ ~
crlibm/addition_scs.c:399:49: warning: implicit conversion changes signedness: 'int' to 'unsigned int' [-Wsign-conversion]
  carry = r4 >> SCS_NB_BITS; r3 += carry;  r4 = r4 & SCS_MASK_RADIX;
                                                ^~ ~
crlibm/addition_scs.c:400:49: warning: implicit conversion changes signedness: 'int' to 'unsigned int' [-Wsign-conversion]
  carry = r3 >> SCS_NB_BITS; r2 += carry;  r3 = r3 & SCS_MASK_RADIX;
                                                ^~ ~
crlibm/addition_scs.c:401:49: warning: implicit conversion changes signedness: 'int' to 'unsigned int' [-Wsign-conversion]
  carry = r2 >> SCS_NB_BITS; r1 += carry;  r2 = r2 & SCS_MASK_RADIX;
                                                ^~ ~
crlibm/addition_scs.c:402:49: warning: implicit conversion changes signedness: 'int' to 'unsigned int' [-Wsign-conversion]
  carry = r1 >> SCS_NB_BITS; r0 += carry;  r1 = r1 & SCS_MASK_RADIX;
                                                ^~ ~
crlibm/addition_scs.c:406:15: warning: implicit conversion changes signedness: 'int' to 'unsigned int' [-Wsign-conversion]
    R_HW[7] = r6; R_HW[6] = r5;  R_HW[5] = r4; R_HW[4] = r3; 
            ~ ^~
crlibm/addition_scs.c:406:29: warning: implicit conversion changes signedness: 'int' to 'unsigned int' [-Wsign-conversion]
    R_HW[7] = r6; R_HW[6] = r5;  R_HW[5] = r4; R_HW[4] = r3; 
                          ~ ^~
crlibm/addition_scs.c:406:44: warning: implicit conversion changes signedness: 'int' to 'unsigned int' [-Wsign-conversion]
    R_HW[7] = r6; R_HW[6] = r5;  R_HW[5] = r4; R_HW[4] = r3; 
                                         ~ ^~
crlibm/addition_scs.c:406:58: warning: implicit conversion changes signedness: 'int' to 'unsigned int' [-Wsign-conversion]
    R_HW[7] = r6; R_HW[6] = r5;  R_HW[5] = r4; R_HW[4] = r3; 
                                                       ~ ^~
crlibm/addition_scs.c:407:15: warning: implicit conversion changes signedness: 'int' to 'unsigned int' [-Wsign-conversion]
    R_HW[3] = r2; R_HW[2] = r1;  R_HW[1] = r0 & SCS_MASK_RADIX;
            ~ ^~
crlibm/addition_scs.c:407:29: warning: implicit conversion changes signedness: 'int' to 'unsigned int' [-Wsign-conversion]
    R_HW[3] = r2; R_HW[2] = r1;  R_HW[1] = r0 & SCS_MASK_RADIX;
                          ~ ^~
crlibm/addition_scs.c:407:44: warning: implicit conversion changes signedness: 'int' to 'unsigned int' [-Wsign-conversion]
    R_HW[3] = r2; R_HW[2] = r1;  R_HW[1] = r0 & SCS_MASK_RADIX;
                                           ^~ ~
crlibm/addition_scs.c:412:15: warning: implicit conversion changes signedness: 'int' to 'unsigned int' [-Wsign-conversion]
    R_HW[0] = r0; R_HW[1] = r1; R_HW[2] = r2; R_HW[3] = r3; 
            ~ ^~
crlibm/addition_scs.c:412:29: warning: implicit conversion changes signedness: 'int' to 'unsigned int' [-Wsign-conversion]
    R_HW[0] = r0; R_HW[1] = r1; R_HW[2] = r2; R_HW[3] = r3; 
                          ~ ^~
crlibm/addition_scs.c:412:43: warning: implicit conversion changes signedness: 'int' to 'unsigned int' [-Wsign-conversion]
    R_HW[0] = r0; R_HW[1] = r1; R_HW[2] = r2; R_HW[3] = r3; 
                                        ~ ^~
crlibm/addition_scs.c:412:57: warning: implicit conversion changes signedness: 'int' to 'unsigned int' [-Wsign-conversion]
    R_HW[0] = r0; R_HW[1] = r1; R_HW[2] = r2; R_HW[3] = r3; 
                                                      ~ ^~
crlibm/addition_scs.c:413:15: warning: implicit conversion changes signedness: 'int' to 'unsigned int' [-Wsign-conversion]
    R_HW[4] = r4; R_HW[5] = r5; R_HW[6] = r6; R_HW[7] = r7; 
            ~ ^~
crlibm/addition_scs.c:413:29: warning: implicit conversion changes signedness: 'int' to 'unsigned int' [-Wsign-conversion]
    R_HW[4] = r4; R_HW[5] = r5; R_HW[6] = r6; R_HW[7] = r7; 
                          ~ ^~
crlibm/addition_scs.c:413:43: warning: implicit conversion changes signedness: 'int' to 'unsigned int' [-Wsign-conversion]
    R_HW[4] = r4; R_HW[5] = r5; R_HW[6] = r6; R_HW[7] = r7; 
                                        ~ ^~
crlibm/addition_scs.c:413:57: warning: implicit conversion changes signedness: 'int' to 'unsigned int' [-Wsign-conversion]
    R_HW[4] = r4; R_HW[5] = r5; R_HW[6] = r6; R_HW[7] = r7; 
                                                      ~ ^~
crlibm/addition_scs.c:538:28: warning: implicit conversion changes signedness: 'unsigned int' to 'int' [-Wsign-conversion]
            s = X_HW[i] - Y_HW[i] - carry;
              ~ ~~~~~~~~~~~~~~~~~~^~~~~~~
crlibm/addition_scs.c:538:30: warning: implicit conversion changes signedness: 'int' to 'unsigned int' [-Wsign-conversion]
            s = X_HW[i] - Y_HW[i] - carry;
                                  ~ ^~~~~
crlibm/addition_scs.c:548:30: warning: implicit conversion changes signedness: 'unsigned int' to 'int' [-Wsign-conversion]
            s = - X_HW[i] + Y_HW[i] - carry;
              ~ ~~~~~~~~~~~~~~~~~~~~^~~~~~~
crlibm/addition_scs.c:548:32: warning: implicit conversion changes signedness: 'int' to 'unsigned int' [-Wsign-conversion]
            s = - X_HW[i] + Y_HW[i] - carry;
                                    ~ ^~~~~
crlibm/addition_scs.c:562:26: warning: implicit conversion changes signedness: 'unsigned int' to 'int' [-Wsign-conversion]
          s = X_HW[i] - Y_HW[j] - carry;
            ~ ~~~~~~~~~~~~~~~~~~^~~~~~~
crlibm/addition_scs.c:562:28: warning: implicit conversion changes signedness: 'int' to 'unsigned int' [-Wsign-conversion]
          s = X_HW[i] - Y_HW[j] - carry;
                                ~ ^~~~~
crlibm/addition_scs.c:564:16: warning: implicit conversion changes signedness: 'unsigned int' to 'int' [-Wsign-conversion]
          s = X_HW[i] - carry;
            ~ ~~~~~~~~^~~~~~~
crlibm/addition_scs.c:564:18: warning: implicit conversion changes signedness: 'int' to 'unsigned int' [-Wsign-conversion]
          s = X_HW[i] - carry;
                      ~ ^~~~~
crlibm/addition_scs.c:575:54: warning: implicit conversion changes signedness: 'int' to 'unsigned int' [-Wsign-conversion]
      for(j=0; i<SCS_NB_WORDS; i++,j++)    R_HW[j] = res[i];
                                                   ~ ^~~~~~
crlibm/addition_scs.c:580:13: warning: implicit conversion changes signedness: 'int' to 'unsigned int' [-Wsign-conversion]
        R_HW[i] =  res[i];
                ~  ^~~~~~
98 warnings generated.
