In file included from crlibm/atan_fast.c:13:
In file included from crlibm/crlibm_private.h:12:
crlibm/scs_private.h:77:47: warning: implicit conversion changes signedness: 'unsigned int' to 'int' [-Wsign-conversion]
 static const db_number max_double        = {{0xFFFFFFFF ,                             0x7FEFFFFF }}; 
                                             ~^~~~~~~~~~
In file included from crlibm/atan_fast.c:14:
crlibm/atan_fast.h:364:17: warning: implicit conversion changes signedness: 'unsigned int' to 'int' [-Wsign-conversion]
/*a[0]     */ {{0xBCCE533D,0x3F89FDF8}} /* +1.2691443693e-02 */ ,
               ~^~~~~~~~~~
crlibm/atan_fast.h:366:78: warning: implicit conversion changes signedness: 'unsigned int' to 'int' [-Wsign-conversion]
/*atan_b[0]*/ {{0x4969F96C,0x3F99FD9D}} /* +2.5381524664e-02 */,{{0x750685EA,0xBC301997}} /* -8.7278097631e-19 */ ,
                                                                 ~           ^~~~~~~~~~
crlibm/atan_fast.h:369:17: warning: implicit conversion changes signedness: 'unsigned int' to 'int' [-Wsign-conversion]
/*a[1]     */ {{0x90CEBC31,0x3FA3809F}} /* +3.8090692927e-02 */ ,
               ~^~~~~~~~~~
crlibm/atan_fast.h:370:17: warning: implicit conversion changes signedness: 'unsigned int' to 'int' [-Wsign-conversion]
/*b[1] :   */ {{0xE3547CC2,0x3FAA0355}} /* +5.0806697846e-02 */ ,
               ~^~~~~~~~~~
crlibm/atan_fast.h:371:78: warning: implicit conversion changes signedness: 'unsigned int' to 'int' [-Wsign-conversion]
/*atan_b[1]*/ {{0x4936262D,0x3FA9FD9D}} /* +5.0763049304e-02 */,{{0x3A2D0F59,0xBC4C1F96}} /* -3.0491436238e-18 */ ,
                                                                 ~           ^~~~~~~~~~
crlibm/atan_fast.h:375:17: warning: implicit conversion changes signedness: 'unsigned int' to 'int' [-Wsign-conversion]
/*b[2] :   */ {{0xABF7BFB9,0x3FB387E0}} /* +7.6292078003e-02 */ ,
               ~^~~~~~~~~~
crlibm/atan_fast.h:376:17: warning: implicit conversion changes signedness: 'unsigned int' to 'int' [-Wsign-conversion]
/*atan_b[2]*/ {{0xF6C1E06C,0x3FB37E35}} /* +7.6144573921e-02 */,{{0x8378E024,0xBC556710}} /* -4.6409481568e-18 */ ,
               ~^~~~~~~~~~
crlibm/atan_fast.h:376:67: warning: implicit conversion changes signedness: 'unsigned int' to 'int' [-Wsign-conversion]
/*atan_b[2]*/ {{0xF6C1E06C,0x3FB37E35}} /* +7.6144573921e-02 */,{{0x8378E024,0xBC556710}} /* -4.6409481568e-18 */ ,
                                                                 ~^~~~~~~~~~
crlibm/atan_fast.h:376:78: warning: implicit conversion changes signedness: 'unsigned int' to 'int' [-Wsign-conversion]
/*atan_b[2]*/ {{0xF6C1E06C,0x3FB37E35}} /* +7.6144573921e-02 */,{{0x8378E024,0xBC556710}} /* -4.6409481568e-18 */ ,
                                                                 ~           ^~~~~~~~~~
crlibm/atan_fast.h:379:17: warning: implicit conversion changes signedness: 'unsigned int' to 'int' [-Wsign-conversion]
/*a[3]     */ {{0xABCDFA25,0x3FB6CD46}} /* +8.9069764084e-02 */ ,
               ~^~~~~~~~~~
crlibm/atan_fast.h:380:17: warning: implicit conversion changes signedness: 'unsigned int' to 'int' [-Wsign-conversion]
/*b[3] :   */ {{0xE265B8AB,0x3FBA1491}} /* +1.0187637117e-01 */ ,
               ~^~~~~~~~~~
crlibm/atan_fast.h:381:67: warning: implicit conversion changes signedness: 'unsigned int' to 'int' [-Wsign-conversion]
/*atan_b[3]*/ {{0x48CF1996,0x3FB9FD9D}} /* +1.0152609851e-01 */,{{0xB73BED3C,0xBC4360DC}} /* -2.1010068528e-18 */ ,
                                                                 ~^~~~~~~~~~
crlibm/atan_fast.h:381:78: warning: implicit conversion changes signedness: 'unsigned int' to 'int' [-Wsign-conversion]
/*atan_b[3]*/ {{0x48CF1996,0x3FB9FD9D}} /* +1.0152609851e-01 */,{{0xB73BED3C,0xBC4360DC}} /* -2.1010068528e-18 */ ,
                                                                 ~           ^~~~~~~~~~
crlibm/atan_fast.h:385:17: warning: implicit conversion changes signedness: 'unsigned int' to 'int' [-Wsign-conversion]
/*b[4] :   */ {{0x9124D46B,0x3FC054FA}} /* +1.2759334647e-01 */ ,
               ~^~~~~~~~~~
crlibm/atan_fast.h:389:17: warning: implicit conversion changes signedness: 'unsigned int' to 'int' [-Wsign-conversion]
/*a[5]     */ {{0xD691E891,0x3FC1FC4E}} /* +1.4051232793e-01 */ ,
               ~^~~~~~~~~~
crlibm/atan_fast.h:391:17: warning: implicit conversion changes signedness: 'unsigned int' to 'int' [-Wsign-conversion]
/*atan_b[5]*/ {{0xF64EF83E,0x3FC37E35}} /* +1.5228914763e-01 */,{{0xB4A55EA6,0x3C5F2B13}} /* +6.7585410867e-18 */ ,
               ~^~~~~~~~~~
crlibm/atan_fast.h:391:67: warning: implicit conversion changes signedness: 'unsigned int' to 'int' [-Wsign-conversion]
/*atan_b[5]*/ {{0xF64EF83E,0x3FC37E35}} /* +1.5228914763e-01 */,{{0xB4A55EA6,0x3C5F2B13}} /* +6.7585410867e-18 */ ,
                                                                 ~^~~~~~~~~~
crlibm/atan_fast.h:395:17: warning: implicit conversion changes signedness: 'unsigned int' to 'int' [-Wsign-conversion]
/*b[6] :   */ {{0xB99F2601,0x3FC6FBF4}} /* +1.7956408561e-01 */ ,
               ~^~~~~~~~~~
crlibm/atan_fast.h:396:17: warning: implicit conversion changes signedness: 'unsigned int' to 'int' [-Wsign-conversion]
/*atan_b[6]*/ {{0x9F302425,0x3FC6BDE9}} /* +1.7767067216e-01 */,{{0xC4D330CE,0xBC23B62A}} /* -5.3428372026e-19 */ ,
               ~^~~~~~~~~~
crlibm/atan_fast.h:396:67: warning: implicit conversion changes signedness: 'unsigned int' to 'int' [-Wsign-conversion]
/*atan_b[6]*/ {{0x9F302425,0x3FC6BDE9}} /* +1.7767067216e-01 */,{{0xC4D330CE,0xBC23B62A}} /* -5.3428372026e-19 */ ,
                                                                 ~^~~~~~~~~~
crlibm/atan_fast.h:396:78: warning: implicit conversion changes signedness: 'unsigned int' to 'int' [-Wsign-conversion]
/*atan_b[6]*/ {{0x9F302425,0x3FC6BDE9}} /* +1.7767067216e-01 */,{{0xC4D330CE,0xBC23B62A}} /* -5.3428372026e-19 */ ,
                                                                 ~           ^~~~~~~~~~
crlibm/atan_fast.h:401:67: warning: implicit conversion changes signedness: 'unsigned int' to 'int' [-Wsign-conversion]
/*atan_b[7]*/ {{0x48053FC8,0x3FC9FD9D}} /* +2.0305219666e-01 */,{{0x98474AF1,0xBC67A12C}} /* -1.0247699700e-17 */ ,
                                                                 ~^~~~~~~~~~
crlibm/atan_fast.h:401:78: warning: implicit conversion changes signedness: 'unsigned int' to 'int' [-Wsign-conversion]
/*atan_b[7]*/ {{0x48053FC8,0x3FC9FD9D}} /* +2.0305219666e-01 */,{{0x98474AF1,0xBC67A12C}} /* -1.0247699700e-17 */ ,
                                                                 ~           ^~~~~~~~~~
crlibm/atan_fast.h:404:17: warning: implicit conversion changes signedness: 'unsigned int' to 'int' [-Wsign-conversion]
/*a[8]     */ {{0xB8975BD9,0x3FCC0D3A}} /* +2.1915372861e-01 */ ,
               ~^~~~~~~~~~
crlibm/atan_fast.h:405:17: warning: implicit conversion changes signedness: 'unsigned int' to 'int' [-Wsign-conversion]
/*b[8] :   */ {{0xBCBF6ABC,0x3FCDC24A}} /* +2.3249181954e-01 */ ,
               ~^~~~~~~~~~
crlibm/atan_fast.h:406:17: warning: implicit conversion changes signedness: 'unsigned int' to 'int' [-Wsign-conversion]
/*atan_b[8]*/ {{0xF0CE8DD9,0x3FCD3D50}} /* +2.2843372114e-01 */,{{0x3A31D353,0x3C6EF257}} /* +1.3420967238e-17 */ ,
               ~^~~~~~~~~~
crlibm/atan_fast.h:409:17: warning: implicit conversion changes signedness: 'unsigned int' to 'int' [-Wsign-conversion]
/*a[9]     */ {{0xFEE46885,0x3FCF79F0}} /* +2.4590885588e-01 */ ,
               ~^~~~~~~~~~
crlibm/atan_fast.h:410:17: warning: implicit conversion changes signedness: 'unsigned int' to 'int' [-Wsign-conversion]
/*b[9] :   */ {{0xFCF66B85,0x3FD09A2B}} /* +2.5940990165e-01 */ ,
               ~^~~~~~~~~~
crlibm/atan_fast.h:411:67: warning: implicit conversion changes signedness: 'unsigned int' to 'int' [-Wsign-conversion]
/*atan_b[9]*/ {{0x4CC62C6B,0x3FD03E82}} /* +2.5381524560e-01 */,{{0x95C6E482,0x3C5DA594}} /* +6.4286246635e-18 */ ,
                                                                 ~^~~~~~~~~~
crlibm/atan_fast.h:414:18: warning: implicit conversion changes signedness: 'unsigned int' to 'int' [-Wsign-conversion]
/*a[10]     */ {{0x943274CA,0x3FD178D5}} /* +2.7300013993e-01 */ ,
                ~^~~~~~~~~~
crlibm/atan_fast.h:415:18: warning: implicit conversion changes signedness: 'unsigned int' to 'int' [-Wsign-conversion]
/*b[10] :   */ {{0x8943E603,0x3FD2590B}} /* +2.8668487935e-01 */ ,
                ~^~~~~~~~~~
crlibm/atan_fast.h:419:18: warning: implicit conversion changes signedness: 'unsigned int' to 'int' [-Wsign-conversion]
/*a[11]     */ {{0xB2CFB5F7,0x3FD33AE4}} /* +3.0046956503e-01 */ ,
                ~^~~~~~~~~~
crlibm/atan_fast.h:420:18: warning: implicit conversion changes signedness: 'unsigned int' to 'int' [-Wsign-conversion]
/*b[11] :   */ {{0x81B0D1DF,0x3FD41E78}} /* +3.1435978570e-01 */ ,
                ~^~~~~~~~~~
crlibm/atan_fast.h:421:18: warning: implicit conversion changes signedness: 'unsigned int' to 'int' [-Wsign-conversion]
/*atan_b[11]*/ {{0xF5735AA1,0x3FD37E35}} /* +3.0457829447e-01 */,{{0x8D437AE9,0xBC772D05}} /* -2.0101859382e-17 */ ,
                ~^~~~~~~~~~
crlibm/atan_fast.h:421:68: warning: implicit conversion changes signedness: 'unsigned int' to 'int' [-Wsign-conversion]
/*atan_b[11]*/ {{0xF5735AA1,0x3FD37E35}} /* +3.0457829447e-01 */,{{0x8D437AE9,0xBC772D05}} /* -2.0101859382e-17 */ ,
                                                                  ~^~~~~~~~~~
crlibm/atan_fast.h:421:79: warning: implicit conversion changes signedness: 'unsigned int' to 'int' [-Wsign-conversion]
/*atan_b[11]*/ {{0xF5735AA1,0x3FD37E35}} /* +3.0457829447e-01 */,{{0x8D437AE9,0xBC772D05}} /* -2.0101859382e-17 */ ,
                                                                  ~           ^~~~~~~~~~
crlibm/atan_fast.h:426:18: warning: implicit conversion changes signedness: 'unsigned int' to 'int' [-Wsign-conversion]
/*atan_b[12]*/ {{0xC9C20060,0x3FD51E0F}} /* +3.2995981887e-01 */,{{0x20BA7A7B,0xBC6C0F53}} /* -1.2169025414e-17 */ ,
                ~^~~~~~~~~~
crlibm/atan_fast.h:426:79: warning: implicit conversion changes signedness: 'unsigned int' to 'int' [-Wsign-conversion]
/*atan_b[12]*/ {{0xC9C20060,0x3FD51E0F}} /* +3.2995981887e-01 */,{{0x20BA7A7B,0xBC6C0F53}} /* -1.2169025414e-17 */ ,
                                                                  ~           ^~~~~~~~~~
crlibm/atan_fast.h:430:18: warning: implicit conversion changes signedness: 'unsigned int' to 'int' [-Wsign-conversion]
/*b[13] :   */ {{0xAAF865B1,0x3FD7BFFE}} /* +3.7109343239e-01 */ ,
                ~^~~~~~~~~~
crlibm/atan_fast.h:431:18: warning: implicit conversion changes signedness: 'unsigned int' to 'int' [-Wsign-conversion]
/*atan_b[13]*/ {{0x9E0B9E67,0x3FD6BDE9}} /* +3.5534134325e-01 */,{{0x870D5E8E,0x3C797792}} /* +2.2089170409e-17 */ ,
                ~^~~~~~~~~~
crlibm/atan_fast.h:431:68: warning: implicit conversion changes signedness: 'unsigned int' to 'int' [-Wsign-conversion]
/*atan_b[13]*/ {{0x9E0B9E67,0x3FD6BDE9}} /* +3.5534134325e-01 */,{{0x870D5E8E,0x3C797792}} /* +2.2089170409e-17 */ ,
                                                                  ~^~~~~~~~~~
crlibm/atan_fast.h:434:18: warning: implicit conversion changes signedness: 'unsigned int' to 'int' [-Wsign-conversion]
/*a[14]     */ {{0x964ABFA5,0x3FD8ADAF}} /* +3.8560094525e-01 */ ,
                ~^~~~~~~~~~
crlibm/atan_fast.h:439:18: warning: implicit conversion changes signedness: 'unsigned int' to 'int' [-Wsign-conversion]
/*a[15]     */ {{0xE241114E,0x3FDA9031}} /* +4.1505095573e-01 */ ,
                ~^~~~~~~~~~
crlibm/atan_fast.h:441:68: warning: implicit conversion changes signedness: 'unsigned int' to 'int' [-Wsign-conversion]
/*atan_b[15]*/ {{0x4690A2C8,0x3FD9FD9D}} /* +4.0610439197e-01 */,{{0xEFB73034,0xBC6A048E}} /* -1.1283424731e-17 */ ,
                                                                  ~^~~~~~~~~~
crlibm/atan_fast.h:441:79: warning: implicit conversion changes signedness: 'unsigned int' to 'int' [-Wsign-conversion]
/*atan_b[15]*/ {{0x4690A2C8,0x3FD9FD9D}} /* +4.0610439197e-01 */,{{0xEFB73034,0xBC6A048E}} /* -1.1283424731e-17 */ ,
                                                                  ~           ^~~~~~~~~~
crlibm/atan_fast.h:444:18: warning: implicit conversion changes signedness: 'unsigned int' to 'int' [-Wsign-conversion]
/*a[16]     */ {{0xFB78B41D,0x3FDC7CFA}} /* +4.4512819822e-01 */ ,
                ~^~~~~~~~~~
crlibm/atan_fast.h:446:68: warning: implicit conversion changes signedness: 'unsigned int' to 'int' [-Wsign-conversion]
/*atan_b[16]*/ {{0x1ACC80A6,0x3FDB9D77}} /* +4.3148591630e-01 */,{{0xE8FB154D,0x3C6A9BD7}} /* +1.1539711581e-17 */ ,
                                                                  ~^~~~~~~~~~
crlibm/atan_fast.h:449:18: warning: implicit conversion changes signedness: 'unsigned int' to 'int' [-Wsign-conversion]
/*a[17]     */ {{0xD82B9DC6,0x3FDE7507}} /* +4.7589298354e-01 */ ,
                ~^~~~~~~~~~
crlibm/atan_fast.h:450:18: warning: implicit conversion changes signedness: 'unsigned int' to 'int' [-Wsign-conversion]
/*b[17] :   */ {{0xF3B4AACC,0x3FDF759B}} /* +4.9155329513e-01 */ ,
                ~^~~~~~~~~~
crlibm/atan_fast.h:451:18: warning: implicit conversion changes signedness: 'unsigned int' to 'int' [-Wsign-conversion]
/*atan_b[17]*/ {{0xEF044589,0x3FDD3D50}} /* +4.5686744062e-01 */,{{0x09E8652E,0x3C575857}} /* +5.0621568797e-18 */ ,
                ~^~~~~~~~~~
crlibm/atan_fast.h:455:18: warning: implicit conversion changes signedness: 'unsigned int' to 'int' [-Wsign-conversion]
/*b[18] :   */ {{0xD9952BEF,0x3FE0C049}} /* +5.2347271439e-01 */ ,
                ~^~~~~~~~~~
crlibm/atan_fast.h:456:18: warning: implicit conversion changes signedness: 'unsigned int' to 'int' [-Wsign-conversion]
/*atan_b[18]*/ {{0xC338344A,0x3FDEDD2A}} /* +4.8224896492e-01 */,{{0x81513292,0x3C23C787}} /* +5.3612202011e-19 */ ,
                ~^~~~~~~~~~
crlibm/atan_fast.h:456:68: warning: implicit conversion changes signedness: 'unsigned int' to 'int' [-Wsign-conversion]
/*atan_b[18]*/ {{0xC338344A,0x3FDEDD2A}} /* +4.8224896492e-01 */,{{0x81513292,0x3C23C787}} /* +5.3612202011e-19 */ ,
                                                                  ~^~~~~~~~~~
crlibm/atan_fast.h:459:18: warning: implicit conversion changes signedness: 'unsigned int' to 'int' [-Wsign-conversion]
/*a[19]     */ {{0xE826E4EA,0x3FE145A1}} /* +5.3975005476e-01 */ ,
                ~^~~~~~~~~~
crlibm/atan_fast.h:460:18: warning: implicit conversion changes signedness: 'unsigned int' to 'int' [-Wsign-conversion]
/*b[19] :   */ {{0xDDD96DE0,0x3FE1CCD0}} /* +5.5625193911e-01 */ ,
                ~^~~~~~~~~~
crlibm/atan_fast.h:464:18: warning: implicit conversion changes signedness: 'unsigned int' to 'int' [-Wsign-conversion]
/*a[20]     */ {{0xED462BAC,0x3FE255EB}} /* +5.7298847525e-01 */ ,
                ~^~~~~~~~~~
crlibm/atan_fast.h:469:18: warning: implicit conversion changes signedness: 'unsigned int' to 'int' [-Wsign-conversion]
/*a[21]     */ {{0xD4CDD9AC,0x3FE36E3F}} /* +6.0720817149e-01 */ ,
                ~^~~~~~~~~~
crlibm/atan_fast.h:470:18: warning: implicit conversion changes signedness: 'unsigned int' to 'int' [-Wsign-conversion]
/*b[21] :   */ {{0xF51235D9,0x3FE3FDA7}} /* +6.2471387735e-01 */ ,
                ~^~~~~~~~~~
crlibm/atan_fast.h:471:68: warning: implicit conversion changes signedness: 'unsigned int' to 'int' [-Wsign-conversion]
/*atan_b[21]*/ {{0x1FDFDE84,0x3FE1DE5C}} /* +5.5839353776e-01 */,{{0xD3921CA6,0x3C86FBEF}} /* +3.9871106783e-17 */ ,
                                                                  ~^~~~~~~~~~
crlibm/atan_fast.h:474:18: warning: implicit conversion changes signedness: 'unsigned int' to 'int' [-Wsign-conversion]
/*a[22]     */ {{0xE1FB2991,0x3FE48F5A}} /* +6.4249939095e-01 */ ,
                ~^~~~~~~~~~
crlibm/atan_fast.h:476:79: warning: implicit conversion changes signedness: 'unsigned int' to 'int' [-Wsign-conversion]
/*atan_b[22]*/ {{0x09F38FC9,0x3FE2AE49}} /* +5.8377506202e-01 */,{{0x058084C6,0xBC84BBB5}} /* -3.5966422408e-17 */ ,
                                                                  ~           ^~~~~~~~~~
crlibm/atan_fast.h:480:18: warning: implicit conversion changes signedness: 'unsigned int' to 'int' [-Wsign-conversion]
/*b[23] :   */ {{0xDA588D41,0x3FE65343}} /* +6.9766419073e-01 */ ,
                ~^~~~~~~~~~
crlibm/atan_fast.h:481:18: warning: implicit conversion changes signedness: 'unsigned int' to 'int' [-Wsign-conversion]
/*atan_b[23]*/ {{0xF4060E3D,0x3FE37E35}} /* +6.0915658627e-01 */,{{0xAE25B9B7,0x3BF6235C}} /* +7.5006911959e-20 */ ,
                ~^~~~~~~~~~
crlibm/atan_fast.h:481:68: warning: implicit conversion changes signedness: 'unsigned int' to 'int' [-Wsign-conversion]
/*atan_b[23]*/ {{0xF4060E3D,0x3FE37E35}} /* +6.0915658627e-01 */,{{0xAE25B9B7,0x3BF6235C}} /* +7.5006911959e-20 */ ,
                                                                  ~^~~~~~~~~~
crlibm/atan_fast.h:486:18: warning: implicit conversion changes signedness: 'unsigned int' to 'int' [-Wsign-conversion]
/*atan_b[24]*/ {{0xDE17817F,0x3FE44E22}} /* +6.3453811052e-01 */,{{0x1A6D25E3,0xBC85F46E}} /* -3.8085515717e-17 */ ,
                ~^~~~~~~~~~
crlibm/atan_fast.h:486:79: warning: implicit conversion changes signedness: 'unsigned int' to 'int' [-Wsign-conversion]
/*atan_b[24]*/ {{0xDE17817F,0x3FE44E22}} /* +6.3453811052e-01 */,{{0x1A6D25E3,0xBC85F46E}} /* -3.8085515717e-17 */ ,
                                                                  ~           ^~~~~~~~~~
crlibm/atan_fast.h:490:18: warning: implicit conversion changes signedness: 'unsigned int' to 'int' [-Wsign-conversion]
/*b[25] :   */ {{0xEE8B9555,0x3FE8D4CB}} /* +7.7597614852e-01 */ ,
                ~^~~~~~~~~~
crlibm/atan_fast.h:491:18: warning: implicit conversion changes signedness: 'unsigned int' to 'int' [-Wsign-conversion]
/*atan_b[25]*/ {{0xC82811DC,0x3FE51E0F}} /* +6.5991963475e-01 */,{{0xFCB9720C,0xBC81CCF7}} /* -3.0879221028e-17 */ ,
                ~^~~~~~~~~~
crlibm/atan_fast.h:491:68: warning: implicit conversion changes signedness: 'unsigned int' to 'int' [-Wsign-conversion]
/*atan_b[25]*/ {{0xC82811DC,0x3FE51E0F}} /* +6.5991963475e-01 */,{{0xFCB9720C,0xBC81CCF7}} /* -3.0879221028e-17 */ ,
                                                                  ~^~~~~~~~~~
crlibm/atan_fast.h:491:79: warning: implicit conversion changes signedness: 'unsigned int' to 'int' [-Wsign-conversion]
/*atan_b[25]*/ {{0xC82811DC,0x3FE51E0F}} /* +6.5991963475e-01 */,{{0xFCB9720C,0xBC81CCF7}} /* -3.0879221028e-17 */ ,
                                                                  ~           ^~~~~~~~~~
crlibm/atan_fast.h:496:18: warning: implicit conversion changes signedness: 'unsigned int' to 'int' [-Wsign-conversion]
/*atan_b[26]*/ {{0xB237E838,0x3FE5EDFC}} /* +6.8530115898e-01 */,{{0xF8F29048,0xBC833EA8}} /* -3.3384347049e-17 */ ,
                ~^~~~~~~~~~
crlibm/atan_fast.h:496:68: warning: implicit conversion changes signedness: 'unsigned int' to 'int' [-Wsign-conversion]
/*atan_b[26]*/ {{0xB237E838,0x3FE5EDFC}} /* +6.8530115898e-01 */,{{0xF8F29048,0xBC833EA8}} /* -3.3384347049e-17 */ ,
                                                                  ~^~~~~~~~~~
crlibm/atan_fast.h:496:79: warning: implicit conversion changes signedness: 'unsigned int' to 'int' [-Wsign-conversion]
/*atan_b[26]*/ {{0xB237E838,0x3FE5EDFC}} /* +6.8530115898e-01 */,{{0xF8F29048,0xBC833EA8}} /* -3.3384347049e-17 */ ,
                                                                  ~           ^~~~~~~~~~
crlibm/atan_fast.h:499:18: warning: implicit conversion changes signedness: 'unsigned int' to 'int' [-Wsign-conversion]
/*a[27]     */ {{0xFE730FCD,0x3FEAD7F3}} /* +8.3886146257e-01 */ ,
                ~^~~~~~~~~~
crlibm/atan_fast.h:501:18: warning: implicit conversion changes signedness: 'unsigned int' to 'int' [-Wsign-conversion]
/*atan_b[27]*/ {{0x9C472DF1,0x3FE6BDE9}} /* +7.1068268321e-01 */,{{0x80DED249,0x3C5E8127}} /* +6.6146109909e-18 */ ,
                ~^~~~~~~~~~
crlibm/atan_fast.h:501:68: warning: implicit conversion changes signedness: 'unsigned int' to 'int' [-Wsign-conversion]
/*atan_b[27]*/ {{0x9C472DF1,0x3FE6BDE9}} /* +7.1068268321e-01 */,{{0x80DED249,0x3C5E8127}} /* +6.6146109909e-18 */ ,
                                                                  ~^~~~~~~~~~
crlibm/atan_fast.h:504:18: warning: implicit conversion changes signedness: 'unsigned int' to 'int' [-Wsign-conversion]
/*a[28]     */ {{0xAA0A733E,0x3FEC41FA}} /* +8.8305409633e-01 */ ,
                ~^~~~~~~~~~
crlibm/atan_fast.h:506:18: warning: implicit conversion changes signedness: 'unsigned int' to 'int' [-Wsign-conversion]
/*atan_b[28]*/ {{0x86560CC5,0x3FE78DD6}} /* +7.3606420743e-01 */,{{0x9396D511,0xBC7E962F}} /* -2.6529701578e-17 */ ,
                ~^~~~~~~~~~
crlibm/atan_fast.h:506:68: warning: implicit conversion changes signedness: 'unsigned int' to 'int' [-Wsign-conversion]
/*atan_b[28]*/ {{0x86560CC5,0x3FE78DD6}} /* +7.3606420743e-01 */,{{0x9396D511,0xBC7E962F}} /* -2.6529701578e-17 */ ,
                                                                  ~^~~~~~~~~~
crlibm/atan_fast.h:506:79: warning: implicit conversion changes signedness: 'unsigned int' to 'int' [-Wsign-conversion]
/*atan_b[28]*/ {{0x86560CC5,0x3FE78DD6}} /* +7.3606420743e-01 */,{{0x9396D511,0xBC7E962F}} /* -2.6529701578e-17 */ ,
                                                                  ~           ^~~~~~~~~~
crlibm/atan_fast.h:509:18: warning: implicit conversion changes signedness: 'unsigned int' to 'int' [-Wsign-conversion]
/*a[29]     */ {{0xFAEEEADF,0x3FEDBC9B}} /* +9.2927359591e-01 */ ,
                ~^~~~~~~~~~
crlibm/atan_fast.h:510:18: warning: implicit conversion changes signedness: 'unsigned int' to 'int' [-Wsign-conversion]
/*b[29] :   */ {{0xF41419E7,0x3FEE80AB}} /* +9.5320699379e-01 */ ,
                ~^~~~~~~~~~
crlibm/atan_fast.h:516:68: warning: implicit conversion changes signedness: 'unsigned int' to 'int' [-Wsign-conversion]
/*atan_b[30]*/ {{0x5A733DE9,0x3FE92DB0}} /* +7.8682725588e-01 */,{{0xA318D041,0xBC6598C9}} /* -9.3661305872e-18 */ ,
                                                                  ~^~~~~~~~~~
crlibm/atan_fast.h:516:79: warning: implicit conversion changes signedness: 'unsigned int' to 'int' [-Wsign-conversion]
/*atan_b[30]*/ {{0x5A733DE9,0x3FE92DB0}} /* +7.8682725588e-01 */,{{0xA318D041,0xBC6598C9}} /* -9.3661305872e-18 */ ,
                                                                  ~           ^~~~~~~~~~
crlibm/atan_fast.h:519:18: warning: implicit conversion changes signedness: 'unsigned int' to 'int' [-Wsign-conversion]
/*a[31]     */ {{0x9AC922B4,0x3FF07555}} /* +1.0286460921e+00 */ ,
                ~^~~~~~~~~~
crlibm/atan_fast.h:521:68: warning: implicit conversion changes signedness: 'unsigned int' to 'int' [-Wsign-conversion]
/*atan_b[31]*/ {{0x4481E499,0x3FE9FD9D}} /* +8.1220878010e-01 */,{{0x9464A40D,0xBC82E89F}} /* -3.2801339756e-17 */ ,
                                                                  ~^~~~~~~~~~
crlibm/atan_fast.h:521:79: warning: implicit conversion changes signedness: 'unsigned int' to 'int' [-Wsign-conversion]
/*atan_b[31]*/ {{0x4481E499,0x3FE9FD9D}} /* +8.1220878010e-01 */,{{0x9464A40D,0xBC82E89F}} /* -3.2801339756e-17 */ ,
                                                                  ~           ^~~~~~~~~~
crlibm/atan_fast.h:525:18: warning: implicit conversion changes signedness: 'unsigned int' to 'int' [-Wsign-conversion]
/*b[32] :   */ {{0xDEC8DA1A,0x3FF1C388}} /* +1.1102379515e+00 */ ,
                ~^~~~~~~~~~
crlibm/atan_fast.h:526:68: warning: implicit conversion changes signedness: 'unsigned int' to 'int' [-Wsign-conversion]
/*atan_b[32]*/ {{0x2E90CCEA,0x3FEACD8A}} /* +8.3759030433e-01 */,{{0xFE4AC33B,0x3C60B8DB}} /* +7.2520578222e-18 */ ,
                                                                  ~^~~~~~~~~~
crlibm/atan_fast.h:530:18: warning: implicit conversion changes signedness: 'unsigned int' to 'int' [-Wsign-conversion]
/*b[33] :   */ {{0x8F9CF3AD,0x3FF2B26D}} /* +1.1685615168e+00 */ ,
                ~^~~~~~~~~~
crlibm/atan_fast.h:534:18: warning: implicit conversion changes signedness: 'unsigned int' to 'int' [-Wsign-conversion]
/*a[34]     */ {{0xE2DB7094,0x3FF32F3F}} /* +1.1990355360e+00 */ ,
                ~^~~~~~~~~~
crlibm/atan_fast.h:535:18: warning: implicit conversion changes signedness: 'unsigned int' to 'int' [-Wsign-conversion]
/*b[34] :   */ {{0xC485093A,0x3FF3AFED}} /* +1.2304513623e+00 */ ,
                ~^~~~~~~~~~
crlibm/atan_fast.h:536:68: warning: implicit conversion changes signedness: 'unsigned int' to 'int' [-Wsign-conversion]
/*atan_b[34]*/ {{0x02B00A17,0x3FEC6D64}} /* +8.8835335278e-01 */,{{0xC1E56981,0x3C5CF722}} /* +6.2808643065e-18 */ ,
                                                                  ~^~~~~~~~~~
crlibm/atan_fast.h:539:18: warning: implicit conversion changes signedness: 'unsigned int' to 'int' [-Wsign-conversion]
/*a[35]     */ {{0xD38A35D7,0x3FF434B0}} /* +1.2628639472e+00 */ ,
                ~^~~~~~~~~~
crlibm/atan_fast.h:541:18: warning: implicit conversion changes signedness: 'unsigned int' to 'int' [-Wsign-conversion]
/*atan_b[35]*/ {{0xECC0B1F8,0x3FED3D50}} /* +9.1373487702e-01 */,{{0xC689AE1B,0x3C8FFD9A}} /* +5.5494919315e-17 */ ,
                ~^~~~~~~~~~
crlibm/atan_fast.h:541:68: warning: implicit conversion changes signedness: 'unsigned int' to 'int' [-Wsign-conversion]
/*atan_b[35]*/ {{0xECC0B1F8,0x3FED3D50}} /* +9.1373487702e-01 */,{{0xC689AE1B,0x3C8FFD9A}} /* +5.5494919315e-17 */ ,
                                                                  ~^~~~~~~~~~
crlibm/atan_fast.h:546:18: warning: implicit conversion changes signedness: 'unsigned int' to 'int' [-Wsign-conversion]
/*atan_b[36]*/ {{0xD6D24151,0x3FEE0D3D}} /* +9.3911640126e-01 */,{{0xC830B564,0xBC654F0F}} /* -9.2412338910e-18 */ ,
                ~^~~~~~~~~~
crlibm/atan_fast.h:546:68: warning: implicit conversion changes signedness: 'unsigned int' to 'int' [-Wsign-conversion]
/*atan_b[36]*/ {{0xD6D24151,0x3FEE0D3D}} /* +9.3911640126e-01 */,{{0xC830B564,0xBC654F0F}} /* -9.2412338910e-18 */ ,
                                                                  ~^~~~~~~~~~
crlibm/atan_fast.h:546:79: warning: implicit conversion changes signedness: 'unsigned int' to 'int' [-Wsign-conversion]
/*atan_b[36]*/ {{0xD6D24151,0x3FEE0D3D}} /* +9.3911640126e-01 */,{{0xC830B564,0xBC654F0F}} /* -9.2412338910e-18 */ ,
                                                                  ~           ^~~~~~~~~~
crlibm/atan_fast.h:551:18: warning: implicit conversion changes signedness: 'unsigned int' to 'int' [-Wsign-conversion]
/*atan_b[37]*/ {{0xC0E4E05B,0x3FEEDD2A}} /* +9.6449792552e-01 */,{{0xBF676FFE,0xBC8FEAC3}} /* -5.5367254830e-17 */ ,
                ~^~~~~~~~~~
crlibm/atan_fast.h:551:68: warning: implicit conversion changes signedness: 'unsigned int' to 'int' [-Wsign-conversion]
/*atan_b[37]*/ {{0xC0E4E05B,0x3FEEDD2A}} /* +9.6449792552e-01 */,{{0xBF676FFE,0xBC8FEAC3}} /* -5.5367254830e-17 */ ,
                                                                  ~^~~~~~~~~~
crlibm/atan_fast.h:551:79: warning: implicit conversion changes signedness: 'unsigned int' to 'int' [-Wsign-conversion]
/*atan_b[37]*/ {{0xC0E4E05B,0x3FEEDD2A}} /* +9.6449792552e-01 */,{{0xBF676FFE,0xBC8FEAC3}} /* -5.5367254830e-17 */ ,
                                                                  ~           ^~~~~~~~~~
crlibm/atan_fast.h:554:18: warning: implicit conversion changes signedness: 'unsigned int' to 'int' [-Wsign-conversion]
/*a[38]     */ {{0xD0DEA3C6,0x3FF7B601}} /* +1.4819353255e+00 */ ,
                ~^~~~~~~~~~
crlibm/atan_fast.h:556:18: warning: implicit conversion changes signedness: 'unsigned int' to 'int' [-Wsign-conversion]
/*atan_b[38]*/ {{0xAAF8B69E,0x3FEFAD17}} /* +9.8987944978e-01 */,{{0xE69F3AF7,0x3C8B8DA3}} /* +4.7797325436e-17 */ ,
                ~^~~~~~~~~~
crlibm/atan_fast.h:556:68: warning: implicit conversion changes signedness: 'unsigned int' to 'int' [-Wsign-conversion]
/*atan_b[38]*/ {{0xAAF8B69E,0x3FEFAD17}} /* +9.8987944978e-01 */,{{0xE69F3AF7,0x3C8B8DA3}} /* +4.7797325436e-17 */ ,
                                                                  ~^~~~~~~~~~
crlibm/atan_fast.h:560:18: warning: implicit conversion changes signedness: 'unsigned int' to 'int' [-Wsign-conversion]
/*b[39] :   */ {{0x8AF460DF,0x3FF9C67F}} /* +1.6109614780e+00 */ ,
                ~^~~~~~~~~~
crlibm/atan_fast.h:561:68: warning: implicit conversion changes signedness: 'unsigned int' to 'int' [-Wsign-conversion]
/*atan_b[39]*/ {{0x4A86F56B,0x3FF03E82}} /* +1.0152609740e+00 */,{{0xDE1DF40B,0x3C8C4641}} /* +4.9048339280e-17 */ ,
                                                                  ~^~~~~~~~~~
crlibm/atan_fast.h:564:18: warning: implicit conversion changes signedness: 'unsigned int' to 'int' [-Wsign-conversion]
/*a[40]     */ {{0xD74CF791,0x3FFA854A}} /* +1.6575420771e+00 */ ,
                ~^~~~~~~~~~
crlibm/atan_fast.h:566:18: warning: implicit conversion changes signedness: 'unsigned int' to 'int' [-Wsign-conversion]
/*atan_b[40]*/ {{0xBF92516C,0x3FF0A678}} /* +1.0406424983e+00 */,{{0x6A0966AF,0xBC9194FF}} /* -6.0999893718e-17 */ ,
                ~^~~~~~~~~~
crlibm/atan_fast.h:566:79: warning: implicit conversion changes signedness: 'unsigned int' to 'int' [-Wsign-conversion]
/*atan_b[40]*/ {{0xBF92516C,0x3FF0A678}} /* +1.0406424983e+00 */,{{0x6A0966AF,0xBC9194FF}} /* -6.0999893718e-17 */ ,
                                                                  ~           ^~~~~~~~~~
crlibm/atan_fast.h:569:18: warning: implicit conversion changes signedness: 'unsigned int' to 'int' [-Wsign-conversion]
/*a[41]     */ {{0xB3972246,0x3FFC1C16}} /* +1.7568575874e+00 */ ,
                ~^~~~~~~~~~
crlibm/atan_fast.h:570:18: warning: implicit conversion changes signedness: 'unsigned int' to 'int' [-Wsign-conversion]
/*b[41] :   */ {{0x80F0B83E,0x3FFCF55E}} /* +1.8099045788e+00 */ ,
                ~^~~~~~~~~~
crlibm/atan_fast.h:574:18: warning: implicit conversion changes signedness: 'unsigned int' to 'int' [-Wsign-conversion]
/*a[42]     */ {{0xC6DB1831,0x3FFDD8DD}} /* +1.8654458778e+00 */ ,
                ~^~~~~~~~~~
crlibm/atan_fast.h:575:18: warning: implicit conversion changes signedness: 'unsigned int' to 'int' [-Wsign-conversion]
/*b[42] :   */ {{0x927D039C,0x3FFEC765}} /* +1.9236808512e+00 */ ,
                ~^~~~~~~~~~
crlibm/atan_fast.h:576:18: warning: implicit conversion changes signedness: 'unsigned int' to 'int' [-Wsign-conversion]
/*atan_b[42]*/ {{0xA9AB9836,0x3FF17665}} /* +1.0914055469e+00 */,{{0x7B9C115B,0xBC924DFA}} /* -6.3506850178e-17 */ ,
                ~^~~~~~~~~~
crlibm/atan_fast.h:576:79: warning: implicit conversion changes signedness: 'unsigned int' to 'int' [-Wsign-conversion]
/*atan_b[42]*/ {{0xA9AB9836,0x3FF17665}} /* +1.0914055469e+00 */,{{0x7B9C115B,0xBC924DFA}} /* -6.3506850178e-17 */ ,
                                                                  ~           ^~~~~~~~~~
crlibm/atan_fast.h:579:18: warning: implicit conversion changes signedness: 'unsigned int' to 'int' [-Wsign-conversion]
/*a[43]     */ {{0xA4F6D032,0x3FFFC1DD}} /* +1.9848305172e+00 */ ,
                ~^~~~~~~~~~
crlibm/atan_fast.h:580:18: warning: implicit conversion changes signedness: 'unsigned int' to 'int' [-Wsign-conversion]
/*b[43] :   */ {{0xCDEC630C,0x400064A3}} /* +2.0491405571e+00 */ ,
                ~^~~~~~~~~~
crlibm/atan_fast.h:581:79: warning: implicit conversion changes signedness: 'unsigned int' to 'int' [-Wsign-conversion]
/*atan_b[43]*/ {{0x1EB9A624,0x3FF1DE5C}} /* +1.1167870712e+00 */,{{0x595EC15D,0xBC7002F6}} /* -1.3887824475e-17 */ ,
                                                                  ~           ^~~~~~~~~~
crlibm/atan_fast.h:586:18: warning: implicit conversion changes signedness: 'unsigned int' to 'int' [-Wsign-conversion]
/*atan_b[44]*/ {{0x93C8BC28,0x3FF24652}} /* +1.1421685956e+00 */,{{0xC61E8575,0xBC8FE336}} /* -5.5316089441e-17 */ ,
                ~^~~~~~~~~~
crlibm/atan_fast.h:586:68: warning: implicit conversion changes signedness: 'unsigned int' to 'int' [-Wsign-conversion]
/*atan_b[44]*/ {{0x93C8BC28,0x3FF24652}} /* +1.1421685956e+00 */,{{0xC61E8575,0xBC8FE336}} /* -5.5316089441e-17 */ ,
                                                                  ~^~~~~~~~~~
crlibm/atan_fast.h:586:79: warning: implicit conversion changes signedness: 'unsigned int' to 'int' [-Wsign-conversion]
/*atan_b[44]*/ {{0x93C8BC28,0x3FF24652}} /* +1.1421685956e+00 */,{{0xC61E8575,0xBC8FE336}} /* -5.5316089441e-17 */ ,
                                                                  ~           ^~~~~~~~~~
crlibm/atan_fast.h:589:18: warning: implicit conversion changes signedness: 'unsigned int' to 'int' [-Wsign-conversion]
/*a[45]     */ {{0xFD9A80C1,0x40021C8B}} /* +2.2639388860e+00 */ ,
                ~^~~~~~~~~~
crlibm/atan_fast.h:591:79: warning: implicit conversion changes signedness: 'unsigned int' to 'int' [-Wsign-conversion]
/*atan_b[45]*/ {{0x08D8EA37,0x3FF2AE49}} /* +1.1675501199e+00 */,{{0x56281657,0xBC99C943}} /* -8.9463796524e-17 */ ,
                                                                  ~           ^~~~~~~~~~
crlibm/atan_fast.h:596:68: warning: implicit conversion changes signedness: 'unsigned int' to 'int' [-Wsign-conversion]
/*atan_b[46]*/ {{0x7DEA3F8C,0x3FF3163F}} /* +1.1929316443e+00 */,{{0x90EB721B,0x3C9AD329}} /* +9.3067404471e-17 */ ,
                                                                  ~^~~~~~~~~~
crlibm/atan_fast.h:599:18: warning: implicit conversion changes signedness: 'unsigned int' to 'int' [-Wsign-conversion]
/*a[47]     */ {{0xF069F1E4,0x4004ECBF}} /* +2.6156004698e+00 */ ,
                ~^~~~~~~~~~
crlibm/atan_fast.h:600:18: warning: implicit conversion changes signedness: 'unsigned int' to 'int' [-Wsign-conversion]
/*b[47] :   */ {{0xA99113B9,0x4005BF8F}} /* +2.7185357330e+00 */ ,
                ~^~~~~~~~~~
crlibm/atan_fast.h:601:18: warning: implicit conversion changes signedness: 'unsigned int' to 'int' [-Wsign-conversion]
/*atan_b[47]*/ {{0xF2FCCAA3,0x3FF37E35}} /* +1.2183131687e+00 */,{{0x8B3674F4,0xBC96C4D7}} /* -7.8995539059e-17 */ ,
                ~^~~~~~~~~~
crlibm/atan_fast.h:601:68: warning: implicit conversion changes signedness: 'unsigned int' to 'int' [-Wsign-conversion]
/*atan_b[47]*/ {{0xF2FCCAA3,0x3FF37E35}} /* +1.2183131687e+00 */,{{0x8B3674F4,0xBC96C4D7}} /* -7.8995539059e-17 */ ,
                                                                  ~^~~~~~~~~~
crlibm/atan_fast.h:601:79: warning: implicit conversion changes signedness: 'unsigned int' to 'int' [-Wsign-conversion]
/*atan_b[47]*/ {{0xF2FCCAA3,0x3FF37E35}} /* +1.2183131687e+00 */,{{0x8B3674F4,0xBC96C4D7}} /* -7.8995539059e-17 */ ,
                                                                  ~           ^~~~~~~~~~
crlibm/atan_fast.h:605:18: warning: implicit conversion changes signedness: 'unsigned int' to 'int' [-Wsign-conversion]
/*b[48] :   */ {{0xEECFDE39,0x40079423}} /* +2.9473341615e+00 */ ,
                ~^~~~~~~~~~
crlibm/atan_fast.h:611:18: warning: implicit conversion changes signedness: 'unsigned int' to 'int' [-Wsign-conversion]
/*atan_b[49]*/ {{0xDD25B7F0,0x3FF44E22}} /* +1.2690762175e+00 */,{{0x96299AC9,0xBC9AC408}} /* -9.2862370643e-17 */ ,
                ~^~~~~~~~~~
crlibm/atan_fast.h:611:68: warning: implicit conversion changes signedness: 'unsigned int' to 'int' [-Wsign-conversion]
/*atan_b[49]*/ {{0xDD25B7F0,0x3FF44E22}} /* +1.2690762175e+00 */,{{0x96299AC9,0xBC9AC408}} /* -9.2862370643e-17 */ ,
                                                                  ~^~~~~~~~~~
crlibm/atan_fast.h:611:79: warning: implicit conversion changes signedness: 'unsigned int' to 'int' [-Wsign-conversion]
/*atan_b[49]*/ {{0xDD25B7F0,0x3FF44E22}} /* +1.2690762175e+00 */,{{0x96299AC9,0xBC9AC408}} /* -9.2862370643e-17 */ ,
                                                                  ~           ^~~~~~~~~~
crlibm/atan_fast.h:616:68: warning: implicit conversion changes signedness: 'unsigned int' to 'int' [-Wsign-conversion]
/*atan_b[50]*/ {{0x523C32F8,0x3FF4B619}} /* +1.2944577420e+00 */,{{0x9A6CF82B,0x3C98372D}} /* +8.4014530055e-17 */ ,
                                                                  ~^~~~~~~~~~
crlibm/atan_fast.h:621:18: warning: implicit conversion changes signedness: 'unsigned int' to 'int' [-Wsign-conversion]
/*atan_b[51]*/ {{0xC7541555,0x3FF51E0F}} /* +1.3198392664e+00 */,{{0xD97CC177,0xBC4DA0E1}} /* -3.2123225727e-18 */ ,
                ~^~~~~~~~~~
crlibm/atan_fast.h:621:68: warning: implicit conversion changes signedness: 'unsigned int' to 'int' [-Wsign-conversion]
/*atan_b[51]*/ {{0xC7541555,0x3FF51E0F}} /* +1.3198392664e+00 */,{{0xD97CC177,0xBC4DA0E1}} /* -3.2123225727e-18 */ ,
                                                                  ~^~~~~~~~~~
crlibm/atan_fast.h:621:79: warning: implicit conversion changes signedness: 'unsigned int' to 'int' [-Wsign-conversion]
/*atan_b[51]*/ {{0xC7541555,0x3FF51E0F}} /* +1.3198392664e+00 */,{{0xD97CC177,0xBC4DA0E1}} /* -3.2123225727e-18 */ ,
                                                                  ~           ^~~~~~~~~~
crlibm/atan_fast.h:625:18: warning: implicit conversion changes signedness: 'unsigned int' to 'int' [-Wsign-conversion]
/*b[52] :   */ {{0x8D819944,0x40116E3D}} /* +4.3576566801e+00 */ ,
                ~^~~~~~~~~~
crlibm/atan_fast.h:626:68: warning: implicit conversion changes signedness: 'unsigned int' to 'int' [-Wsign-conversion]
/*atan_b[52]*/ {{0x3C6D692D,0x3FF58606}} /* +1.3452207909e+00 */,{{0xD9D13C46,0xBC7DAB9D}} /* -2.5734950076e-17 */ ,
                                                                  ~^~~~~~~~~~
crlibm/atan_fast.h:626:79: warning: implicit conversion changes signedness: 'unsigned int' to 'int' [-Wsign-conversion]
/*atan_b[52]*/ {{0x3C6D692D,0x3FF58606}} /* +1.3452207909e+00 */,{{0xD9D13C46,0xBC7DAB9D}} /* -2.5734950076e-17 */ ,
                                                                  ~           ^~~~~~~~~~
crlibm/atan_fast.h:629:18: warning: implicit conversion changes signedness: 'unsigned int' to 'int' [-Wsign-conversion]
/*a[53]     */ {{0x8BCE2241,0x4012813A}} /* +4.6261998982e+00 */ ,
                ~^~~~~~~~~~
crlibm/atan_fast.h:630:18: warning: implicit conversion changes signedness: 'unsigned int' to 'int' [-Wsign-conversion]
/*b[53] :   */ {{0x9F0E4EBF,0x4013B685}} /* +4.9282440999e+00 */ ,
                ~^~~~~~~~~~
crlibm/atan_fast.h:631:18: warning: implicit conversion changes signedness: 'unsigned int' to 'int' [-Wsign-conversion]
/*atan_b[53]*/ {{0xB18837B4,0x3FF5EDFC}} /* +1.3706023154e+00 */,{{0xBC854F71,0xBC858200}} /* -3.7310126753e-17 */ ,
                ~^~~~~~~~~~
crlibm/atan_fast.h:631:68: warning: implicit conversion changes signedness: 'unsigned int' to 'int' [-Wsign-conversion]
/*atan_b[53]*/ {{0xB18837B4,0x3FF5EDFC}} /* +1.3706023154e+00 */,{{0xBC854F71,0xBC858200}} /* -3.7310126753e-17 */ ,
                                                                  ~^~~~~~~~~~
crlibm/atan_fast.h:631:79: warning: implicit conversion changes signedness: 'unsigned int' to 'int' [-Wsign-conversion]
/*atan_b[53]*/ {{0xB18837B4,0x3FF5EDFC}} /* +1.3706023154e+00 */,{{0xBC854F71,0xBC858200}} /* -3.7310126753e-17 */ ,
                                                                  ~           ^~~~~~~~~~
crlibm/atan_fast.h:635:18: warning: implicit conversion changes signedness: 'unsigned int' to 'int' [-Wsign-conversion]
/*b[54] :   */ {{0xF3CD0189,0x4016A5E9}} /* +5.6620252699e+00 */ ,
                ~^~~~~~~~~~
crlibm/atan_fast.h:636:79: warning: implicit conversion changes signedness: 'unsigned int' to 'int' [-Wsign-conversion]
/*atan_b[54]*/ {{0x26A48924,0x3FF655F3}} /* +1.3959838399e+00 */,{{0x0EF07703,0xBC95DCD4}} /* -7.5851168241e-17 */ ,
                                                                  ~           ^~~~~~~~~~
crlibm/atan_fast.h:639:18: warning: implicit conversion changes signedness: 'unsigned int' to 'int' [-Wsign-conversion]
/*a[55]     */ {{0x9526FAB9,0x401874CE}} /* +6.1140693002e+00 */ ,
                ~^~~~~~~~~~
crlibm/atan_fast.h:640:18: warning: implicit conversion changes signedness: 'unsigned int' to 'int' [-Wsign-conversion]
/*b[55] :   */ {{0xBA057809,0x401A9194}} /* +6.6421689096e+00 */ ,
                ~^~~~~~~~~~
crlibm/atan_fast.h:641:18: warning: implicit conversion changes signedness: 'unsigned int' to 'int' [-Wsign-conversion]
/*atan_b[55]*/ {{0x9BC264B7,0x3FF6BDE9}} /* +1.4213653645e+00 */,{{0x555821B5,0x3C839FB7}} /* +3.4042024747e-17 */ ,
                ~^~~~~~~~~~
crlibm/atan_fast.h:644:18: warning: implicit conversion changes signedness: 'unsigned int' to 'int' [-Wsign-conversion]
/*a[56]     */ {{0xE094C913,0x401D11EB}} /* +7.2675013629e+00 */ ,
                ~^~~~~~~~~~
crlibm/atan_fast.h:645:18: warning: implicit conversion changes signedness: 'unsigned int' to 'int' [-Wsign-conversion]
/*b[56] :   */ {{0xA01EFACA,0x40200A31}} /* +8.0199098623e+00 */ ,
                ~^~~~~~~~~~
crlibm/atan_fast.h:650:18: warning: implicit conversion changes signedness: 'unsigned int' to 'int' [-Wsign-conversion]
/*b[57] :   */ {{0xFBA72898,0x40243445}} /* +1.0102096428e+01 */ ,
                ~^~~~~~~~~~
crlibm/atan_fast.h:651:18: warning: implicit conversion changes signedness: 'unsigned int' to 'int' [-Wsign-conversion]
/*atan_b[57]*/ {{0x8602D21D,0x3FF78DD6}} /* +1.4721284137e+00 */,{{0x4D2EA6E0,0xBC9FD7D6}} /* -1.1047799388e-16 */ ,
                ~^~~~~~~~~~
crlibm/atan_fast.h:651:79: warning: implicit conversion changes signedness: 'unsigned int' to 'int' [-Wsign-conversion]
/*atan_b[57]*/ {{0x8602D21D,0x3FF78DD6}} /* +1.4721284137e+00 */,{{0x4D2EA6E0,0xBC9FD7D6}} /* -1.1047799388e-16 */ ,
                                                                  ~           ^~~~~~~~~~
crlibm/atan_fast.h:654:18: warning: implicit conversion changes signedness: 'unsigned int' to 'int' [-Wsign-conversion]
/*a[58]     */ {{0xD0337C49,0x40273463}} /* +1.1602324015e+01 */ ,
                ~^~~~~~~~~~
crlibm/atan_fast.h:656:18: warning: implicit conversion changes signedness: 'unsigned int' to 'int' [-Wsign-conversion]
/*atan_b[58]*/ {{0xFB256D40,0x3FF7F5CC}} /* +1.4975099383e+00 */,{{0xA28CF77C,0x3C954E9E}} /* +7.3923881174e-17 */ ,
                ~^~~~~~~~~~
crlibm/atan_fast.h:656:68: warning: implicit conversion changes signedness: 'unsigned int' to 'int' [-Wsign-conversion]
/*atan_b[58]*/ {{0xFB256D40,0x3FF7F5CC}} /* +1.4975099383e+00 */,{{0xA28CF77C,0x3C954E9E}} /* +7.3923881174e-17 */ ,
                                                                  ~^~~~~~~~~~
crlibm/atan_fast.h:661:68: warning: implicit conversion changes signedness: 'unsigned int' to 'int' [-Wsign-conversion]
/*atan_b[59]*/ {{0x7049A526,0x3FF85DC3}} /* +1.5228914629e+00 */,{{0xE9374500,0xBC8424E5}} /* -3.4944500702e-17 */ ,
                                                                  ~^~~~~~~~~~
crlibm/atan_fast.h:661:79: warning: implicit conversion changes signedness: 'unsigned int' to 'int' [-Wsign-conversion]
/*atan_b[59]*/ {{0x7049A526,0x3FF85DC3}} /* +1.5228914629e+00 */,{{0xE9374500,0xBC8424E5}} /* -3.4944500702e-17 */ ,
                                                                  ~           ^~~~~~~~~~
crlibm/atan_fast.h:666:18: warning: implicit conversion changes signedness: 'unsigned int' to 'int' [-Wsign-conversion]
/*atan_b[60]*/ {{0xE56F7BD2,0x3FF8C5B9}} /* +1.5482729876e+00 */,{{0x2F7EC153,0xBC81D57A}} /* -3.0936877458e-17 */ ,
                ~^~~~~~~~~~
crlibm/atan_fast.h:666:79: warning: implicit conversion changes signedness: 'unsigned int' to 'int' [-Wsign-conversion]
/*atan_b[60]*/ {{0xE56F7BD2,0x3FF8C5B9}} /* +1.5482729876e+00 */,{{0x2F7EC153,0xBC81D57A}} /* -3.0936877458e-17 */ ,
                                                                  ~           ^~~~~~~~~~
crlibm/atan_fast.h:669:18: warning: implicit conversion changes signedness: 'unsigned int' to 'int' [-Wsign-conversion]
/*a[61]     */ {{0xFA9E0EF4,0x40596CC3}} /* +1.0169946161e+02 */ ,
                ~^~~~~~~~~~
crlibm/atan_fast.h:671:18: warning: implicit conversion changes signedness: 'unsigned int' to 'int' [-Wsign-conversion]
/*atan_b[61]*/ {{0xF333CBBA,0x3FF8F082}} /* +1.5587186337e+00 */,{{0x3909BC3A,0x3C952577}} /* +7.3366141099e-17 */ ,
                ~^~~~~~~~~~
crlibm/atan_fast.c:224:33: warning: implicit conversion changes signedness: 'unsigned int' to 'int' [-Wsign-conversion]
          {x_db.i[HI_ENDIAN]  = 0x80000000;
                              ~ ^~~~~~~~~~
167 warnings generated.
