ar: creating archive SixTrack_4530_crlibm_fast_gfortran_tilt_tracking_O3/crlibm/crlibm.a
a - SixTrack_4530_crlibm_fast_gfortran_tilt_tracking_O3/crlibm/csh_fast.o
a - SixTrack_4530_crlibm_fast_gfortran_tilt_tracking_O3/crlibm/trigo_fast.o
a - SixTrack_4530_crlibm_fast_gfortran_tilt_tracking_O3/crlibm/tan.o
a - SixTrack_4530_crlibm_fast_gfortran_tilt_tracking_O3/crlibm/sine.o
a - SixTrack_4530_crlibm_fast_gfortran_tilt_tracking_O3/crlibm/cosine.o
a - SixTrack_4530_crlibm_fast_gfortran_tilt_tracking_O3/crlibm/exp.o
a - SixTrack_4530_crlibm_fast_gfortran_tilt_tracking_O3/crlibm/exp_fast.o
a - SixTrack_4530_crlibm_fast_gfortran_tilt_tracking_O3/crlibm/logsix.o
a - SixTrack_4530_crlibm_fast_gfortran_tilt_tracking_O3/crlibm/log_fast.o
a - SixTrack_4530_crlibm_fast_gfortran_tilt_tracking_O3/crlibm/log10.o
a - SixTrack_4530_crlibm_fast_gfortran_tilt_tracking_O3/crlibm/atan.o
a - SixTrack_4530_crlibm_fast_gfortran_tilt_tracking_O3/crlibm/atan_fast.o
a - SixTrack_4530_crlibm_fast_gfortran_tilt_tracking_O3/crlibm/addition_scs.o
a - SixTrack_4530_crlibm_fast_gfortran_tilt_tracking_O3/crlibm/double2scs.o
a - SixTrack_4530_crlibm_fast_gfortran_tilt_tracking_O3/crlibm/multiplication_scs.o
a - SixTrack_4530_crlibm_fast_gfortran_tilt_tracking_O3/crlibm/division_scs.o
a - SixTrack_4530_crlibm_fast_gfortran_tilt_tracking_O3/crlibm/scs2double.o
a - SixTrack_4530_crlibm_fast_gfortran_tilt_tracking_O3/crlibm/zero_scs.o
a - SixTrack_4530_crlibm_fast_gfortran_tilt_tracking_O3/crlibm/ericc.o
a - SixTrack_4530_crlibm_fast_gfortran_tilt_tracking_O3/crlibm/disable_xp.o
a - SixTrack_4530_crlibm_fast_gfortran_tilt_tracking_O3/crlibm/enable_xp.o
a - SixTrack_4530_crlibm_fast_gfortran_tilt_tracking_O3/crlibm/round_near.o
a - SixTrack_4530_crlibm_fast_gfortran_tilt_tracking_O3/crlibm/dtoaf.o
a - SixTrack_4530_crlibm_fast_gfortran_tilt_tracking_O3/crlibm/dtoa_c.o
a - SixTrack_4530_crlibm_fast_gfortran_tilt_tracking_O3/crlibm/rem_pio2.o
