In file included from crlibm/double2scs.c:29:
crlibm/scs_private.h:77:47: warning: implicit conversion changes signedness: 'unsigned int' to 'int' [-Wsign-conversion]
 static const db_number max_double        = {{0xFFFFFFFF ,                             0x7FEFFFFF }}; 
                                             ~^~~~~~~~~~
crlibm/double2scs.c:95:38: warning: implicit conversion changes signedness: 'int' to 'unsigned int' [-Wsign-conversion]
    R_HW[1] = (mantissa.i[HI_ENDIAN] >> (32 - SCS_NB_BITS))& SCS_MASK_RADIX ;
               ~~~~~~~~~~~~~~~~~~~~~~^~~~~~~~~~~~~~~~~~~~~ ~
crlibm/double2scs.c:97:38: warning: implicit conversion changes signedness: 'int' to 'unsigned int' [-Wsign-conversion]
    R_HW[2] = (mantissa.i[HI_ENDIAN] >> (32 - SCS_NB_BITS))& SCS_MASK_RADIX ;
               ~~~~~~~~~~~~~~~~~~~~~~^~~~~~~~~~~~~~~~~~~~~ ~
crlibm/double2scs.c:91:26: warning: implicit conversion loses integer precision: 'unsigned long long' to 'unsigned int' [-Wshorten-64-to-32]
    R_HW[0] = mantissa.l >> (53 - exponent_remainder);
            ~ ~~~~~~~~~~~^~~~~~~~~~~~~~~~~~~~~~~~~~~~
crlibm/double2scs.c:152:30: warning: implicit conversion changes signedness: 'int' to 'unsigned int' [-Wsign-conversion]
  if(x>=0){R_SGN = 1;   ux = x;}
                           ~ ^
crlibm/double2scs.c:153:30: warning: implicit conversion changes signedness: 'int' to 'unsigned int' [-Wsign-conversion]
  else    {R_SGN = -1;  ux = -x;}
                           ~ ^~
6 warnings generated.
