In file included from crlibm/exp_fast.c:4:
In file included from crlibm/crlibm_private.h:12:
crlibm/scs_private.h:77:47: warning: implicit conversion changes signedness: 'unsigned int' to 'int' [-Wsign-conversion]
 static const db_number max_double        = {{0xFFFFFFFF ,                             0x7FEFFFFF }}; 
                                             ~^~~~~~~~~~
In file included from crlibm/exp_fast.c:5:
crlibm/exp_fast.h:183:6: warning: implicit conversion changes signedness: 'unsigned int' to 'int' [-Wsign-conversion]
         {{{0xc8245a9b, 0x3fe69a59}}, {{0x08d2236c, 0xbc7f8636}}}, 
           ~^~~~~~~~~~
crlibm/exp_fast.h:183:46: warning: implicit conversion changes signedness: 'unsigned int' to 'int' [-Wsign-conversion]
         {{{0xc8245a9b, 0x3fe69a59}}, {{0x08d2236c, 0xbc7f8636}}}, 
                                       ~            ^~~~~~~~~~
crlibm/exp_fast.h:184:34: warning: implicit conversion changes signedness: 'unsigned int' to 'int' [-Wsign-conversion]
         {{{0x72deb89d, 0x3fe6b0ff}}, {{0x975c0c02, 0xbc6dabf5}}}, 
                                       ~^~~~~~~~~~
crlibm/exp_fast.h:184:46: warning: implicit conversion changes signedness: 'unsigned int' to 'int' [-Wsign-conversion]
         {{{0x72deb89d, 0x3fe6b0ff}}, {{0x975c0c02, 0xbc6dabf5}}}, 
                                       ~            ^~~~~~~~~~
crlibm/exp_fast.h:185:6: warning: implicit conversion changes signedness: 'unsigned int' to 'int' [-Wsign-conversion]
         {{{0xce9a6d93, 0x3fe6c7bb}}, {{0xac498e17, 0x3c6606ca}}}, 
           ~^~~~~~~~~~
crlibm/exp_fast.h:185:34: warning: implicit conversion changes signedness: 'unsigned int' to 'int' [-Wsign-conversion]
         {{{0xce9a6d93, 0x3fe6c7bb}}, {{0xac498e17, 0x3c6606ca}}}, 
                                       ~^~~~~~~~~~
crlibm/exp_fast.h:186:6: warning: implicit conversion changes signedness: 'unsigned int' to 'int' [-Wsign-conversion]
         {{{0xf213d71e, 0x3fe6de8e}}, {{0x176bde7b, 0x3c68b72d}}}, 
           ~^~~~~~~~~~
crlibm/exp_fast.h:187:6: warning: implicit conversion changes signedness: 'unsigned int' to 'int' [-Wsign-conversion]
         {{{0xf41e1a9e, 0x3fe6f578}}, {{0xbbf87f0c, 0x3c8067f8}}}, 
           ~^~~~~~~~~~
crlibm/exp_fast.h:187:34: warning: implicit conversion changes signedness: 'unsigned int' to 'int' [-Wsign-conversion]
         {{{0xf41e1a9e, 0x3fe6f578}}, {{0xbbf87f0c, 0x3c8067f8}}}, 
                                       ~^~~~~~~~~~
crlibm/exp_fast.h:188:6: warning: implicit conversion changes signedness: 'unsigned int' to 'int' [-Wsign-conversion]
         {{{0xeba33c07, 0x3fe70c79}}, {{0x227465a1, 0xbc858b71}}}, 
           ~^~~~~~~~~~
crlibm/exp_fast.h:188:46: warning: implicit conversion changes signedness: 'unsigned int' to 'int' [-Wsign-conversion]
         {{{0xeba33c07, 0x3fe70c79}}, {{0x227465a1, 0xbc858b71}}}, 
                                       ~            ^~~~~~~~~~
crlibm/exp_fast.h:189:6: warning: implicit conversion changes signedness: 'unsigned int' to 'int' [-Wsign-conversion]
         {{{0xefa434c7, 0x3fe72391}}, {{0x5858922d, 0x3c790909}}}, 
           ~^~~~~~~~~~
crlibm/exp_fast.h:191:34: warning: implicit conversion changes signedness: 'unsigned int' to 'int' [-Wsign-conversion]
         {{{0x7990e79d, 0x3fe75207}}, {{0x9989f030, 0xbc38d112}}}, 
                                       ~^~~~~~~~~~
crlibm/exp_fast.h:191:46: warning: implicit conversion changes signedness: 'unsigned int' to 'int' [-Wsign-conversion]
         {{{0x7990e79d, 0x3fe75207}}, {{0x9989f030, 0xbc38d112}}}, 
                                       ~            ^~~~~~~~~~
crlibm/exp_fast.h:193:34: warning: implicit conversion changes signedness: 'unsigned int' to 'int' [-Wsign-conversion]
         {{{0x4bba98c5, 0x3fe780da}}, {{0xbb9bba43, 0xbc8f43e3}}}, 
                                       ~^~~~~~~~~~
crlibm/exp_fast.h:193:46: warning: implicit conversion changes signedness: 'unsigned int' to 'int' [-Wsign-conversion]
         {{{0x4bba98c5, 0x3fe780da}}, {{0xbb9bba43, 0xbc8f43e3}}}, 
                                       ~            ^~~~~~~~~~
crlibm/exp_fast.h:194:6: warning: implicit conversion changes signedness: 'unsigned int' to 'int' [-Wsign-conversion]
         {{{0xea5f432d, 0x3fe79866}}, {{0xa100a0a9, 0x3c71339c}}}, 
           ~^~~~~~~~~~
crlibm/exp_fast.h:194:34: warning: implicit conversion changes signedness: 'unsigned int' to 'int' [-Wsign-conversion]
         {{{0xea5f432d, 0x3fe79866}}, {{0xa100a0a9, 0x3c71339c}}}, 
                                       ~^~~~~~~~~~
crlibm/exp_fast.h:195:34: warning: implicit conversion changes signedness: 'unsigned int' to 'int' [-Wsign-conversion]
         {{{0x216ccf53, 0x3fe7b00b}}, {{0xf8f3b151, 0xbc250309}}}, 
                                       ~^~~~~~~~~~
crlibm/exp_fast.h:195:46: warning: implicit conversion changes signedness: 'unsigned int' to 'int' [-Wsign-conversion]
         {{{0x216ccf53, 0x3fe7b00b}}, {{0xf8f3b151, 0xbc250309}}}, 
                                       ~            ^~~~~~~~~~
crlibm/exp_fast.h:196:34: warning: implicit conversion changes signedness: 'unsigned int' to 'int' [-Wsign-conversion]
         {{{0x0887763c, 0x3fe7c7c7}}, {{0x82553231, 0xbc309aa6}}}, 
                                       ~^~~~~~~~~~
crlibm/exp_fast.h:196:46: warning: implicit conversion changes signedness: 'unsigned int' to 'int' [-Wsign-conversion]
         {{{0x0887763c, 0x3fe7c7c7}}, {{0x82553231, 0xbc309aa6}}}, 
                                       ~            ^~~~~~~~~~
crlibm/exp_fast.h:197:6: warning: implicit conversion changes signedness: 'unsigned int' to 'int' [-Wsign-conversion]
         {{{0xb76b20fd, 0x3fe7df9a}}, {{0x24b9c90b, 0x3c6a59e5}}}, 
           ~^~~~~~~~~~
crlibm/exp_fast.h:199:6: warning: implicit conversion changes signedness: 'unsigned int' to 'int' [-Wsign-conversion]
         {{{0xcbf42526, 0x3fe80f89}}, {{0x68151806, 0x3c8097b1}}}, 
           ~^~~~~~~~~~
crlibm/exp_fast.h:200:34: warning: implicit conversion changes signedness: 'unsigned int' to 'int' [-Wsign-conversion]
         {{{0x61889716, 0x3fe827a5}}, {{0xb63020c1, 0xbc66b2ea}}}, 
                                       ~^~~~~~~~~~
crlibm/exp_fast.h:200:46: warning: implicit conversion changes signedness: 'unsigned int' to 'int' [-Wsign-conversion]
         {{{0x61889716, 0x3fe827a5}}, {{0xb63020c1, 0xbc66b2ea}}}, 
                                       ~            ^~~~~~~~~~
crlibm/exp_fast.h:202:34: warning: implicit conversion changes signedness: 'unsigned int' to 'int' [-Wsign-conversion]
         {{{0x1bdb68b9, 0x3fe85825}}, {{0xf562c66e, 0xbc844395}}}, 
                                       ~^~~~~~~~~~
crlibm/exp_fast.h:202:46: warning: implicit conversion changes signedness: 'unsigned int' to 'int' [-Wsign-conversion]
         {{{0x1bdb68b9, 0x3fe85825}}, {{0xf562c66e, 0xbc844395}}}, 
                                       ~            ^~~~~~~~~~
crlibm/exp_fast.h:203:34: warning: implicit conversion changes signedness: 'unsigned int' to 'int' [-Wsign-conversion]
         {{{0x711986c9, 0x3fe87089}}, {{0x87fec2bb, 0x3c81125a}}}, 
                                       ~^~~~~~~~~~
crlibm/exp_fast.h:204:34: warning: implicit conversion changes signedness: 'unsigned int' to 'int' [-Wsign-conversion]
         {{{0x36e31f54, 0x3fe88906}}, {{0xd8d982ed, 0x3c7d9c29}}}, 
                                       ~^~~~~~~~~~
crlibm/exp_fast.h:205:6: warning: implicit conversion changes signedness: 'unsigned int' to 'int' [-Wsign-conversion]
         {{{0x85b4fa2e, 0x3fe8a19b}}, {{0x6bec2e05, 0xbc8b751b}}}, 
           ~^~~~~~~~~~
crlibm/exp_fast.h:205:46: warning: implicit conversion changes signedness: 'unsigned int' to 'int' [-Wsign-conversion]
         {{{0x85b4fa2e, 0x3fe8a19b}}, {{0x6bec2e05, 0xbc8b751b}}}, 
                                       ~            ^~~~~~~~~~
crlibm/exp_fast.h:206:46: warning: implicit conversion changes signedness: 'unsigned int' to 'int' [-Wsign-conversion]
         {{{0x76246834, 0x3fe8ba49}}, {{0x10320114, 0xbc8aad78}}}, 
                                       ~            ^~~~~~~~~~
crlibm/exp_fast.h:207:34: warning: implicit conversion changes signedness: 'unsigned int' to 'int' [-Wsign-conversion]
         {{{0x20df5be4, 0x3fe8d310}}, {{0xda6ddb12, 0x3c78afbf}}}, 
                                       ~^~~~~~~~~~
crlibm/exp_fast.h:208:6: warning: implicit conversion changes signedness: 'unsigned int' to 'int' [-Wsign-conversion]
         {{{0x9eac820b, 0x3fe8ebef}}, {{0x686c5393, 0xbc6797d4}}}, 
           ~^~~~~~~~~~
crlibm/exp_fast.h:208:46: warning: implicit conversion changes signedness: 'unsigned int' to 'int' [-Wsign-conversion]
         {{{0x9eac820b, 0x3fe8ebef}}, {{0x686c5393, 0xbc6797d4}}}, 
                                       ~            ^~~~~~~~~~
crlibm/exp_fast.h:209:46: warning: implicit conversion changes signedness: 'unsigned int' to 'int' [-Wsign-conversion]
         {{{0x086b5a88, 0x3fe904e8}}, {{0x437e6df7, 0xbc8fe497}}}, 
                                       ~            ^~~~~~~~~~
crlibm/exp_fast.h:210:34: warning: implicit conversion changes signedness: 'unsigned int' to 'int' [-Wsign-conversion]
         {{{0x7714512e, 0x3fe91df9}}, {{0x9d163339, 0xbc8ea1cb}}}, 
                                       ~^~~~~~~~~~
crlibm/exp_fast.h:210:46: warning: implicit conversion changes signedness: 'unsigned int' to 'int' [-Wsign-conversion]
         {{{0x7714512e, 0x3fe91df9}}, {{0x9d163339, 0xbc8ea1cb}}}, 
                                       ~            ^~~~~~~~~~
crlibm/exp_fast.h:211:46: warning: implicit conversion changes signedness: 'unsigned int' to 'int' [-Wsign-conversion]
         {{{0x03b8d6bd, 0x3fe93724}}, {{0x35693486, 0xbc82216c}}}, 
                                       ~            ^~~~~~~~~~
crlibm/exp_fast.h:212:6: warning: implicit conversion changes signedness: 'unsigned int' to 'int' [-Wsign-conversion]
         {{{0xc78379f2, 0x3fe95067}}, {{0x3e8cd60f, 0x3c8f483a}}}, 
           ~^~~~~~~~~~
crlibm/exp_fast.h:213:6: warning: implicit conversion changes signedness: 'unsigned int' to 'int' [-Wsign-conversion]
         {{{0xdbb800b4, 0x3fe969c4}}, {{0x6224bd94, 0x3c8d2bfa}}}, 
           ~^~~~~~~~~~
crlibm/exp_fast.h:215:34: warning: implicit conversion changes signedness: 'unsigned int' to 'int' [-Wsign-conversion]
         {{{0x5aec7bed, 0x3fe99ccb}}, {{0xdc9b22dd, 0xbc8dc4e3}}}, 
                                       ~^~~~~~~~~~
crlibm/exp_fast.h:215:46: warning: implicit conversion changes signedness: 'unsigned int' to 'int' [-Wsign-conversion]
         {{{0x5aec7bed, 0x3fe99ccb}}, {{0xdc9b22dd, 0xbc8dc4e3}}}, 
                                       ~            ^~~~~~~~~~
crlibm/exp_fast.h:216:6: warning: implicit conversion changes signedness: 'unsigned int' to 'int' [-Wsign-conversion]
         {{{0xf8f2f3d8, 0x3fe9b674}}, {{0xbb129094, 0xbc851bfd}}}, 
           ~^~~~~~~~~~
crlibm/exp_fast.h:216:34: warning: implicit conversion changes signedness: 'unsigned int' to 'int' [-Wsign-conversion]
         {{{0xf8f2f3d8, 0x3fe9b674}}, {{0xbb129094, 0xbc851bfd}}}, 
                                       ~^~~~~~~~~~
crlibm/exp_fast.h:216:46: warning: implicit conversion changes signedness: 'unsigned int' to 'int' [-Wsign-conversion]
         {{{0xf8f2f3d8, 0x3fe9b674}}, {{0xbb129094, 0xbc851bfd}}}, 
                                       ~            ^~~~~~~~~~
crlibm/exp_fast.h:217:34: warning: implicit conversion changes signedness: 'unsigned int' to 'int' [-Wsign-conversion]
         {{{0x4d708940, 0x3fe9d038}}, {{0x9e75e4dd, 0xbc8b1090}}}, 
                                       ~^~~~~~~~~~
crlibm/exp_fast.h:217:46: warning: implicit conversion changes signedness: 'unsigned int' to 'int' [-Wsign-conversion]
         {{{0x4d708940, 0x3fe9d038}}, {{0x9e75e4dd, 0xbc8b1090}}}, 
                                       ~            ^~~~~~~~~~
crlibm/exp_fast.h:219:6: warning: implicit conversion changes signedness: 'unsigned int' to 'int' [-Wsign-conversion]
         {{{0x80f8374f, 0x3fea040c}}, {{0x2ed9db3e, 0x3c66ef28}}}, 
           ~^~~~~~~~~~
crlibm/exp_fast.h:220:6: warning: implicit conversion changes signedness: 'unsigned int' to 'int' [-Wsign-conversion]
         {{{0x93d687d0, 0x3fea1e1d}}, {{0xdaece8f9, 0x3c5e3a6b}}}, 
           ~^~~~~~~~~~
crlibm/exp_fast.h:220:34: warning: implicit conversion changes signedness: 'unsigned int' to 'int' [-Wsign-conversion]
         {{{0x93d687d0, 0x3fea1e1d}}, {{0xdaece8f9, 0x3c5e3a6b}}}, 
                                       ~^~~~~~~~~~
crlibm/exp_fast.h:221:6: warning: implicit conversion changes signedness: 'unsigned int' to 'int' [-Wsign-conversion]
         {{{0xc4d49955, 0x3fea3848}}, {{0x5ac8853a, 0xbc7e5572}}}, 
           ~^~~~~~~~~~
crlibm/exp_fast.h:221:46: warning: implicit conversion changes signedness: 'unsigned int' to 'int' [-Wsign-conversion]
         {{{0xc4d49955, 0x3fea3848}}, {{0x5ac8853a, 0xbc7e5572}}}, 
                                       ~            ^~~~~~~~~~
crlibm/exp_fast.h:222:34: warning: implicit conversion changes signedness: 'unsigned int' to 'int' [-Wsign-conversion]
         {{{0x2e1d9f0a, 0x3fea528e}}, {{0xe0c2d3d4, 0xbc8daf2a}}}, 
                                       ~^~~~~~~~~~
crlibm/exp_fast.h:222:46: warning: implicit conversion changes signedness: 'unsigned int' to 'int' [-Wsign-conversion]
         {{{0x2e1d9f0a, 0x3fea528e}}, {{0xe0c2d3d4, 0xbc8daf2a}}}, 
                                       ~            ^~~~~~~~~~
crlibm/exp_fast.h:223:6: warning: implicit conversion changes signedness: 'unsigned int' to 'int' [-Wsign-conversion]
         {{{0xe9f70468, 0x3fea6ced}}, {{0xc77638a1, 0xbc72eff4}}}, 
           ~^~~~~~~~~~
crlibm/exp_fast.h:223:34: warning: implicit conversion changes signedness: 'unsigned int' to 'int' [-Wsign-conversion]
         {{{0xe9f70468, 0x3fea6ced}}, {{0xc77638a1, 0xbc72eff4}}}, 
                                       ~^~~~~~~~~~
crlibm/exp_fast.h:223:46: warning: implicit conversion changes signedness: 'unsigned int' to 'int' [-Wsign-conversion]
         {{{0xe9f70468, 0x3fea6ced}}, {{0xc77638a1, 0xbc72eff4}}}, 
                                       ~            ^~~~~~~~~~
crlibm/exp_fast.h:224:46: warning: implicit conversion changes signedness: 'unsigned int' to 'int' [-Wsign-conversion]
         {{{0x12c0877c, 0x3fea8768}}, {{0x26fadd44, 0xbc7fd362}}}, 
                                       ~            ^~~~~~~~~~
crlibm/exp_fast.h:225:6: warning: implicit conversion changes signedness: 'unsigned int' to 'int' [-Wsign-conversion]
         {{{0xc2f45344, 0x3feaa1fc}}, {{0xfa5b95a0, 0xbc8a0bc2}}}, 
           ~^~~~~~~~~~
crlibm/exp_fast.h:225:34: warning: implicit conversion changes signedness: 'unsigned int' to 'int' [-Wsign-conversion]
         {{{0xc2f45344, 0x3feaa1fc}}, {{0xfa5b95a0, 0xbc8a0bc2}}}, 
                                       ~^~~~~~~~~~
crlibm/exp_fast.h:225:46: warning: implicit conversion changes signedness: 'unsigned int' to 'int' [-Wsign-conversion]
         {{{0xc2f45344, 0x3feaa1fc}}, {{0xfa5b95a0, 0xbc8a0bc2}}}, 
                                       ~            ^~~~~~~~~~
crlibm/exp_fast.h:226:34: warning: implicit conversion changes signedness: 'unsigned int' to 'int' [-Wsign-conversion]
         {{{0x15271a2a, 0x3feabcac}}, {{0xd0341ab0, 0x3c7d887c}}}, 
                                       ~^~~~~~~~~~
crlibm/exp_fast.h:227:34: warning: implicit conversion changes signedness: 'unsigned int' to 'int' [-Wsign-conversion]
         {{{0x2408309c, 0x3fead776}}, {{0x82340b91, 0xbc8204e1}}}, 
                                       ~^~~~~~~~~~
crlibm/exp_fast.h:227:46: warning: implicit conversion changes signedness: 'unsigned int' to 'int' [-Wsign-conversion]
         {{{0x2408309c, 0x3fead776}}, {{0x82340b91, 0xbc8204e1}}}, 
                                       ~            ^~~~~~~~~~
crlibm/exp_fast.h:228:46: warning: implicit conversion changes signedness: 'unsigned int' to 'int' [-Wsign-conversion]
         {{{0x0a61a7b5, 0x3feaf25b}}, {{0x2a1a618b, 0xbc8676a5}}}, 
                                       ~            ^~~~~~~~~~
crlibm/exp_fast.h:229:6: warning: implicit conversion changes signedness: 'unsigned int' to 'int' [-Wsign-conversion]
         {{{0xe318680c, 0x3feb0d5a}}, {{0xeab2fb84, 0x3c7d6252}}}, 
           ~^~~~~~~~~~
crlibm/exp_fast.h:229:34: warning: implicit conversion changes signedness: 'unsigned int' to 'int' [-Wsign-conversion]
         {{{0xe318680c, 0x3feb0d5a}}, {{0xeab2fb84, 0x3c7d6252}}}, 
                                       ~^~~~~~~~~~
crlibm/exp_fast.h:230:6: warning: implicit conversion changes signedness: 'unsigned int' to 'int' [-Wsign-conversion]
         {{{0xc92c4c99, 0x3feb2875}}, {{0x420ad283, 0x3c79776b}}}, 
           ~^~~~~~~~~~
crlibm/exp_fast.h:231:6: warning: implicit conversion changes signedness: 'unsigned int' to 'int' [-Wsign-conversion]
         {{{0xd7b83db2, 0x3feb43ab}}, {{0x99dc1248, 0xbc83b931}}}, 
           ~^~~~~~~~~~
crlibm/exp_fast.h:231:34: warning: implicit conversion changes signedness: 'unsigned int' to 'int' [-Wsign-conversion]
         {{{0xd7b83db2, 0x3feb43ab}}, {{0x99dc1248, 0xbc83b931}}}, 
                                       ~^~~~~~~~~~
crlibm/exp_fast.h:231:46: warning: implicit conversion changes signedness: 'unsigned int' to 'int' [-Wsign-conversion]
         {{{0xd7b83db2, 0x3feb43ab}}, {{0x99dc1248, 0xbc83b931}}}, 
                                       ~            ^~~~~~~~~~
crlibm/exp_fast.h:233:6: warning: implicit conversion changes signedness: 'unsigned int' to 'int' [-Wsign-conversion]
         {{{0xdb2bcc77, 0x3feb7a69}}, {{0x889d0c09, 0x3c8b00ca}}}, 
           ~^~~~~~~~~~
crlibm/exp_fast.h:233:34: warning: implicit conversion changes signedness: 'unsigned int' to 'int' [-Wsign-conversion]
         {{{0xdb2bcc77, 0x3feb7a69}}, {{0x889d0c09, 0x3c8b00ca}}}, 
                                       ~^~~~~~~~~~
crlibm/exp_fast.h:235:6: warning: implicit conversion changes signedness: 'unsigned int' to 'int' [-Wsign-conversion]
         {{{0xc86b6b29, 0x3febb195}}, {{0x3f1a5d93, 0x3c547c5c}}}, 
           ~^~~~~~~~~~
crlibm/exp_fast.h:237:34: warning: implicit conversion changes signedness: 'unsigned int' to 'int' [-Wsign-conversion]
         {{{0x7c271855, 0x3febe930}}, {{0xea1578b2, 0xbc513dad}}}, 
                                       ~^~~~~~~~~~
crlibm/exp_fast.h:237:46: warning: implicit conversion changes signedness: 'unsigned int' to 'int' [-Wsign-conversion]
         {{{0x7c271855, 0x3febe930}}, {{0xea1578b2, 0xbc513dad}}}, 
                                       ~            ^~~~~~~~~~
crlibm/exp_fast.h:238:6: warning: implicit conversion changes signedness: 'unsigned int' to 'int' [-Wsign-conversion]
         {{{0xa5e384de, 0x3fec0527}}, {{0x70e59b65, 0xbc78bba1}}}, 
           ~^~~~~~~~~~
crlibm/exp_fast.h:238:46: warning: implicit conversion changes signedness: 'unsigned int' to 'int' [-Wsign-conversion]
         {{{0xa5e384de, 0x3fec0527}}, {{0x70e59b65, 0xbc78bba1}}}, 
                                       ~            ^~~~~~~~~~
crlibm/exp_fast.h:239:6: warning: implicit conversion changes signedness: 'unsigned int' to 'int' [-Wsign-conversion]
         {{{0xd4c9ed0e, 0x3fec213a}}, {{0x4bc47afb, 0xbc8cec80}}}, 
           ~^~~~~~~~~~
crlibm/exp_fast.h:239:46: warning: implicit conversion changes signedness: 'unsigned int' to 'int' [-Wsign-conversion]
         {{{0xd4c9ed0e, 0x3fec213a}}, {{0x4bc47afb, 0xbc8cec80}}}, 
                                       ~            ^~~~~~~~~~
crlibm/exp_fast.h:240:46: warning: implicit conversion changes signedness: 'unsigned int' to 'int' [-Wsign-conversion]
         {{{0x24ed8222, 0x3fec3d6a}}, {{0x76cb0685, 0xbc8e1e0a}}}, 
                                       ~            ^~~~~~~~~~
crlibm/exp_fast.h:241:6: warning: implicit conversion changes signedness: 'unsigned int' to 'int' [-Wsign-conversion]
         {{{0xb27d9697, 0x3fec59b5}}, {{0x41a540a6, 0xbc88fd05}}}, 
           ~^~~~~~~~~~
crlibm/exp_fast.h:241:46: warning: implicit conversion changes signedness: 'unsigned int' to 'int' [-Wsign-conversion]
         {{{0xb27d9697, 0x3fec59b5}}, {{0x41a540a6, 0xbc88fd05}}}, 
                                       ~            ^~~~~~~~~~
crlibm/exp_fast.h:242:6: warning: implicit conversion changes signedness: 'unsigned int' to 'int' [-Wsign-conversion]
         {{{0x99c5ba58, 0x3fec761d}}, {{0xf55e75f8, 0x3c8fe131}}}, 
           ~^~~~~~~~~~
crlibm/exp_fast.h:242:34: warning: implicit conversion changes signedness: 'unsigned int' to 'int' [-Wsign-conversion]
         {{{0x99c5ba58, 0x3fec761d}}, {{0xf55e75f8, 0x3c8fe131}}}, 
                                       ~^~~~~~~~~~
crlibm/exp_fast.h:243:6: warning: implicit conversion changes signedness: 'unsigned int' to 'int' [-Wsign-conversion]
         {{{0xf72dd70d, 0x3fec92a1}}, {{0x3e55aaea, 0x3c84ee4c}}}, 
           ~^~~~~~~~~~
crlibm/exp_fast.h:244:6: warning: implicit conversion changes signedness: 'unsigned int' to 'int' [-Wsign-conversion]
         {{{0xe73a4c7e, 0x3fecaf42}}, {{0xe8bcee31, 0xbc8b5bee}}}, 
           ~^~~~~~~~~~
crlibm/exp_fast.h:244:34: warning: implicit conversion changes signedness: 'unsigned int' to 'int' [-Wsign-conversion]
         {{{0xe73a4c7e, 0x3fecaf42}}, {{0xe8bcee31, 0xbc8b5bee}}}, 
                                       ~^~~~~~~~~~
crlibm/exp_fast.h:244:46: warning: implicit conversion changes signedness: 'unsigned int' to 'int' [-Wsign-conversion]
         {{{0xe73a4c7e, 0x3fecaf42}}, {{0xe8bcee31, 0xbc8b5bee}}}, 
                                       ~            ^~~~~~~~~~
crlibm/exp_fast.h:245:6: warning: implicit conversion changes signedness: 'unsigned int' to 'int' [-Wsign-conversion]
         {{{0x868c0d18, 0x3feccc00}}, {{0x3f1d0f61, 0x3c8c0e94}}}, 
           ~^~~~~~~~~~
crlibm/exp_fast.h:246:6: warning: implicit conversion changes signedness: 'unsigned int' to 'int' [-Wsign-conversion]
         {{{0xf1e0ba95, 0x3fece8da}}, {{0x02c25e9b, 0xbc77fe9b}}}, 
           ~^~~~~~~~~~
crlibm/exp_fast.h:246:46: warning: implicit conversion changes signedness: 'unsigned int' to 'int' [-Wsign-conversion]
         {{{0xf1e0ba95, 0x3fece8da}}, {{0x02c25e9b, 0xbc77fe9b}}}, 
                                       ~            ^~~~~~~~~~
crlibm/exp_fast.h:247:46: warning: implicit conversion changes signedness: 'unsigned int' to 'int' [-Wsign-conversion]
         {{{0x4612c2af, 0x3fed05d2}}, {{0x2fbdfc59, 0xbc6793b3}}}, 
                                       ~            ^~~~~~~~~~
crlibm/exp_fast.h:248:6: warning: implicit conversion changes signedness: 'unsigned int' to 'int' [-Wsign-conversion]
         {{{0xa0197c03, 0x3fed22e6}}, {{0xbdaf1116, 0xbc832ae7}}}, 
           ~^~~~~~~~~~
crlibm/exp_fast.h:248:34: warning: implicit conversion changes signedness: 'unsigned int' to 'int' [-Wsign-conversion]
         {{{0xa0197c03, 0x3fed22e6}}, {{0xbdaf1116, 0xbc832ae7}}}, 
                                       ~^~~~~~~~~~
crlibm/exp_fast.h:248:46: warning: implicit conversion changes signedness: 'unsigned int' to 'int' [-Wsign-conversion]
         {{{0xa0197c03, 0x3fed22e6}}, {{0xbdaf1116, 0xbc832ae7}}}, 
                                       ~            ^~~~~~~~~~
crlibm/exp_fast.h:250:6: warning: implicit conversion changes signedness: 'unsigned int' to 'int' [-Wsign-conversion]
         {{{0xda13970f, 0x3fed5d66}}, {{0x58cbd73b, 0x3c7a6cfe}}}, 
           ~^~~~~~~~~~
crlibm/exp_fast.h:251:6: warning: implicit conversion changes signedness: 'unsigned int' to 'int' [-Wsign-conversion]
         {{{0xf48737a2, 0x3fed7ad2}}, {{0x00efb659, 0x3c5704ee}}}, 
           ~^~~~~~~~~~
crlibm/exp_fast.h:252:6: warning: implicit conversion changes signedness: 'unsigned int' to 'int' [-Wsign-conversion]
         {{{0x89d041a3, 0x3fed985c}}, {{0xe3138a56, 0x3c68798d}}}, 
           ~^~~~~~~~~~
crlibm/exp_fast.h:252:34: warning: implicit conversion changes signedness: 'unsigned int' to 'int' [-Wsign-conversion]
         {{{0x89d041a3, 0x3fed985c}}, {{0xe3138a56, 0x3c68798d}}}, 
                                       ~^~~~~~~~~~
crlibm/exp_fast.h:253:6: warning: implicit conversion changes signedness: 'unsigned int' to 'int' [-Wsign-conversion]
         {{{0xb7784cd2, 0x3fedb603}}, {{0x990a55d6, 0xbc8e1926}}}, 
           ~^~~~~~~~~~
crlibm/exp_fast.h:253:34: warning: implicit conversion changes signedness: 'unsigned int' to 'int' [-Wsign-conversion]
         {{{0xb7784cd2, 0x3fedb603}}, {{0x990a55d6, 0xbc8e1926}}}, 
                                       ~^~~~~~~~~~
crlibm/exp_fast.h:253:46: warning: implicit conversion changes signedness: 'unsigned int' to 'int' [-Wsign-conversion]
         {{{0xb7784cd2, 0x3fedb603}}, {{0x990a55d6, 0xbc8e1926}}}, 
                                       ~            ^~~~~~~~~~
crlibm/exp_fast.h:254:6: warning: implicit conversion changes signedness: 'unsigned int' to 'int' [-Wsign-conversion]
         {{{0x9b26894e, 0x3fedd3c8}}, {{0x1a7ef10b, 0xbc358932}}}, 
           ~^~~~~~~~~~
crlibm/exp_fast.h:254:46: warning: implicit conversion changes signedness: 'unsigned int' to 'int' [-Wsign-conversion]
         {{{0x9b26894e, 0x3fedd3c8}}, {{0x1a7ef10b, 0xbc358932}}}, 
                                       ~            ^~~~~~~~~~
crlibm/exp_fast.h:255:34: warning: implicit conversion changes signedness: 'unsigned int' to 'int' [-Wsign-conversion]
         {{{0x529fdd42, 0x3fedf1ab}}, {{0x8277560e, 0xbc7b70a2}}}, 
                                       ~^~~~~~~~~~
crlibm/exp_fast.h:255:46: warning: implicit conversion changes signedness: 'unsigned int' to 'int' [-Wsign-conversion]
         {{{0x529fdd42, 0x3fedf1ab}}, {{0x8277560e, 0xbc7b70a2}}}, 
                                       ~            ^~~~~~~~~~
crlibm/exp_fast.h:256:6: warning: implicit conversion changes signedness: 'unsigned int' to 'int' [-Wsign-conversion]
         {{{0xfbc702a4, 0x3fee0fab}}, {{0x00fcfb65, 0xbc78d0e7}}}, 
           ~^~~~~~~~~~
crlibm/exp_fast.h:256:46: warning: implicit conversion changes signedness: 'unsigned int' to 'int' [-Wsign-conversion]
         {{{0xfbc702a4, 0x3fee0fab}}, {{0x00fcfb65, 0xbc78d0e7}}}, 
                                       ~            ^~~~~~~~~~
crlibm/exp_fast.h:257:6: warning: implicit conversion changes signedness: 'unsigned int' to 'int' [-Wsign-conversion]
         {{{0xb49ca51b, 0x3fee2dca}}, {{0x9176d034, 0x3c80274c}}}, 
           ~^~~~~~~~~~
crlibm/exp_fast.h:257:34: warning: implicit conversion changes signedness: 'unsigned int' to 'int' [-Wsign-conversion]
         {{{0xb49ca51b, 0x3fee2dca}}, {{0x9176d034, 0x3c80274c}}}, 
                                       ~^~~~~~~~~~
crlibm/exp_fast.h:258:6: warning: implicit conversion changes signedness: 'unsigned int' to 'int' [-Wsign-conversion]
         {{{0x9b3f8000, 0x3fee4c07}}, {{0x07d5dd3b, 0x3c8473ef}}}, 
           ~^~~~~~~~~~
crlibm/exp_fast.h:259:6: warning: implicit conversion changes signedness: 'unsigned int' to 'int' [-Wsign-conversion]
         {{{0xcdec7c7b, 0x3fee6a62}}, {{0x6c562739, 0xbc5faec3}}}, 
           ~^~~~~~~~~~
crlibm/exp_fast.h:259:46: warning: implicit conversion changes signedness: 'unsigned int' to 'int' [-Wsign-conversion]
         {{{0xcdec7c7b, 0x3fee6a62}}, {{0x6c562739, 0xbc5faec3}}}, 
                                       ~            ^~~~~~~~~~
crlibm/exp_fast.h:260:46: warning: implicit conversion changes signedness: 'unsigned int' to 'int' [-Wsign-conversion]
         {{{0x6afecfc0, 0x3fee88dc}}, {{0x149c16e2, 0xbc838e62}}}, 
                                       ~            ^~~~~~~~~~
crlibm/exp_fast.h:261:6: warning: implicit conversion changes signedness: 'unsigned int' to 'int' [-Wsign-conversion]
         {{{0x90f0196b, 0x3feea774}}, {{0xa878850d, 0x3c58dfce}}}, 
           ~^~~~~~~~~~
crlibm/exp_fast.h:261:34: warning: implicit conversion changes signedness: 'unsigned int' to 'int' [-Wsign-conversion]
         {{{0x90f0196b, 0x3feea774}}, {{0xa878850d, 0x3c58dfce}}}, 
                                       ~^~~~~~~~~~
crlibm/exp_fast.h:262:46: warning: implicit conversion changes signedness: 'unsigned int' to 'int' [-Wsign-conversion]
         {{{0x5e5881fb, 0x3feec62b}}, {{0x309bd394, 0xbc508bb6}}}, 
                                       ~            ^~~~~~~~~~
crlibm/exp_fast.h:263:6: warning: implicit conversion changes signedness: 'unsigned int' to 'int' [-Wsign-conversion]
         {{{0xf1eed967, 0x3feee500}}, {{0x6763990a, 0x3c6813a6}}}, 
           ~^~~~~~~~~~
crlibm/exp_fast.h:264:34: warning: implicit conversion changes signedness: 'unsigned int' to 'int' [-Wsign-conversion]
         {{{0x6a88b5d8, 0x3fef03f5}}, {{0xd501a227, 0xbc8bad3f}}}, 
                                       ~^~~~~~~~~~
crlibm/exp_fast.h:264:46: warning: implicit conversion changes signedness: 'unsigned int' to 'int' [-Wsign-conversion]
         {{{0x6a88b5d8, 0x3fef03f5}}, {{0xd501a227, 0xbc8bad3f}}}, 
                                       ~            ^~~~~~~~~~
crlibm/exp_fast.h:265:6: warning: implicit conversion changes signedness: 'unsigned int' to 'int' [-Wsign-conversion]
         {{{0xe71a927b, 0x3fef2308}}, {{0x0c34c36a, 0xbc882dca}}}, 
           ~^~~~~~~~~~
crlibm/exp_fast.h:265:46: warning: implicit conversion changes signedness: 'unsigned int' to 'int' [-Wsign-conversion]
         {{{0xe71a927b, 0x3fef2308}}, {{0x0c34c36a, 0xbc882dca}}}, 
                                       ~            ^~~~~~~~~~
crlibm/exp_fast.h:266:6: warning: implicit conversion changes signedness: 'unsigned int' to 'int' [-Wsign-conversion]
         {{{0x86b7ee79, 0x3fef423b}}, {{0xc39ed253, 0x3c63d27a}}}, 
           ~^~~~~~~~~~
crlibm/exp_fast.h:266:34: warning: implicit conversion changes signedness: 'unsigned int' to 'int' [-Wsign-conversion]
         {{{0x86b7ee79, 0x3fef423b}}, {{0xc39ed253, 0x3c63d27a}}}, 
                                       ~^~~~~~~~~~
crlibm/exp_fast.h:267:34: warning: implicit conversion changes signedness: 'unsigned int' to 'int' [-Wsign-conversion]
         {{{0x68936c0a, 0x3fef618d}}, {{0xc62ccbbf, 0xbc73db2a}}}, 
                                       ~^~~~~~~~~~
crlibm/exp_fast.h:267:46: warning: implicit conversion changes signedness: 'unsigned int' to 'int' [-Wsign-conversion]
         {{{0x68936c0a, 0x3fef618d}}, {{0xc62ccbbf, 0xbc73db2a}}}, 
                                       ~            ^~~~~~~~~~
crlibm/exp_fast.h:268:6: warning: implicit conversion changes signedness: 'unsigned int' to 'int' [-Wsign-conversion]
         {{{0xabfeefa5, 0x3fef80fe}}, {{0xd08aac55, 0xbc8b60bb}}}, 
           ~^~~~~~~~~~
crlibm/exp_fast.h:268:34: warning: implicit conversion changes signedness: 'unsigned int' to 'int' [-Wsign-conversion]
         {{{0xabfeefa5, 0x3fef80fe}}, {{0xd08aac55, 0xbc8b60bb}}}, 
                                       ~^~~~~~~~~~
crlibm/exp_fast.h:268:46: warning: implicit conversion changes signedness: 'unsigned int' to 'int' [-Wsign-conversion]
         {{{0xabfeefa5, 0x3fef80fe}}, {{0xd08aac55, 0xbc8b60bb}}}, 
                                       ~            ^~~~~~~~~~
crlibm/exp_fast.h:269:46: warning: implicit conversion changes signedness: 'unsigned int' to 'int' [-Wsign-conversion]
         {{{0x706bbf54, 0x3fefa08f}}, {{0x51b2d2f4, 0xbc8d10fc}}}, 
                                       ~            ^~~~~~~~~~
crlibm/exp_fast.h:270:6: warning: implicit conversion changes signedness: 'unsigned int' to 'int' [-Wsign-conversion]
         {{{0xd56aa225, 0x3fefc03f}}, {{0x3b3359de, 0xbc4a00d0}}}, 
           ~^~~~~~~~~~
crlibm/exp_fast.h:270:46: warning: implicit conversion changes signedness: 'unsigned int' to 'int' [-Wsign-conversion]
         {{{0xd56aa225, 0x3fefc03f}}, {{0x3b3359de, 0xbc4a00d0}}}, 
                                       ~            ^~~~~~~~~~
crlibm/exp_fast.h:271:6: warning: implicit conversion changes signedness: 'unsigned int' to 'int' [-Wsign-conversion]
         {{{0xfaabffbc, 0x3fefe00f}}, {{0x0f73da82, 0xbc7c7297}}}, 
           ~^~~~~~~~~~
crlibm/exp_fast.h:271:46: warning: implicit conversion changes signedness: 'unsigned int' to 'int' [-Wsign-conversion]
         {{{0xfaabffbc, 0x3fefe00f}}, {{0x0f73da82, 0xbc7c7297}}}, 
                                       ~            ^~~~~~~~~~
crlibm/exp_fast.h:273:34: warning: implicit conversion changes signedness: 'unsigned int' to 'int' [-Wsign-conversion]
         {{{0x02ab5577, 0x3ff01008}}, {{0xa90b49ab, 0x3c9f4a28}}}, 
                                       ~^~~~~~~~~~
crlibm/exp_fast.h:274:46: warning: implicit conversion changes signedness: 'unsigned int' to 'int' [-Wsign-conversion]
         {{{0x15600446, 0x3ff02020}}, {{0x71f50e32, 0xbc93cf36}}}, 
                                       ~            ^~~~~~~~~~
crlibm/exp_fast.h:275:34: warning: implicit conversion changes signedness: 'unsigned int' to 'int' [-Wsign-conversion]
         {{{0x48362077, 0x3ff03048}}, {{0xfb978c46, 0xbc97dc9a}}}, 
                                       ~^~~~~~~~~~
crlibm/exp_fast.h:275:46: warning: implicit conversion changes signedness: 'unsigned int' to 'int' [-Wsign-conversion]
         {{{0x48362077, 0x3ff03048}}, {{0xfb978c46, 0xbc97dc9a}}}, 
                                       ~            ^~~~~~~~~~
crlibm/exp_fast.h:276:6: warning: implicit conversion changes signedness: 'unsigned int' to 'int' [-Wsign-conversion]
         {{{0xab55de39, 0x3ff04080}}, {{0x4b3e9045, 0x3c77ab86}}}, 
           ~^~~~~~~~~~
crlibm/exp_fast.h:277:46: warning: implicit conversion changes signedness: 'unsigned int' to 'int' [-Wsign-conversion]
         {{{0x4ef7a207, 0x3ff050c9}}, {{0x0423c90e, 0xbc81e92f}}}, 
                                       ~            ^~~~~~~~~~
crlibm/exp_fast.h:278:34: warning: implicit conversion changes signedness: 'unsigned int' to 'int' [-Wsign-conversion]
         {{{0x436410dd, 0x3ff06122}}, {{0x9d75e95b, 0x3c74e565}}}, 
                                       ~^~~~~~~~~~
crlibm/exp_fast.h:279:6: warning: implicit conversion changes signedness: 'unsigned int' to 'int' [-Wsign-conversion]
         {{{0x98f42085, 0x3ff0718b}}, {{0xd746e619, 0xbc70424c}}}, 
           ~^~~~~~~~~~
crlibm/exp_fast.h:279:34: warning: implicit conversion changes signedness: 'unsigned int' to 'int' [-Wsign-conversion]
         {{{0x98f42085, 0x3ff0718b}}, {{0xd746e619, 0xbc70424c}}}, 
                                       ~^~~~~~~~~~
crlibm/exp_fast.h:279:46: warning: implicit conversion changes signedness: 'unsigned int' to 'int' [-Wsign-conversion]
         {{{0x98f42085, 0x3ff0718b}}, {{0xd746e619, 0xbc70424c}}}, 
                                       ~            ^~~~~~~~~~
crlibm/exp_fast.h:280:34: warning: implicit conversion changes signedness: 'unsigned int' to 'int' [-Wsign-conversion]
         {{{0x601127ed, 0x3ff08205}}, {{0xbdf15160, 0xbc99c7d0}}}, 
                                       ~^~~~~~~~~~
crlibm/exp_fast.h:280:46: warning: implicit conversion changes signedness: 'unsigned int' to 'int' [-Wsign-conversion]
         {{{0x601127ed, 0x3ff08205}}, {{0xbdf15160, 0xbc99c7d0}}}, 
                                       ~            ^~~~~~~~~~
crlibm/exp_fast.h:281:6: warning: implicit conversion changes signedness: 'unsigned int' to 'int' [-Wsign-conversion]
         {{{0xa934ef91, 0x3ff0928f}}, {{0x4247b148, 0xbc9b3eec}}}, 
           ~^~~~~~~~~~
crlibm/exp_fast.h:281:46: warning: implicit conversion changes signedness: 'unsigned int' to 'int' [-Wsign-conversion]
         {{{0xa934ef91, 0x3ff0928f}}, {{0x4247b148, 0xbc9b3eec}}}, 
                                       ~            ^~~~~~~~~~
crlibm/exp_fast.h:282:6: warning: implicit conversion changes signedness: 'unsigned int' to 'int' [-Wsign-conversion]
         {{{0x84e9c1f6, 0x3ff0a32a}}, {{0xf8c1a994, 0xbc9fae8c}}}, 
           ~^~~~~~~~~~
crlibm/exp_fast.h:282:34: warning: implicit conversion changes signedness: 'unsigned int' to 'int' [-Wsign-conversion]
         {{{0x84e9c1f6, 0x3ff0a32a}}, {{0xf8c1a994, 0xbc9fae8c}}}, 
                                       ~^~~~~~~~~~
crlibm/exp_fast.h:282:46: warning: implicit conversion changes signedness: 'unsigned int' to 'int' [-Wsign-conversion]
         {{{0x84e9c1f6, 0x3ff0a32a}}, {{0xf8c1a994, 0xbc9fae8c}}}, 
                                       ~            ^~~~~~~~~~
crlibm/exp_fast.h:284:46: warning: implicit conversion changes signedness: 'unsigned int' to 'int' [-Wsign-conversion]
         {{{0x36829e8c, 0x3ff0c492}}, {{0x0ce14da7, 0xbc8eb698}}}, 
                                       ~            ^~~~~~~~~~
crlibm/exp_fast.h:285:46: warning: implicit conversion changes signedness: 'unsigned int' to 'int' [-Wsign-conversion]
         {{{0x2dce5d1f, 0x3ff0d55f}}, {{0x24bd655c, 0xbc9a6465}}}, 
                                       ~            ^~~~~~~~~~
crlibm/exp_fast.h:286:6: warning: implicit conversion changes signedness: 'unsigned int' to 'int' [-Wsign-conversion]
         {{{0xfa7ab09d, 0x3ff0e63c}}, {{0x37d6c342, 0x3c773241}}}, 
           ~^~~~~~~~~~
crlibm/exp_fast.h:287:6: warning: implicit conversion changes signedness: 'unsigned int' to 'int' [-Wsign-conversion]
         {{{0xad65671b, 0x3ff0f72b}}, {{0x3128d0b4, 0x3c9a5dcb}}}, 
           ~^~~~~~~~~~
crlibm/exp_fast.h:288:34: warning: implicit conversion changes signedness: 'unsigned int' to 'int' [-Wsign-conversion]
         {{{0x577d34ed, 0x3ff1082b}}, {{0x80678897, 0x3c9f56c6}}}, 
                                       ~^~~~~~~~~~
crlibm/exp_fast.h:289:46: warning: implicit conversion changes signedness: 'unsigned int' to 'int' [-Wsign-conversion]
         {{{0x09c1c596, 0x3ff1193c}}, {{0x6b9ea264, 0xbc8de0e8}}}, 
                                       ~            ^~~~~~~~~~
crlibm/exp_fast.h:290:6: warning: implicit conversion changes signedness: 'unsigned int' to 'int' [-Wsign-conversion]
         {{{0xd543ccc5, 0x3ff12a5d}}, {{0x19dace1c, 0xbc81280f}}}, 
           ~^~~~~~~~~~
crlibm/exp_fast.h:290:46: warning: implicit conversion changes signedness: 'unsigned int' to 'int' [-Wsign-conversion]
         {{{0xd543ccc5, 0x3ff12a5d}}, {{0x19dace1c, 0xbc81280f}}}, 
                                       ~            ^~~~~~~~~~
crlibm/exp_fast.h:291:6: warning: implicit conversion changes signedness: 'unsigned int' to 'int' [-Wsign-conversion]
         {{{0xcb25176a, 0x3ff13b90}}, {{0x5ae9d14b, 0x3c9322e9}}}, 
           ~^~~~~~~~~~
crlibm/exp_fast.h:292:6: warning: implicit conversion changes signedness: 'unsigned int' to 'int' [-Wsign-conversion]
         {{{0xfc989cd6, 0x3ff14cd4}}, {{0x8671b89e, 0x3c91557a}}}, 
           ~^~~~~~~~~~
crlibm/exp_fast.h:292:34: warning: implicit conversion changes signedness: 'unsigned int' to 'int' [-Wsign-conversion]
         {{{0xfc989cd6, 0x3ff14cd4}}, {{0x8671b89e, 0x3c91557a}}}, 
                                       ~^~~~~~~~~~
crlibm/exp_fast.h:293:46: warning: implicit conversion changes signedness: 'unsigned int' to 'int' [-Wsign-conversion]
         {{{0x7ae28fed, 0x3ff15e2a}}, {{0x403a47bb, 0xbc964131}}}, 
                                       ~            ^~~~~~~~~~
crlibm/exp_fast.h:295:6: warning: implicit conversion changes signedness: 'unsigned int' to 'int' [-Wsign-conversion]
         {{{0xa3611c35, 0x3ff18109}}, {{0xb916967c, 0xbc526e9d}}}, 
           ~^~~~~~~~~~
crlibm/exp_fast.h:295:34: warning: implicit conversion changes signedness: 'unsigned int' to 'int' [-Wsign-conversion]
         {{{0xa3611c35, 0x3ff18109}}, {{0xb916967c, 0xbc526e9d}}}, 
                                       ~^~~~~~~~~~
crlibm/exp_fast.h:295:46: warning: implicit conversion changes signedness: 'unsigned int' to 'int' [-Wsign-conversion]
         {{{0xa3611c35, 0x3ff18109}}, {{0xb916967c, 0xbc526e9d}}}, 
                                       ~            ^~~~~~~~~~
crlibm/exp_fast.h:297:6: warning: implicit conversion changes signedness: 'unsigned int' to 'int' [-Wsign-conversion]
         {{{0xd01d8cbc, 0x3ff1a42e}}, {{0x09f2ed1f, 0x3c987106}}}, 
           ~^~~~~~~~~~
crlibm/exp_fast.h:298:6: warning: implicit conversion changes signedness: 'unsigned int' to 'int' [-Wsign-conversion]
         {{{0xd3f68122, 0x3ff1b5db}}, {{0x92a5200f, 0x3c881f5c}}}, 
           ~^~~~~~~~~~
crlibm/exp_fast.h:298:34: warning: implicit conversion changes signedness: 'unsigned int' to 'int' [-Wsign-conversion]
         {{{0xd3f68122, 0x3ff1b5db}}, {{0x92a5200f, 0x3c881f5c}}}, 
                                       ~^~~~~~~~~~
crlibm/exp_fast.h:299:6: warning: implicit conversion changes signedness: 'unsigned int' to 'int' [-Wsign-conversion]
         {{{0x8dacc351, 0x3ff1c79a}}, {{0xc1676e14, 0xbc80f140}}}, 
           ~^~~~~~~~~~
crlibm/exp_fast.h:299:34: warning: implicit conversion changes signedness: 'unsigned int' to 'int' [-Wsign-conversion]
         {{{0x8dacc351, 0x3ff1c79a}}, {{0xc1676e14, 0xbc80f140}}}, 
                                       ~^~~~~~~~~~
crlibm/exp_fast.h:299:46: warning: implicit conversion changes signedness: 'unsigned int' to 'int' [-Wsign-conversion]
         {{{0x8dacc351, 0x3ff1c79a}}, {{0xc1676e14, 0xbc80f140}}}, 
                                       ~            ^~~~~~~~~~
crlibm/exp_fast.h:300:34: warning: implicit conversion changes signedness: 'unsigned int' to 'int' [-Wsign-conversion]
         {{{0x0eff0e79, 0x3ff1d96b}}, {{0xa4d3206c, 0x3c8e8ac7}}}, 
                                       ~^~~~~~~~~~
crlibm/exp_fast.h:301:34: warning: implicit conversion changes signedness: 'unsigned int' to 'int' [-Wsign-conversion]
         {{{0x69bde56a, 0x3ff1eb4d}}, {{0xb76e0cc0, 0xbc97374b}}}, 
                                       ~^~~~~~~~~~
crlibm/exp_fast.h:301:46: warning: implicit conversion changes signedness: 'unsigned int' to 'int' [-Wsign-conversion]
         {{{0x69bde56a, 0x3ff1eb4d}}, {{0xb76e0cc0, 0xbc97374b}}}, 
                                       ~            ^~~~~~~~~~
crlibm/exp_fast.h:302:6: warning: implicit conversion changes signedness: 'unsigned int' to 'int' [-Wsign-conversion]
         {{{0xafcba45e, 0x3ff1fd41}}, {{0x42d10731, 0x3c9bb492}}}, 
           ~^~~~~~~~~~
crlibm/exp_fast.h:303:6: warning: implicit conversion changes signedness: 'unsigned int' to 'int' [-Wsign-conversion]
         {{{0xf31c92e4, 0x3ff20f47}}, {{0x6fb23b17, 0x3c993f00}}}, 
           ~^~~~~~~~~~
crlibm/exp_fast.h:304:34: warning: implicit conversion changes signedness: 'unsigned int' to 'int' [-Wsign-conversion]
         {{{0x45b6f5cd, 0x3ff22160}}, {{0xdf1ec7e5, 0xbc58c4a5}}}, 
                                       ~^~~~~~~~~~
crlibm/exp_fast.h:304:46: warning: implicit conversion changes signedness: 'unsigned int' to 'int' [-Wsign-conversion]
         {{{0x45b6f5cd, 0x3ff22160}}, {{0xdf1ec7e5, 0xbc58c4a5}}}, 
                                       ~            ^~~~~~~~~~
crlibm/exp_fast.h:305:6: warning: implicit conversion changes signedness: 'unsigned int' to 'int' [-Wsign-conversion]
         {{{0xb9b32135, 0x3ff2338a}}, {{0xb102f120, 0xbc9a3764}}}, 
           ~^~~~~~~~~~
crlibm/exp_fast.h:305:34: warning: implicit conversion changes signedness: 'unsigned int' to 'int' [-Wsign-conversion]
         {{{0xb9b32135, 0x3ff2338a}}, {{0xb102f120, 0xbc9a3764}}}, 
                                       ~^~~~~~~~~~
crlibm/exp_fast.h:305:46: warning: implicit conversion changes signedness: 'unsigned int' to 'int' [-Wsign-conversion]
         {{{0xb9b32135, 0x3ff2338a}}, {{0xb102f120, 0xbc9a3764}}}, 
                                       ~            ^~~~~~~~~~
crlibm/exp_fast.h:306:34: warning: implicit conversion changes signedness: 'unsigned int' to 'int' [-Wsign-conversion]
         {{{0x613b8a9b, 0x3ff245c7}}, {{0xc37ea8a2, 0xbc6bd4b1}}}, 
                                       ~^~~~~~~~~~
crlibm/exp_fast.h:306:46: warning: implicit conversion changes signedness: 'unsigned int' to 'int' [-Wsign-conversion]
         {{{0x613b8a9b, 0x3ff245c7}}, {{0xc37ea8a2, 0xbc6bd4b1}}}, 
                                       ~            ^~~~~~~~~~
crlibm/exp_fast.h:307:46: warning: implicit conversion changes signedness: 'unsigned int' to 'int' [-Wsign-conversion]
         {{{0x4e8cdb0e, 0x3ff25816}}, {{0x0992ef5f, 0xbc9f7b88}}}, 
                                       ~            ^~~~~~~~~~
crlibm/exp_fast.h:308:6: warning: implicit conversion changes signedness: 'unsigned int' to 'int' [-Wsign-conversion]
         {{{0x93f60164, 0x3ff26a77}}, {{0x860044d0, 0x3c85aeb9}}}, 
           ~^~~~~~~~~~
crlibm/exp_fast.h:308:34: warning: implicit conversion changes signedness: 'unsigned int' to 'int' [-Wsign-conversion]
         {{{0x93f60164, 0x3ff26a77}}, {{0x860044d0, 0x3c85aeb9}}}, 
                                       ~^~~~~~~~~~
crlibm/exp_fast.h:311:34: warning: implicit conversion changes signedness: 'unsigned int' to 'int' [-Wsign-conversion]
         {{{0x2ce96406, 0x3ff2a20a}}, {{0xd53a936a, 0x3c8ed622}}}, 
                                       ~^~~~~~~~~~
crlibm/exp_fast.h:312:6: warning: implicit conversion changes signedness: 'unsigned int' to 'int' [-Wsign-conversion]
         {{{0x8b372c79, 0x3ff2b4b5}}, {{0x9f031676, 0x3c9404dd}}}, 
           ~^~~~~~~~~~
crlibm/exp_fast.h:312:34: warning: implicit conversion changes signedness: 'unsigned int' to 'int' [-Wsign-conversion]
         {{{0x8b372c79, 0x3ff2b4b5}}, {{0x9f031676, 0x3c9404dd}}}, 
                                       ~^~~~~~~~~~
crlibm/exp_fast.h:313:6: warning: implicit conversion changes signedness: 'unsigned int' to 'int' [-Wsign-conversion]
         {{{0x9e3c0f33, 0x3ff2c773}}, {{0xb1de2605, 0xbc90b3dd}}}, 
           ~^~~~~~~~~~
crlibm/exp_fast.h:313:34: warning: implicit conversion changes signedness: 'unsigned int' to 'int' [-Wsign-conversion]
         {{{0x9e3c0f33, 0x3ff2c773}}, {{0xb1de2605, 0xbc90b3dd}}}, 
                                       ~^~~~~~~~~~
crlibm/exp_fast.h:313:46: warning: implicit conversion changes signedness: 'unsigned int' to 'int' [-Wsign-conversion]
         {{{0x9e3c0f33, 0x3ff2c773}}, {{0xb1de2605, 0xbc90b3dd}}}, 
                                       ~            ^~~~~~~~~~
crlibm/exp_fast.h:314:34: warning: implicit conversion changes signedness: 'unsigned int' to 'int' [-Wsign-conversion]
         {{{0x78b620c7, 0x3ff2da44}}, {{0xec61fc2d, 0x3c8f5aa8}}}, 
                                       ~^~~~~~~~~~
crlibm/exp_fast.h:315:34: warning: implicit conversion changes signedness: 'unsigned int' to 'int' [-Wsign-conversion]
         {{{0x2d763d42, 0x3ff2ed28}}, {{0xd5394aac, 0x3c937377}}}, 
                                       ~^~~~~~~~~~
crlibm/exp_fast.h:316:6: warning: implicit conversion changes signedness: 'unsigned int' to 'int' [-Wsign-conversion]
         {{{0xcf601af7, 0x3ff3001e}}, {{0x2c69ffeb, 0x3c27ab91}}}, 
           ~^~~~~~~~~~
crlibm/exp_fast.h:317:34: warning: implicit conversion changes signedness: 'unsigned int' to 'int' [-Wsign-conversion]
         {{{0x716a5d64, 0x3ff31328}}, {{0xce0c517a, 0xbc8e9def}}}, 
                                       ~^~~~~~~~~~
crlibm/exp_fast.h:317:46: warning: implicit conversion changes signedness: 'unsigned int' to 'int' [-Wsign-conversion]
         {{{0x716a5d64, 0x3ff31328}}, {{0xce0c517a, 0xbc8e9def}}}, 
                                       ~            ^~~~~~~~~~
crlibm/exp_fast.h:318:34: warning: implicit conversion changes signedness: 'unsigned int' to 'int' [-Wsign-conversion]
         {{{0x269ea829, 0x3ff32645}}, {{0xbc0ec9cd, 0xbc5b3564}}}, 
                                       ~^~~~~~~~~~
crlibm/exp_fast.h:318:46: warning: implicit conversion changes signedness: 'unsigned int' to 'int' [-Wsign-conversion]
         {{{0x269ea829, 0x3ff32645}}, {{0xbc0ec9cd, 0xbc5b3564}}}, 
                                       ~            ^~~~~~~~~~
crlibm/exp_fast.h:319:34: warning: implicit conversion changes signedness: 'unsigned int' to 'int' [-Wsign-conversion]
         {{{0x0219b213, 0x3ff33975}}, {{0xbb78b2af, 0xbc95d7f9}}}, 
                                       ~^~~~~~~~~~
crlibm/exp_fast.h:319:46: warning: implicit conversion changes signedness: 'unsigned int' to 'int' [-Wsign-conversion]
         {{{0x0219b213, 0x3ff33975}}, {{0xbb78b2af, 0xbc95d7f9}}}, 
                                       ~            ^~~~~~~~~~
crlibm/exp_fast.h:322:34: warning: implicit conversion changes signedness: 'unsigned int' to 'int' [-Wsign-conversion]
         {{{0x3a722012, 0x3ff37378}}, {{0x96807206, 0x3c93d473}}}, 
                                       ~^~~~~~~~~~
crlibm/exp_fast.h:323:34: warning: implicit conversion changes signedness: 'unsigned int' to 'int' [-Wsign-conversion]
         {{{0x6fa7686e, 0x3ff386f5}}, {{0xe1fc8d12, 0x3c988f8c}}}, 
                                       ~^~~~~~~~~~
crlibm/exp_fast.h:325:6: warning: implicit conversion changes signedness: 'unsigned int' to 'int' [-Wsign-conversion]
         {{{0x8287e7a8, 0x3ff3ae2a}}, {{0xfcf4b451, 0x3c527829}}}, 
           ~^~~~~~~~~~
crlibm/exp_fast.h:325:34: warning: implicit conversion changes signedness: 'unsigned int' to 'int' [-Wsign-conversion]
         {{{0x8287e7a8, 0x3ff3ae2a}}, {{0xfcf4b451, 0x3c527829}}}, 
                                       ~^~~~~~~~~~
crlibm/exp_fast.h:326:6: warning: implicit conversion changes signedness: 'unsigned int' to 'int' [-Wsign-conversion]
         {{{0x876834aa, 0x3ff3c1e2}}, {{0x047a62b0, 0x3c9fe918}}}, 
           ~^~~~~~~~~~
crlibm/exp_fast.h:327:34: warning: implicit conversion changes signedness: 'unsigned int' to 'int' [-Wsign-conversion]
         {{{0x4e2cae93, 0x3ff3d5ae}}, {{0xc86c80f0, 0xbc8baab1}}}, 
                                       ~^~~~~~~~~~
crlibm/exp_fast.h:327:46: warning: implicit conversion changes signedness: 'unsigned int' to 'int' [-Wsign-conversion]
         {{{0x4e2cae93, 0x3ff3d5ae}}, {{0xc86c80f0, 0xbc8baab1}}}, 
                                       ~            ^~~~~~~~~~
crlibm/exp_fast.h:328:6: warning: implicit conversion changes signedness: 'unsigned int' to 'int' [-Wsign-conversion]
         {{{0xeaa11dcc, 0x3ff3e98d}}, {{0x08fefcff, 0xbc957221}}}, 
           ~^~~~~~~~~~
crlibm/exp_fast.h:328:46: warning: implicit conversion changes signedness: 'unsigned int' to 'int' [-Wsign-conversion]
         {{{0xeaa11dcc, 0x3ff3e98d}}, {{0x08fefcff, 0xbc957221}}}, 
                                       ~            ^~~~~~~~~~
crlibm/exp_fast.h:329:34: warning: implicit conversion changes signedness: 'unsigned int' to 'int' [-Wsign-conversion]
         {{{0x70a52072, 0x3ff3fd81}}, {{0xe93cfee6, 0xbc9d2e67}}}, 
                                       ~^~~~~~~~~~
crlibm/exp_fast.h:329:46: warning: implicit conversion changes signedness: 'unsigned int' to 'int' [-Wsign-conversion]
         {{{0x70a52072, 0x3ff3fd81}}, {{0xe93cfee6, 0xbc9d2e67}}}, 
                                       ~            ^~~~~~~~~~
crlibm/exp_fast.h:330:6: warning: implicit conversion changes signedness: 'unsigned int' to 'int' [-Wsign-conversion]
         {{{0xf42c3e32, 0x3ff41188}}, {{0x1afc42c5, 0x3c6e1761}}}, 
           ~^~~~~~~~~~
crlibm/exp_fast.h:331:6: warning: implicit conversion changes signedness: 'unsigned int' to 'int' [-Wsign-conversion]
         {{{0x893dfc40, 0x3ff425a4}}, {{0x19938e09, 0xbc986cf9}}}, 
           ~^~~~~~~~~~
crlibm/exp_fast.h:331:46: warning: implicit conversion changes signedness: 'unsigned int' to 'int' [-Wsign-conversion]
         {{{0x893dfc40, 0x3ff425a4}}, {{0x19938e09, 0xbc986cf9}}}, 
                                       ~            ^~~~~~~~~~
crlibm/exp_fast.h:332:34: warning: implicit conversion changes signedness: 'unsigned int' to 'int' [-Wsign-conversion]
         {{{0x43f5f159, 0x3ff439d4}}, {{0xe8735a43, 0xbc71c5b2}}}, 
                                       ~^~~~~~~~~~
crlibm/exp_fast.h:332:46: warning: implicit conversion changes signedness: 'unsigned int' to 'int' [-Wsign-conversion]
         {{{0x43f5f159, 0x3ff439d4}}, {{0xe8735a43, 0xbc71c5b2}}}, 
                                       ~            ^~~~~~~~~~
crlibm/exp_fast.h:333:34: warning: implicit conversion changes signedness: 'unsigned int' to 'int' [-Wsign-conversion]
         {{{0x3883d9e5, 0x3ff44e18}}, {{0x9cfd8698, 0xbc99c759}}}, 
                                       ~^~~~~~~~~~
crlibm/exp_fast.h:333:46: warning: implicit conversion changes signedness: 'unsigned int' to 'int' [-Wsign-conversion]
         {{{0x3883d9e5, 0x3ff44e18}}, {{0x9cfd8698, 0xbc99c759}}}, 
                                       ~            ^~~~~~~~~~
crlibm/exp_fast.h:334:46: warning: implicit conversion changes signedness: 'unsigned int' to 'int' [-Wsign-conversion]
         {{{0x7b2bac21, 0x3ff46270}}, {{0x39c4cffd, 0xbc825fe1}}}, 
                                       ~            ^~~~~~~~~~
crlibm/exp_fast.h:335:46: warning: implicit conversion changes signedness: 'unsigned int' to 'int' [-Wsign-conversion]
         {{{0x2045ac68, 0x3ff476dd}}, {{0x2cae75f8, 0xbc9cb504}}}, 
                                       ~            ^~~~~~~~~~
crlibm/exp_fast.h:337:6: warning: implicit conversion changes signedness: 'unsigned int' to 'int' [-Wsign-conversion]
         {{{0xe397492c, 0x3ff49ff3}}, {{0x687e6cc2, 0xbc94f7e1}}}, 
           ~^~~~~~~~~~
crlibm/exp_fast.h:337:46: warning: implicit conversion changes signedness: 'unsigned int' to 'int' [-Wsign-conversion]
         {{{0xe397492c, 0x3ff49ff3}}, {{0x687e6cc2, 0xbc94f7e1}}}, 
                                       ~            ^~~~~~~~~~
crlibm/exp_fast.h:338:34: warning: implicit conversion changes signedness: 'unsigned int' to 'int' [-Wsign-conversion]
         {{{0x2ae5ac67, 0x3ff4b49e}}, {{0xed6ed86d, 0x3c91945d}}}, 
                                       ~^~~~~~~~~~
crlibm/exp_fast.h:340:6: warning: implicit conversion changes signedness: 'unsigned int' to 'int' [-Wsign-conversion]
         {{{0xec211e60, 0x3ff4de30}}, {{0x3eca1712, 0x3c73b522}}}, 
           ~^~~~~~~~~~
crlibm/exp_fast.h:341:6: warning: implicit conversion changes signedness: 'unsigned int' to 'int' [-Wsign-conversion]
         {{{0x8fa0f1d0, 0x3ff4f319}}, {{0x0a22ea14, 0xbc98648d}}}, 
           ~^~~~~~~~~~
crlibm/exp_fast.h:341:46: warning: implicit conversion changes signedness: 'unsigned int' to 'int' [-Wsign-conversion]
         {{{0x8fa0f1d0, 0x3ff4f319}}, {{0x0a22ea14, 0xbc98648d}}}, 
                                       ~            ^~~~~~~~~~
crlibm/exp_fast.h:342:46: warning: implicit conversion changes signedness: 'unsigned int' to 'int' [-Wsign-conversion]
         {{{0x263c13cd, 0x3ff50817}}, {{0x5e2782ce, 0xbc64582a}}}, 
                                       ~            ^~~~~~~~~~
crlibm/exp_fast.h:343:6: warning: implicit conversion changes signedness: 'unsigned int' to 'int' [-Wsign-conversion]
         {{{0xc4f01cb3, 0x3ff51d29}}, {{0x9284257f, 0x3c610162}}}, 
           ~^~~~~~~~~~
crlibm/exp_fast.h:343:34: warning: implicit conversion changes signedness: 'unsigned int' to 'int' [-Wsign-conversion]
         {{{0xc4f01cb3, 0x3ff51d29}}, {{0x9284257f, 0x3c610162}}}, 
                                       ~^~~~~~~~~~
crlibm/exp_fast.h:344:6: warning: implicit conversion changes signedness: 'unsigned int' to 'int' [-Wsign-conversion]
         {{{0x80cfacf7, 0x3ff53251}}, {{0x60a648da, 0x3c9b28b6}}}, 
           ~^~~~~~~~~~
crlibm/exp_fast.h:346:6: warning: implicit conversion changes signedness: 'unsigned int' to 'int' [-Wsign-conversion]
         {{{0xa4c58c7c, 0x3ff55ce0}}, {{0x48a2d416, 0xbc93660f}}}, 
           ~^~~~~~~~~~
crlibm/exp_fast.h:346:46: warning: implicit conversion changes signedness: 'unsigned int' to 'int' [-Wsign-conversion]
         {{{0xa4c58c7c, 0x3ff55ce0}}, {{0x48a2d416, 0xbc93660f}}}, 
                                       ~            ^~~~~~~~~~
crlibm/exp_fast.h:349:6: warning: implicit conversion changes signedness: 'unsigned int' to 'int' [-Wsign-conversion]
         {{{0xc910fa4e, 0x3ff59d57}}, {{0x5ac95630, 0xbc78a163}}}, 
           ~^~~~~~~~~~
crlibm/exp_fast.h:349:46: warning: implicit conversion changes signedness: 'unsigned int' to 'int' [-Wsign-conversion]
         {{{0xc910fa4e, 0x3ff59d57}}, {{0x5ac95630, 0xbc78a163}}}, 
                                       ~            ^~~~~~~~~~
crlibm/exp_fast.h:350:6: warning: implicit conversion changes signedness: 'unsigned int' to 'int' [-Wsign-conversion]
         {{{0xf3210fd9, 0x3ff5b2ff}}, {{0x14f80bac, 0x3c95c7b8}}}, 
           ~^~~~~~~~~~
crlibm/exp_fast.h:351:6: warning: implicit conversion changes signedness: 'unsigned int' to 'int' [-Wsign-conversion]
         {{{0xd032e771, 0x3ff5c8bd}}, {{0x458cae96, 0xbc9c104d}}}, 
           ~^~~~~~~~~~
crlibm/exp_fast.h:351:46: warning: implicit conversion changes signedness: 'unsigned int' to 'int' [-Wsign-conversion]
         {{{0xd032e771, 0x3ff5c8bd}}, {{0x458cae96, 0xbc9c104d}}}, 
                                       ~            ^~~~~~~~~~
crlibm/exp_fast.h:353:6: warning: implicit conversion changes signedness: 'unsigned int' to 'int' [-Wsign-conversion]
         {{{0xfa69210a, 0x3ff5f47a}}, {{0x5dda0c01, 0x3c9d6444}}}, 
           ~^~~~~~~~~~
crlibm/exp_fast.h:354:34: warning: implicit conversion changes signedness: 'unsigned int' to 'int' [-Wsign-conversion]
         {{{0x734ab0e8, 0x3ff60a7a}}, {{0xf46f291b, 0x3c9d5591}}}, 
                                       ~^~~~~~~~~~
crlibm/exp_fast.h:355:6: warning: implicit conversion changes signedness: 'unsigned int' to 'int' [-Wsign-conversion]
         {{{0xf6a88a46, 0x3ff6208f}}, {{0xb232f74c, 0x3c74a145}}}, 
           ~^~~~~~~~~~
crlibm/exp_fast.h:355:34: warning: implicit conversion changes signedness: 'unsigned int' to 'int' [-Wsign-conversion]
         {{{0xf6a88a46, 0x3ff6208f}}, {{0xb232f74c, 0x3c74a145}}}, 
                                       ~^~~~~~~~~~
crlibm/exp_fast.h:356:6: warning: implicit conversion changes signedness: 'unsigned int' to 'int' [-Wsign-conversion]
         {{{0x9a983258, 0x3ff636bb}}, {{0x31f7248d, 0x3c9349cc}}}, 
           ~^~~~~~~~~~
crlibm/exp_fast.h:357:46: warning: implicit conversion changes signedness: 'unsigned int' to 'int' [-Wsign-conversion]
         {{{0x75454ee8, 0x3ff64cfd}}, {{0x6e05dd06, 0xbc902880}}}, 
                                       ~            ^~~~~~~~~~
crlibm/exp_fast.h:358:6: warning: implicit conversion changes signedness: 'unsigned int' to 'int' [-Wsign-conversion]
         {{{0x9cf1bc7c, 0x3ff66355}}, {{0xfbafe59e, 0x3c968782}}}, 
           ~^~~~~~~~~~
crlibm/exp_fast.h:358:34: warning: implicit conversion changes signedness: 'unsigned int' to 'int' [-Wsign-conversion]
         {{{0x9cf1bc7c, 0x3ff66355}}, {{0xfbafe59e, 0x3c968782}}}, 
                                       ~^~~~~~~~~~
crlibm/exp_fast.h:359:34: warning: implicit conversion changes signedness: 'unsigned int' to 'int' [-Wsign-conversion]
         {{{0x27f5a49f, 0x3ff679c4}}, {{0xa46f644f, 0x3c8c8270}}}, 
                                       ~^~~~~~~~~~
crlibm/exp_fast.h:360:46: warning: implicit conversion changes signedness: 'unsigned int' to 'int' [-Wsign-conversion]
         {{{0x2cbf9433, 0x3ff69049}}, {{0x3f7d6e43, 0xbc881283}}}, 
                                       ~            ^~~~~~~~~~
crlibm/exp_fast.h:361:6: warning: implicit conversion changes signedness: 'unsigned int' to 'int' [-Wsign-conversion]
         {{{0xc1d491e1, 0x3ff6a6e4}}, {{0xbd8afebd, 0x3c9e5530}}}
           ~^~~~~~~~~~
crlibm/exp_fast.h:361:34: warning: implicit conversion changes signedness: 'unsigned int' to 'int' [-Wsign-conversion]
         {{{0xc1d491e1, 0x3ff6a6e4}}, {{0xbd8afebd, 0x3c9e5530}}}
                                       ~^~~~~~~~~~
crlibm/exp_fast.c:40:14: warning: implicit conversion changes signedness: 'unsigned int' to 'int' [-Wsign-conversion]
 scs_huge ={{0xffffffff, 0x7fefffff}},
            ~^~~~~~~~~~
crlibm/exp_fast.c:187:10: warning: implicit conversion changes signedness: 'int' to 'unsigned int' [-Wsign-conversion]
  hx   = db.i[HI_ENDIAN]; 
       ~ ^~~~~~~~~~~~~~~
crlibm/exp_fast.c:193:28: warning: implicit conversion changes signedness: 'int' to 'unsigned int' [-Wsign-conversion]
      if (((hx&0x000fffff)|db.i[LO_ENDIAN])!=0)
                          ~^~~~~~~~~~~~~~~
crlibm/exp_fast.c:195:21: warning: implicit conversion changes signedness: 'int' to 'unsigned int' [-Wsign-conversion]
      else return ((db.i[HI_ENDIAN]&0x80000000)==0)? x:0.0;/* exp(+/-inf) = inf,0 */
                    ^~~~~~~~~~~~~~~~
crlibm/exp_fast.c:281:10: warning: implicit conversion changes signedness: 'int' to 'unsigned int' [-Wsign-conversion]
  hx   = db.i[HI_ENDIAN]; 
       ~ ^~~~~~~~~~~~~~~
crlibm/exp_fast.c:287:28: warning: implicit conversion changes signedness: 'int' to 'unsigned int' [-Wsign-conversion]
      if (((hx&0x000fffff)|db.i[LO_ENDIAN])!=0)
                          ~^~~~~~~~~~~~~~~
crlibm/exp_fast.c:289:21: warning: implicit conversion changes signedness: 'int' to 'unsigned int' [-Wsign-conversion]
      else return ((db.i[HI_ENDIAN]&0x80000000)==0)? x:0.0;/* exp(+/-inf) = inf,0 */
                    ^~~~~~~~~~~~~~~~
crlibm/exp_fast.c:369:10: warning: implicit conversion changes signedness: 'int' to 'unsigned int' [-Wsign-conversion]
  hx   = db.i[HI_ENDIAN];
       ~ ^~~~~~~~~~~~~~~
crlibm/exp_fast.c:375:28: warning: implicit conversion changes signedness: 'int' to 'unsigned int' [-Wsign-conversion]
      if (((hx&0x000fffff)|db.i[LO_ENDIAN])!=0)
                          ~^~~~~~~~~~~~~~~
crlibm/exp_fast.c:28:2: warning: unused variable 'twom53' [-Wunused-const-variable]
 twom53   = 1.11022302462515654042e-16, /* 0x3CA00000, 0x00000000 */
 ^
crlibm/exp_fast.c:31:2: warning: unused variable 'half' [-Wunused-const-variable]
 half[2]  = {0.5,
 ^
266 warnings generated.
