In file included from crlibm/multiplication_scs.c:30:
crlibm/scs_private.h:77:47: warning: implicit conversion changes signedness: 'unsigned int' to 'int' [-Wsign-conversion]
 static const db_number max_double        = {{0xFFFFFFFF ,                             0x7FEFFFFF }}; 
                                             ~^~~~~~~~~~
crlibm/multiplication_scs.c:191:19: warning: implicit conversion changes signedness: 'unsigned int' to 'int' [-Wsign-conversion]
  x7=X_HW[7];  y7=Y_HW[7];  x6=X_HW[6];  y6=Y_HW[6];
                 ~^~~~~~~
crlibm/scs_private.h:106:15: note: expanded from macro 'Y_HW'
#define Y_HW  y->h_word
              ^
crlibm/multiplication_scs.c:191:45: warning: implicit conversion changes signedness: 'unsigned int' to 'int' [-Wsign-conversion]
  x7=X_HW[7];  y7=Y_HW[7];  x6=X_HW[6];  y6=Y_HW[6];
                                           ~^~~~~~~
crlibm/scs_private.h:106:15: note: expanded from macro 'Y_HW'
#define Y_HW  y->h_word
              ^
crlibm/multiplication_scs.c:192:19: warning: implicit conversion changes signedness: 'unsigned int' to 'int' [-Wsign-conversion]
  x5=X_HW[5];  y5=Y_HW[5];  x4=X_HW[4];  y4=Y_HW[4];
                 ~^~~~~~~
crlibm/scs_private.h:106:15: note: expanded from macro 'Y_HW'
#define Y_HW  y->h_word
              ^
crlibm/multiplication_scs.c:192:45: warning: implicit conversion changes signedness: 'unsigned int' to 'int' [-Wsign-conversion]
  x5=X_HW[5];  y5=Y_HW[5];  x4=X_HW[4];  y4=Y_HW[4];
                                           ~^~~~~~~
crlibm/scs_private.h:106:15: note: expanded from macro 'Y_HW'
#define Y_HW  y->h_word
              ^
crlibm/multiplication_scs.c:193:19: warning: implicit conversion changes signedness: 'unsigned int' to 'int' [-Wsign-conversion]
  x3=X_HW[3];  y3=Y_HW[3];  x2=X_HW[2];  y2=Y_HW[2];
                 ~^~~~~~~
crlibm/scs_private.h:106:15: note: expanded from macro 'Y_HW'
#define Y_HW  y->h_word
              ^
crlibm/multiplication_scs.c:193:45: warning: implicit conversion changes signedness: 'unsigned int' to 'int' [-Wsign-conversion]
  x3=X_HW[3];  y3=Y_HW[3];  x2=X_HW[2];  y2=Y_HW[2];
                                           ~^~~~~~~
crlibm/scs_private.h:106:15: note: expanded from macro 'Y_HW'
#define Y_HW  y->h_word
              ^
crlibm/multiplication_scs.c:194:19: warning: implicit conversion changes signedness: 'unsigned int' to 'int' [-Wsign-conversion]
  x1=X_HW[1];  y1=Y_HW[1];  x0=X_HW[0];  y0=Y_HW[0];
                 ~^~~~~~~
crlibm/scs_private.h:106:15: note: expanded from macro 'Y_HW'
#define Y_HW  y->h_word
              ^
crlibm/multiplication_scs.c:194:45: warning: implicit conversion changes signedness: 'unsigned int' to 'int' [-Wsign-conversion]
  x1=X_HW[1];  y1=Y_HW[1];  x0=X_HW[0];  y0=Y_HW[0];
                                           ~^~~~~~~
crlibm/scs_private.h:106:15: note: expanded from macro 'Y_HW'
#define Y_HW  y->h_word
              ^
crlibm/multiplication_scs.c:196:11: warning: implicit conversion changes signedness: 'int' to 'unsigned long long' [-Wsign-conversion]
  r8 = x7*y1 + x6*y2 + x5*y3 + x4*y4 + x3*y5 + x2*y6 + x1*y7;
         ~^~
crlibm/multiplication_scs.c:196:19: warning: implicit conversion changes signedness: 'int' to 'unsigned long long' [-Wsign-conversion]
  r8 = x7*y1 + x6*y2 + x5*y3 + x4*y4 + x3*y5 + x2*y6 + x1*y7;
                 ~^~
crlibm/multiplication_scs.c:196:27: warning: implicit conversion changes signedness: 'int' to 'unsigned long long' [-Wsign-conversion]
  r8 = x7*y1 + x6*y2 + x5*y3 + x4*y4 + x3*y5 + x2*y6 + x1*y7;
                         ~^~
crlibm/multiplication_scs.c:196:35: warning: implicit conversion changes signedness: 'int' to 'unsigned long long' [-Wsign-conversion]
  r8 = x7*y1 + x6*y2 + x5*y3 + x4*y4 + x3*y5 + x2*y6 + x1*y7;
                                 ~^~
crlibm/multiplication_scs.c:196:43: warning: implicit conversion changes signedness: 'int' to 'unsigned long long' [-Wsign-conversion]
  r8 = x7*y1 + x6*y2 + x5*y3 + x4*y4 + x3*y5 + x2*y6 + x1*y7;
                                         ~^~
crlibm/multiplication_scs.c:196:51: warning: implicit conversion changes signedness: 'int' to 'unsigned long long' [-Wsign-conversion]
  r8 = x7*y1 + x6*y2 + x5*y3 + x4*y4 + x3*y5 + x2*y6 + x1*y7;
                                                 ~^~
crlibm/multiplication_scs.c:196:59: warning: implicit conversion changes signedness: 'int' to 'unsigned long long' [-Wsign-conversion]
  r8 = x7*y1 + x6*y2 + x5*y3 + x4*y4 + x3*y5 + x2*y6 + x1*y7;
                                                         ~^~
crlibm/multiplication_scs.c:197:11: warning: implicit conversion changes signedness: 'int' to 'unsigned long long' [-Wsign-conversion]
  r7 = x7*y0 + x6*y1 + x5*y2 + x4*y3 + x3*y4 + x2*y5 + x1*y6 + x0*y7;
         ~^~
crlibm/multiplication_scs.c:197:19: warning: implicit conversion changes signedness: 'int' to 'unsigned long long' [-Wsign-conversion]
  r7 = x7*y0 + x6*y1 + x5*y2 + x4*y3 + x3*y4 + x2*y5 + x1*y6 + x0*y7;
                 ~^~
crlibm/multiplication_scs.c:197:27: warning: implicit conversion changes signedness: 'int' to 'unsigned long long' [-Wsign-conversion]
  r7 = x7*y0 + x6*y1 + x5*y2 + x4*y3 + x3*y4 + x2*y5 + x1*y6 + x0*y7;
                         ~^~
crlibm/multiplication_scs.c:197:35: warning: implicit conversion changes signedness: 'int' to 'unsigned long long' [-Wsign-conversion]
  r7 = x7*y0 + x6*y1 + x5*y2 + x4*y3 + x3*y4 + x2*y5 + x1*y6 + x0*y7;
                                 ~^~
crlibm/multiplication_scs.c:197:43: warning: implicit conversion changes signedness: 'int' to 'unsigned long long' [-Wsign-conversion]
  r7 = x7*y0 + x6*y1 + x5*y2 + x4*y3 + x3*y4 + x2*y5 + x1*y6 + x0*y7;
                                         ~^~
crlibm/multiplication_scs.c:197:51: warning: implicit conversion changes signedness: 'int' to 'unsigned long long' [-Wsign-conversion]
  r7 = x7*y0 + x6*y1 + x5*y2 + x4*y3 + x3*y4 + x2*y5 + x1*y6 + x0*y7;
                                                 ~^~
crlibm/multiplication_scs.c:197:59: warning: implicit conversion changes signedness: 'int' to 'unsigned long long' [-Wsign-conversion]
  r7 = x7*y0 + x6*y1 + x5*y2 + x4*y3 + x3*y4 + x2*y5 + x1*y6 + x0*y7;
                                                         ~^~
crlibm/multiplication_scs.c:197:67: warning: implicit conversion changes signedness: 'int' to 'unsigned long long' [-Wsign-conversion]
  r7 = x7*y0 + x6*y1 + x5*y2 + x4*y3 + x3*y4 + x2*y5 + x1*y6 + x0*y7;
                                                                 ~^~
crlibm/multiplication_scs.c:198:11: warning: implicit conversion changes signedness: 'int' to 'unsigned long long' [-Wsign-conversion]
  r6 = x6*y0 + x5*y1 + x4*y2 + x3*y3 + x2*y4 + x1*y5 + x0*y6;
         ~^~
crlibm/multiplication_scs.c:198:19: warning: implicit conversion changes signedness: 'int' to 'unsigned long long' [-Wsign-conversion]
  r6 = x6*y0 + x5*y1 + x4*y2 + x3*y3 + x2*y4 + x1*y5 + x0*y6;
                 ~^~
crlibm/multiplication_scs.c:198:27: warning: implicit conversion changes signedness: 'int' to 'unsigned long long' [-Wsign-conversion]
  r6 = x6*y0 + x5*y1 + x4*y2 + x3*y3 + x2*y4 + x1*y5 + x0*y6;
                         ~^~
crlibm/multiplication_scs.c:198:35: warning: implicit conversion changes signedness: 'int' to 'unsigned long long' [-Wsign-conversion]
  r6 = x6*y0 + x5*y1 + x4*y2 + x3*y3 + x2*y4 + x1*y5 + x0*y6;
                                 ~^~
crlibm/multiplication_scs.c:198:43: warning: implicit conversion changes signedness: 'int' to 'unsigned long long' [-Wsign-conversion]
  r6 = x6*y0 + x5*y1 + x4*y2 + x3*y3 + x2*y4 + x1*y5 + x0*y6;
                                         ~^~
crlibm/multiplication_scs.c:198:51: warning: implicit conversion changes signedness: 'int' to 'unsigned long long' [-Wsign-conversion]
  r6 = x6*y0 + x5*y1 + x4*y2 + x3*y3 + x2*y4 + x1*y5 + x0*y6;
                                                 ~^~
crlibm/multiplication_scs.c:198:59: warning: implicit conversion changes signedness: 'int' to 'unsigned long long' [-Wsign-conversion]
  r6 = x6*y0 + x5*y1 + x4*y2 + x3*y3 + x2*y4 + x1*y5 + x0*y6;
                                                         ~^~
crlibm/multiplication_scs.c:199:11: warning: implicit conversion changes signedness: 'int' to 'unsigned long long' [-Wsign-conversion]
  r5 = x5*y0 + x4*y1 + x3*y2 + x2*y3 + x1*y4 + x0*y5;
         ~^~
crlibm/multiplication_scs.c:199:19: warning: implicit conversion changes signedness: 'int' to 'unsigned long long' [-Wsign-conversion]
  r5 = x5*y0 + x4*y1 + x3*y2 + x2*y3 + x1*y4 + x0*y5;
                 ~^~
crlibm/multiplication_scs.c:199:27: warning: implicit conversion changes signedness: 'int' to 'unsigned long long' [-Wsign-conversion]
  r5 = x5*y0 + x4*y1 + x3*y2 + x2*y3 + x1*y4 + x0*y5;
                         ~^~
crlibm/multiplication_scs.c:199:35: warning: implicit conversion changes signedness: 'int' to 'unsigned long long' [-Wsign-conversion]
  r5 = x5*y0 + x4*y1 + x3*y2 + x2*y3 + x1*y4 + x0*y5;
                                 ~^~
crlibm/multiplication_scs.c:199:43: warning: implicit conversion changes signedness: 'int' to 'unsigned long long' [-Wsign-conversion]
  r5 = x5*y0 + x4*y1 + x3*y2 + x2*y3 + x1*y4 + x0*y5;
                                         ~^~
crlibm/multiplication_scs.c:199:51: warning: implicit conversion changes signedness: 'int' to 'unsigned long long' [-Wsign-conversion]
  r5 = x5*y0 + x4*y1 + x3*y2 + x2*y3 + x1*y4 + x0*y5;
                                                 ~^~
crlibm/multiplication_scs.c:200:11: warning: implicit conversion changes signedness: 'int' to 'unsigned long long' [-Wsign-conversion]
  r4 = x4*y0 + x3*y1 + x2*y2 + x1*y3 + x0*y4 ;
         ~^~
crlibm/multiplication_scs.c:200:19: warning: implicit conversion changes signedness: 'int' to 'unsigned long long' [-Wsign-conversion]
  r4 = x4*y0 + x3*y1 + x2*y2 + x1*y3 + x0*y4 ;
                 ~^~
crlibm/multiplication_scs.c:200:27: warning: implicit conversion changes signedness: 'int' to 'unsigned long long' [-Wsign-conversion]
  r4 = x4*y0 + x3*y1 + x2*y2 + x1*y3 + x0*y4 ;
                         ~^~
crlibm/multiplication_scs.c:200:35: warning: implicit conversion changes signedness: 'int' to 'unsigned long long' [-Wsign-conversion]
  r4 = x4*y0 + x3*y1 + x2*y2 + x1*y3 + x0*y4 ;
                                 ~^~
crlibm/multiplication_scs.c:200:43: warning: implicit conversion changes signedness: 'int' to 'unsigned long long' [-Wsign-conversion]
  r4 = x4*y0 + x3*y1 + x2*y2 + x1*y3 + x0*y4 ;
                                         ~^~
crlibm/multiplication_scs.c:201:11: warning: implicit conversion changes signedness: 'int' to 'unsigned long long' [-Wsign-conversion]
  r3 = x3*y0 + x2*y1 + x1*y2 + x0*y3;
         ~^~
crlibm/multiplication_scs.c:201:19: warning: implicit conversion changes signedness: 'int' to 'unsigned long long' [-Wsign-conversion]
  r3 = x3*y0 + x2*y1 + x1*y2 + x0*y3;
                 ~^~
crlibm/multiplication_scs.c:201:27: warning: implicit conversion changes signedness: 'int' to 'unsigned long long' [-Wsign-conversion]
  r3 = x3*y0 + x2*y1 + x1*y2 + x0*y3;
                         ~^~
crlibm/multiplication_scs.c:201:35: warning: implicit conversion changes signedness: 'int' to 'unsigned long long' [-Wsign-conversion]
  r3 = x3*y0 + x2*y1 + x1*y2 + x0*y3;
                                 ~^~
crlibm/multiplication_scs.c:202:11: warning: implicit conversion changes signedness: 'int' to 'unsigned long long' [-Wsign-conversion]
  r2 = x2*y0 + x1*y1 + x0*y2;
         ~^~
crlibm/multiplication_scs.c:202:19: warning: implicit conversion changes signedness: 'int' to 'unsigned long long' [-Wsign-conversion]
  r2 = x2*y0 + x1*y1 + x0*y2;
                 ~^~
crlibm/multiplication_scs.c:202:27: warning: implicit conversion changes signedness: 'int' to 'unsigned long long' [-Wsign-conversion]
  r2 = x2*y0 + x1*y1 + x0*y2;
                         ~^~
crlibm/multiplication_scs.c:203:11: warning: implicit conversion changes signedness: 'int' to 'unsigned long long' [-Wsign-conversion]
  r1 = x1*y0 + x0*y1 ;
         ~^~
crlibm/multiplication_scs.c:203:19: warning: implicit conversion changes signedness: 'int' to 'unsigned long long' [-Wsign-conversion]
  r1 = x1*y0 + x0*y1 ;
                 ~^~
crlibm/multiplication_scs.c:204:11: warning: implicit conversion changes signedness: 'int' to 'unsigned long long' [-Wsign-conversion]
  r0 = x0*y0 ;
         ~^~
crlibm/multiplication_scs.c:220:15: warning: implicit conversion loses integer precision: 'SCS_CONVERSION_MUL' (aka 'unsigned long long') to 'unsigned int' [-Wshorten-64-to-32]
    R_HW[0] = val; R_HW[1] = r0; R_HW[2] = r1;  R_HW[3] = r2;
            ~ ^~~
crlibm/multiplication_scs.c:220:30: warning: implicit conversion loses integer precision: 'SCS_CONVERSION_MUL' (aka 'unsigned long long') to 'unsigned int' [-Wshorten-64-to-32]
    R_HW[0] = val; R_HW[1] = r0; R_HW[2] = r1;  R_HW[3] = r2;
                           ~ ^~
crlibm/multiplication_scs.c:220:44: warning: implicit conversion loses integer precision: 'SCS_CONVERSION_MUL' (aka 'unsigned long long') to 'unsigned int' [-Wshorten-64-to-32]
    R_HW[0] = val; R_HW[1] = r0; R_HW[2] = r1;  R_HW[3] = r2;
                                         ~ ^~
crlibm/multiplication_scs.c:220:59: warning: implicit conversion loses integer precision: 'SCS_CONVERSION_MUL' (aka 'unsigned long long') to 'unsigned int' [-Wshorten-64-to-32]
    R_HW[0] = val; R_HW[1] = r0; R_HW[2] = r1;  R_HW[3] = r2;
                                                        ~ ^~
crlibm/multiplication_scs.c:221:15: warning: implicit conversion loses integer precision: 'SCS_CONVERSION_MUL' (aka 'unsigned long long') to 'unsigned int' [-Wshorten-64-to-32]
    R_HW[4] = r3;  R_HW[5] = r4; R_HW[6] = r5;  R_HW[7] = r6;
            ~ ^~
crlibm/multiplication_scs.c:221:30: warning: implicit conversion loses integer precision: 'SCS_CONVERSION_MUL' (aka 'unsigned long long') to 'unsigned int' [-Wshorten-64-to-32]
    R_HW[4] = r3;  R_HW[5] = r4; R_HW[6] = r5;  R_HW[7] = r6;
                           ~ ^~
crlibm/multiplication_scs.c:221:44: warning: implicit conversion loses integer precision: 'SCS_CONVERSION_MUL' (aka 'unsigned long long') to 'unsigned int' [-Wshorten-64-to-32]
    R_HW[4] = r3;  R_HW[5] = r4; R_HW[6] = r5;  R_HW[7] = r6;
                                         ~ ^~
crlibm/multiplication_scs.c:221:59: warning: implicit conversion loses integer precision: 'SCS_CONVERSION_MUL' (aka 'unsigned long long') to 'unsigned int' [-Wshorten-64-to-32]
    R_HW[4] = r3;  R_HW[5] = r4; R_HW[6] = r5;  R_HW[7] = r6;
                                                        ~ ^~
crlibm/multiplication_scs.c:225:15: warning: implicit conversion loses integer precision: 'SCS_CONVERSION_MUL' (aka 'unsigned long long') to 'unsigned int' [-Wshorten-64-to-32]
    R_HW[0] = r0; R_HW[1] = r1; R_HW[2] = r2; R_HW[3] = r3;
            ~ ^~
crlibm/multiplication_scs.c:225:29: warning: implicit conversion loses integer precision: 'SCS_CONVERSION_MUL' (aka 'unsigned long long') to 'unsigned int' [-Wshorten-64-to-32]
    R_HW[0] = r0; R_HW[1] = r1; R_HW[2] = r2; R_HW[3] = r3;
                          ~ ^~
crlibm/multiplication_scs.c:225:43: warning: implicit conversion loses integer precision: 'SCS_CONVERSION_MUL' (aka 'unsigned long long') to 'unsigned int' [-Wshorten-64-to-32]
    R_HW[0] = r0; R_HW[1] = r1; R_HW[2] = r2; R_HW[3] = r3;
                                        ~ ^~
crlibm/multiplication_scs.c:225:57: warning: implicit conversion loses integer precision: 'SCS_CONVERSION_MUL' (aka 'unsigned long long') to 'unsigned int' [-Wshorten-64-to-32]
    R_HW[0] = r0; R_HW[1] = r1; R_HW[2] = r2; R_HW[3] = r3;
                                                      ~ ^~
crlibm/multiplication_scs.c:226:15: warning: implicit conversion loses integer precision: 'SCS_CONVERSION_MUL' (aka 'unsigned long long') to 'unsigned int' [-Wshorten-64-to-32]
    R_HW[4] = r4; R_HW[5] = r5; R_HW[6] = r6; R_HW[7] = r7;
            ~ ^~
crlibm/multiplication_scs.c:226:29: warning: implicit conversion loses integer precision: 'SCS_CONVERSION_MUL' (aka 'unsigned long long') to 'unsigned int' [-Wshorten-64-to-32]
    R_HW[4] = r4; R_HW[5] = r5; R_HW[6] = r6; R_HW[7] = r7;
                          ~ ^~
crlibm/multiplication_scs.c:226:43: warning: implicit conversion loses integer precision: 'SCS_CONVERSION_MUL' (aka 'unsigned long long') to 'unsigned int' [-Wshorten-64-to-32]
    R_HW[4] = r4; R_HW[5] = r5; R_HW[6] = r6; R_HW[7] = r7;
                                        ~ ^~
crlibm/multiplication_scs.c:226:57: warning: implicit conversion loses integer precision: 'SCS_CONVERSION_MUL' (aka 'unsigned long long') to 'unsigned int' [-Wshorten-64-to-32]
    R_HW[4] = r4; R_HW[5] = r5; R_HW[6] = r6; R_HW[7] = r7;
                                                      ~ ^~
crlibm/multiplication_scs.c:272:15: warning: implicit conversion loses integer precision: 'SCS_CONVERSION_MUL' (aka 'unsigned long long') to 'unsigned int' [-Wshorten-64-to-32]
    R_HW[0] = val; R_HW[1] = r0; R_HW[2] = r1;  R_HW[3] = r2;
            ~ ^~~
crlibm/multiplication_scs.c:272:30: warning: implicit conversion loses integer precision: 'SCS_CONVERSION_MUL' (aka 'unsigned long long') to 'unsigned int' [-Wshorten-64-to-32]
    R_HW[0] = val; R_HW[1] = r0; R_HW[2] = r1;  R_HW[3] = r2;
                           ~ ^~
crlibm/multiplication_scs.c:272:44: warning: implicit conversion loses integer precision: 'SCS_CONVERSION_MUL' (aka 'unsigned long long') to 'unsigned int' [-Wshorten-64-to-32]
    R_HW[0] = val; R_HW[1] = r0; R_HW[2] = r1;  R_HW[3] = r2;
                                         ~ ^~
crlibm/multiplication_scs.c:272:59: warning: implicit conversion loses integer precision: 'SCS_CONVERSION_MUL' (aka 'unsigned long long') to 'unsigned int' [-Wshorten-64-to-32]
    R_HW[0] = val; R_HW[1] = r0; R_HW[2] = r1;  R_HW[3] = r2;
                                                        ~ ^~
crlibm/multiplication_scs.c:273:15: warning: implicit conversion loses integer precision: 'SCS_CONVERSION_MUL' (aka 'unsigned long long') to 'unsigned int' [-Wshorten-64-to-32]
    R_HW[4] = r3;  R_HW[5] = r4; R_HW[6] = r5;  R_HW[7] = r6;
            ~ ^~
crlibm/multiplication_scs.c:273:30: warning: implicit conversion loses integer precision: 'SCS_CONVERSION_MUL' (aka 'unsigned long long') to 'unsigned int' [-Wshorten-64-to-32]
    R_HW[4] = r3;  R_HW[5] = r4; R_HW[6] = r5;  R_HW[7] = r6;
                           ~ ^~
crlibm/multiplication_scs.c:273:44: warning: implicit conversion loses integer precision: 'SCS_CONVERSION_MUL' (aka 'unsigned long long') to 'unsigned int' [-Wshorten-64-to-32]
    R_HW[4] = r3;  R_HW[5] = r4; R_HW[6] = r5;  R_HW[7] = r6;
                                         ~ ^~
crlibm/multiplication_scs.c:273:59: warning: implicit conversion loses integer precision: 'SCS_CONVERSION_MUL' (aka 'unsigned long long') to 'unsigned int' [-Wshorten-64-to-32]
    R_HW[4] = r3;  R_HW[5] = r4; R_HW[6] = r5;  R_HW[7] = r6;
                                                        ~ ^~
crlibm/multiplication_scs.c:277:15: warning: implicit conversion loses integer precision: 'SCS_CONVERSION_MUL' (aka 'unsigned long long') to 'unsigned int' [-Wshorten-64-to-32]
    R_HW[0] = r0; R_HW[1] = r1; R_HW[2] = r2; R_HW[3] = r3;
            ~ ^~
crlibm/multiplication_scs.c:277:29: warning: implicit conversion loses integer precision: 'SCS_CONVERSION_MUL' (aka 'unsigned long long') to 'unsigned int' [-Wshorten-64-to-32]
    R_HW[0] = r0; R_HW[1] = r1; R_HW[2] = r2; R_HW[3] = r3;
                          ~ ^~
crlibm/multiplication_scs.c:277:43: warning: implicit conversion loses integer precision: 'SCS_CONVERSION_MUL' (aka 'unsigned long long') to 'unsigned int' [-Wshorten-64-to-32]
    R_HW[0] = r0; R_HW[1] = r1; R_HW[2] = r2; R_HW[3] = r3;
                                        ~ ^~
crlibm/multiplication_scs.c:277:57: warning: implicit conversion loses integer precision: 'SCS_CONVERSION_MUL' (aka 'unsigned long long') to 'unsigned int' [-Wshorten-64-to-32]
    R_HW[0] = r0; R_HW[1] = r1; R_HW[2] = r2; R_HW[3] = r3;
                                                      ~ ^~
crlibm/multiplication_scs.c:278:15: warning: implicit conversion loses integer precision: 'SCS_CONVERSION_MUL' (aka 'unsigned long long') to 'unsigned int' [-Wshorten-64-to-32]
    R_HW[4] = r4; R_HW[5] = r5; R_HW[6] = r6; R_HW[7] = r7;
            ~ ^~
crlibm/multiplication_scs.c:278:29: warning: implicit conversion loses integer precision: 'SCS_CONVERSION_MUL' (aka 'unsigned long long') to 'unsigned int' [-Wshorten-64-to-32]
    R_HW[4] = r4; R_HW[5] = r5; R_HW[6] = r6; R_HW[7] = r7;
                          ~ ^~
crlibm/multiplication_scs.c:278:43: warning: implicit conversion loses integer precision: 'SCS_CONVERSION_MUL' (aka 'unsigned long long') to 'unsigned int' [-Wshorten-64-to-32]
    R_HW[4] = r4; R_HW[5] = r5; R_HW[6] = r6; R_HW[7] = r7;
                                        ~ ^~
crlibm/multiplication_scs.c:278:57: warning: implicit conversion loses integer precision: 'SCS_CONVERSION_MUL' (aka 'unsigned long long') to 'unsigned int' [-Wshorten-64-to-32]
    R_HW[4] = r4; R_HW[5] = r5; R_HW[6] = r6; R_HW[7] = r7;
                                                      ~ ^~
crlibm/multiplication_scs.c:459:15: warning: implicit conversion loses integer precision: 'SCS_CONVERSION_MUL' (aka 'unsigned long long') to 'unsigned int' [-Wshorten-64-to-32]
    X_HW[i] = val;
            ~ ^~~
crlibm/multiplication_scs.c:469:15: warning: implicit conversion loses integer precision: 'SCS_CONVERSION_MUL' (aka 'unsigned long long') to 'unsigned int' [-Wshorten-64-to-32]
    X_HW[0] = val;
            ~ ^~~
86 warnings generated.
