In file included from crlibm/rem_pio2.c:11:
In file included from crlibm/coefpi2.h:8:
In file included from crlibm/crlibm_private.h:12:
crlibm/scs_private.h:77:47: warning: implicit conversion changes signedness: 'unsigned int' to 'int' [-Wsign-conversion]
 static const db_number max_double        = {{0xFFFFFFFF ,                             0x7FEFFFFF }}; 
                                             ~^~~~~~~~~~
crlibm/rem_pio2.c:71:14: warning: equality comparison with extraneous parentheses [-Wparentheses-equality]
  if ((X_IND == -1)){
       ~~~~~~^~~~~
crlibm/rem_pio2.c:71:14: note: remove extraneous parentheses around the comparison to silence this warning
  if ((X_IND == -1)){
      ~      ^    ~
crlibm/rem_pio2.c:71:14: note: use '=' to turn this equality comparison into an assignment
  if ((X_IND == -1)){
             ^~
             =
crlibm/rem_pio2.c:194:11: warning: implicit conversion changes signedness: 'unsigned int' to 'int' [-Wsign-conversion]
  return N*X_SGN;
  ~~~~~~ ~^~~~~~
crlibm/rem_pio2.c:194:12: warning: implicit conversion changes signedness: 'int' to 'unsigned int' [-Wsign-conversion]
  return N*X_SGN;
          ~^~~~~
crlibm/scs_private.h:102:18: note: expanded from macro 'X_SGN'
#define X_SGN x->sign
              ~~~^~~~
crlibm/rem_pio2.c:158:7: warning: implicit conversion loses integer precision: 'unsigned long long' to 'unsigned int' [-Wshorten-64-to-32]
  N = r[0];
    ~ ^~~~
crlibm/rem_pio2.c:183:45: warning: implicit conversion loses integer precision: 'unsigned long long' to 'unsigned int' [-Wshorten-64-to-32]
  for(j=0; j<SCS_NB_WORDS; j++) { R_HW[j] = r[i+j];}
                                          ~ ^~~~~~
6 warnings generated.
