In file included from crlibm/trigo_fast.c:4:
In file included from crlibm/crlibm_private.h:12:
crlibm/scs_private.h:77:47: warning: implicit conversion changes signedness: 'unsigned int' to 'int' [-Wsign-conversion]
 static const db_number max_double        = {{0xFFFFFFFF ,                             0x7FEFFFFF }}; 
                                             ~^~~~~~~~~~
In file included from crlibm/trigo_fast.c:5:
crlibm/trigo_fast.h:312:42: warning: implicit conversion changes signedness: 'unsigned int' to 'int' [-Wsign-conversion]
static db_number const s3 = {{0x55555555,0xBFC55555}} /* -1.6666666667e-01 */;
                             ~           ^~~~~~~~~~
crlibm/trigo_fast.h:314:42: warning: implicit conversion changes signedness: 'unsigned int' to 'int' [-Wsign-conversion]
static db_number const s7 = {{0x1A01A01A,0xBF2A01A0}} /* -1.9841269841e-04 */;
                             ~           ^~~~~~~~~~
crlibm/trigo_fast.h:315:31: warning: implicit conversion changes signedness: 'unsigned int' to 'int' [-Wsign-conversion]
static db_number const s9 = {{0xA556C734,0x3EC71DE3}} /* +2.7557319224e-06 */;
                             ~^~~~~~~~~~
crlibm/trigo_fast.h:317:42: warning: implicit conversion changes signedness: 'unsigned int' to 'int' [-Wsign-conversion]
static db_number const c2 = {{0x00000000,0xBFE00000}} /* -5.0000000000e-01 */;
                             ~           ^~~~~~~~~~
crlibm/trigo_fast.h:319:42: warning: implicit conversion changes signedness: 'unsigned int' to 'int' [-Wsign-conversion]
static db_number const c6 = {{0x16C16C17,0xBF56C16C}} /* -1.3888888889e-03 */;
                             ~           ^~~~~~~~~~
crlibm/trigo_fast.h:331:3: warning: implicit conversion changes signedness: 'unsigned int' to 'int' [-Wsign-conversion]
{{0xFCDEC784,0x3F8921D1}} /* +1.2271538286e-02 */ ,
 ~^~~~~~~~~~
crlibm/trigo_fast.h:332:3: warning: implicit conversion changes signedness: 'unsigned int' to 'int' [-Wsign-conversion]
{{0xBE836D9D,0x3C29878E}} /* +6.9197907640e-19 */ ,
 ~^~~~~~~~~~
crlibm/trigo_fast.h:334:3: warning: implicit conversion changes signedness: 'unsigned int' to 'int' [-Wsign-conversion]
{{0xC81FBD0D,0x3C85DDA3}} /* +3.7931082513e-17 */ ,
 ~^~~~~~~~~~
crlibm/trigo_fast.h:335:3: warning: implicit conversion changes signedness: 'unsigned int' to 'int' [-Wsign-conversion]
{{0xF7A3667E,0x3F992155}} /* +2.4541228523e-02 */ ,
 ~^~~~~~~~~~
crlibm/trigo_fast.h:336:14: warning: implicit conversion changes signedness: 'unsigned int' to 'int' [-Wsign-conversion]
{{0x091A0130,0xBBFB1D63}} /* -9.1868490126e-20 */ ,
 ~           ^~~~~~~~~~
crlibm/trigo_fast.h:338:14: warning: implicit conversion changes signedness: 'unsigned int' to 'int' [-Wsign-conversion]
{{0x4556E4CB,0xBC81354D}} /* -2.9851486404e-17 */ ,
 ~           ^~~~~~~~~~
crlibm/trigo_fast.h:341:3: warning: implicit conversion changes signedness: 'unsigned int' to 'int' [-Wsign-conversion]
{{0xEFFEF75D,0x3FEFFA72}} /* +9.9932238459e-01 */ ,
 ~^~~~~~~~~~
crlibm/trigo_fast.h:342:3: warning: implicit conversion changes signedness: 'unsigned int' to 'int' [-Wsign-conversion]
{{0xCDB25956,0xBC88B4CD}} /* -4.2858538441e-17 */ ,
 ~^~~~~~~~~~
crlibm/trigo_fast.h:342:14: warning: implicit conversion changes signedness: 'unsigned int' to 'int' [-Wsign-conversion]
{{0xCDB25956,0xBC88B4CD}} /* -4.2858538441e-17 */ ,
 ~           ^~~~~~~~~~
crlibm/trigo_fast.h:343:3: warning: implicit conversion changes signedness: 'unsigned int' to 'int' [-Wsign-conversion]
{{0xF10DD814,0x3FA91F65}} /* +4.9067674327e-02 */ ,
 ~^~~~~~~~~~
crlibm/trigo_fast.h:344:14: warning: implicit conversion changes signedness: 'unsigned int' to 'int' [-Wsign-conversion]
{{0x0D569A90,0xBC2912BD}} /* -6.7961037205e-19 */ ,
 ~           ^~~~~~~~~~
crlibm/trigo_fast.h:345:3: warning: implicit conversion changes signedness: 'unsigned int' to 'int' [-Wsign-conversion]
{{0xE3796D7E,0x3FEFF621}} /* +9.9879545621e-01 */ ,
 ~^~~~~~~~~~
crlibm/trigo_fast.h:346:14: warning: implicit conversion changes signedness: 'unsigned int' to 'int' [-Wsign-conversion]
{{0x2E24AA15,0xBC6C57BC}} /* -1.2291693337e-17 */ ,
 ~           ^~~~~~~~~~
crlibm/trigo_fast.h:348:3: warning: implicit conversion changes signedness: 'unsigned int' to 'int' [-Wsign-conversion]
{{0xE392BFFE,0xBC22E1EB}} /* -5.1181134065e-19 */ ,
 ~^~~~~~~~~~
crlibm/trigo_fast.h:348:14: warning: implicit conversion changes signedness: 'unsigned int' to 'int' [-Wsign-conversion]
{{0xE392BFFE,0xBC22E1EB}} /* -5.1181134065e-19 */ ,
 ~           ^~~~~~~~~~
crlibm/trigo_fast.h:350:3: warning: implicit conversion changes signedness: 'unsigned int' to 'int' [-Wsign-conversion]
{{0xE18A4B9E,0x3C801A8C}} /* +2.7935487558e-17 */ ,
 ~^~~~~~~~~~
crlibm/trigo_fast.h:351:3: warning: implicit conversion changes signedness: 'unsigned int' to 'int' [-Wsign-conversion]
{{0x92CE19F6,0x3FB2D520}} /* +7.3564563600e-02 */ ,
 ~^~~~~~~~~~
crlibm/trigo_fast.h:352:3: warning: implicit conversion changes signedness: 'unsigned int' to 'int' [-Wsign-conversion]
{{0xA8BF6B2C,0xBC49A088}} /* -2.7784941506e-18 */ ,
 ~^~~~~~~~~~
crlibm/trigo_fast.h:352:14: warning: implicit conversion changes signedness: 'unsigned int' to 'int' [-Wsign-conversion]
{{0xA8BF6B2C,0xBC49A088}} /* -2.7784941506e-18 */ ,
 ~           ^~~~~~~~~~
crlibm/trigo_fast.h:353:3: warning: implicit conversion changes signedness: 'unsigned int' to 'int' [-Wsign-conversion]
{{0xAD01883A,0x3FEFE9CD}} /* +9.9729045668e-01 */ ,
 ~^~~~~~~~~~
crlibm/trigo_fast.h:354:3: warning: implicit conversion changes signedness: 'unsigned int' to 'int' [-Wsign-conversion]
{{0xD0C67E35,0x3C6521EC}} /* +9.1647695371e-18 */ ,
 ~^~~~~~~~~~
crlibm/trigo_fast.h:356:3: warning: implicit conversion changes signedness: 'unsigned int' to 'int' [-Wsign-conversion]
{{0xD03F6C9A,0xBC4F4022}} /* -3.3881893831e-18 */ ,
 ~^~~~~~~~~~
crlibm/trigo_fast.h:356:14: warning: implicit conversion changes signedness: 'unsigned int' to 'int' [-Wsign-conversion]
{{0xD03F6C9A,0xBC4F4022}} /* -3.3881893831e-18 */ ,
 ~           ^~~~~~~~~~
crlibm/trigo_fast.h:357:3: warning: implicit conversion changes signedness: 'unsigned int' to 'int' [-Wsign-conversion]
{{0xFCBD5B09,0x3FEFE1CA}} /* +9.9631261218e-01 */ ,
 ~^~~~~~~~~~
crlibm/trigo_fast.h:359:3: warning: implicit conversion changes signedness: 'unsigned int' to 'int' [-Wsign-conversion]
{{0xBC29B42C,0x3FB917A6}} /* +9.8017140330e-02 */ ,
 ~^~~~~~~~~~
crlibm/trigo_fast.h:360:3: warning: implicit conversion changes signedness: 'unsigned int' to 'int' [-Wsign-conversion]
{{0xD26ED688,0xBC3E2718}} /* -1.6345823622e-18 */ ,
 ~^~~~~~~~~~
crlibm/trigo_fast.h:360:14: warning: implicit conversion changes signedness: 'unsigned int' to 'int' [-Wsign-conversion]
{{0xD26ED688,0xBC3E2718}} /* -1.6345823622e-18 */ ,
 ~           ^~~~~~~~~~
crlibm/trigo_fast.h:361:3: warning: implicit conversion changes signedness: 'unsigned int' to 'int' [-Wsign-conversion]
{{0xA3D12526,0x3FEFD88D}} /* +9.9518472667e-01 */ ,
 ~^~~~~~~~~~
crlibm/trigo_fast.h:362:14: warning: implicit conversion changes signedness: 'unsigned int' to 'int' [-Wsign-conversion]
{{0x378811C7,0xBC887DF6}} /* -4.2486913678e-17 */ ,
 ~           ^~~~~~~~~~
crlibm/trigo_fast.h:363:3: warning: implicit conversion changes signedness: 'unsigned int' to 'int' [-Wsign-conversion]
{{0xC79EC2D5,0x3FBC3785}} /* +1.1022220729e-01 */ ,
 ~^~~~~~~~~~
crlibm/trigo_fast.h:364:3: warning: implicit conversion changes signedness: 'unsigned int' to 'int' [-Wsign-conversion]
{{0xF133FB21,0xBC24F39D}} /* -5.6789503538e-19 */ ,
 ~^~~~~~~~~~
crlibm/trigo_fast.h:364:14: warning: implicit conversion changes signedness: 'unsigned int' to 'int' [-Wsign-conversion]
{{0xF133FB21,0xBC24F39D}} /* -5.6789503538e-19 */ ,
 ~           ^~~~~~~~~~
crlibm/trigo_fast.h:365:3: warning: implicit conversion changes signedness: 'unsigned int' to 'int' [-Wsign-conversion]
{{0xFD6DA67B,0x3FEFCE15}} /* +9.9390697000e-01 */ ,
 ~^~~~~~~~~~
crlibm/trigo_fast.h:366:3: warning: implicit conversion changes signedness: 'unsigned int' to 'int' [-Wsign-conversion]
{{0x830D4C09,0xBC75DD6F}} /* -1.8964849471e-17 */ ,
 ~^~~~~~~~~~
crlibm/trigo_fast.h:366:14: warning: implicit conversion changes signedness: 'unsigned int' to 'int' [-Wsign-conversion]
{{0x830D4C09,0xBC75DD6F}} /* -1.8964849471e-17 */ ,
 ~           ^~~~~~~~~~
crlibm/trigo_fast.h:371:3: warning: implicit conversion changes signedness: 'unsigned int' to 'int' [-Wsign-conversion]
{{0xCEDAF577,0x3FC139F0}} /* +1.3458070851e-01 */ ,
 ~^~~~~~~~~~
crlibm/trigo_fast.h:372:14: warning: implicit conversion changes signedness: 'unsigned int' to 'int' [-Wsign-conversion]
{{0x4D1B3CFA,0xBC652343}} /* -9.1670359171e-18 */ ,
 ~           ^~~~~~~~~~
crlibm/trigo_fast.h:376:3: warning: implicit conversion changes signedness: 'unsigned int' to 'int' [-Wsign-conversion]
{{0xA89A11E0,0x3C513000}} /* +3.7269471470e-18 */ ,
 ~^~~~~~~~~~
crlibm/trigo_fast.h:378:3: warning: implicit conversion changes signedness: 'unsigned int' to 'int' [-Wsign-conversion]
{{0xCA13571F,0xBC87A0A8}} /* -4.0987309937e-17 */ ,
 ~^~~~~~~~~~
crlibm/trigo_fast.h:378:14: warning: implicit conversion changes signedness: 'unsigned int' to 'int' [-Wsign-conversion]
{{0xCA13571F,0xBC87A0A8}} /* -4.0987309937e-17 */ ,
 ~           ^~~~~~~~~~
crlibm/trigo_fast.h:379:3: warning: implicit conversion changes signedness: 'unsigned int' to 'int' [-Wsign-conversion]
{{0xB1293E5A,0x3FC45576}} /* +1.5885814333e-01 */ ,
 ~^~~~~~~~~~
crlibm/trigo_fast.h:380:14: warning: implicit conversion changes signedness: 'unsigned int' to 'int' [-Wsign-conversion]
{{0x4119F7B1,0xBC5285A2}} /* -4.0163200574e-18 */ ,
 ~           ^~~~~~~~~~
crlibm/trigo_fast.h:382:3: warning: implicit conversion changes signedness: 'unsigned int' to 'int' [-Wsign-conversion]
{{0xEEA5963B,0xBC8E2AE0}} /* -5.2332261256e-17 */ ,
 ~^~~~~~~~~~
crlibm/trigo_fast.h:382:14: warning: implicit conversion changes signedness: 'unsigned int' to 'int' [-Wsign-conversion]
{{0xEEA5963B,0xBC8E2AE0}} /* -5.2332261256e-17 */ ,
 ~           ^~~~~~~~~~
crlibm/trigo_fast.h:385:3: warning: implicit conversion changes signedness: 'unsigned int' to 'int' [-Wsign-conversion]
{{0xFA714BA9,0x3FEF8764}} /* +9.8527764239e-01 */ ,
 ~^~~~~~~~~~
crlibm/trigo_fast.h:387:3: warning: implicit conversion changes signedness: 'unsigned int' to 'int' [-Wsign-conversion]
{{0xDE50BF31,0x3FC76DD9}} /* +1.8303988796e-01 */ ,
 ~^~~~~~~~~~
crlibm/trigo_fast.h:388:3: warning: implicit conversion changes signedness: 'unsigned int' to 'int' [-Wsign-conversion]
{{0xEC501B2F,0x3C61D5EE}} /* +7.7349918689e-18 */ ,
 ~^~~~~~~~~~
crlibm/trigo_fast.h:389:3: warning: implicit conversion changes signedness: 'unsigned int' to 'int' [-Wsign-conversion]
{{0xA3A12077,0x3FEF7599}} /* +9.8310548743e-01 */ ,
 ~^~~~~~~~~~
crlibm/trigo_fast.h:390:3: warning: implicit conversion changes signedness: 'unsigned int' to 'int' [-Wsign-conversion]
{{0xD743195C,0x3C884F31}} /* +4.2170007523e-17 */ ,
 ~^~~~~~~~~~
crlibm/trigo_fast.h:392:3: warning: implicit conversion changes signedness: 'unsigned int' to 'int' [-Wsign-conversion]
{{0xB9FF8D82,0xBC626D19}} /* -7.9910790685e-18 */ ,
 ~^~~~~~~~~~
crlibm/trigo_fast.h:392:14: warning: implicit conversion changes signedness: 'unsigned int' to 'int' [-Wsign-conversion]
{{0xB9FF8D82,0xBC626D19}} /* -7.9910790685e-18 */ ,
 ~           ^~~~~~~~~~
crlibm/trigo_fast.h:393:3: warning: implicit conversion changes signedness: 'unsigned int' to 'int' [-Wsign-conversion]
{{0xCFF75CB0,0x3FEF6297}} /* +9.8078528040e-01 */ ,
 ~^~~~~~~~~~
crlibm/trigo_fast.h:396:3: warning: implicit conversion changes signedness: 'unsigned int' to 'int' [-Wsign-conversion]
{{0xFFD084AD,0xBC687905}} /* -1.0613362529e-17 */ ,
 ~^~~~~~~~~~
crlibm/trigo_fast.h:396:14: warning: implicit conversion changes signedness: 'unsigned int' to 'int' [-Wsign-conversion]
{{0xFFD084AD,0xBC687905}} /* -1.0613362529e-17 */ ,
 ~           ^~~~~~~~~~
crlibm/trigo_fast.h:398:3: warning: implicit conversion changes signedness: 'unsigned int' to 'int' [-Wsign-conversion]
{{0xE695AC05,0xBC78EE01}} /* -2.1623082233e-17 */ ,
 ~^~~~~~~~~~
crlibm/trigo_fast.h:398:14: warning: implicit conversion changes signedness: 'unsigned int' to 'int' [-Wsign-conversion]
{{0xE695AC05,0xBC78EE01}} /* -2.1623082233e-17 */ ,
 ~           ^~~~~~~~~~
crlibm/trigo_fast.h:400:3: warning: implicit conversion changes signedness: 'unsigned int' to 'int' [-Wsign-conversion]
{{0x9E521935,0xBC1AF143}} /* -3.6513812299e-19 */ ,
 ~^~~~~~~~~~
crlibm/trigo_fast.h:400:14: warning: implicit conversion changes signedness: 'unsigned int' to 'int' [-Wsign-conversion]
{{0x9E521935,0xBC1AF143}} /* -3.6513812299e-19 */ ,
 ~           ^~~~~~~~~~
crlibm/trigo_fast.h:401:3: warning: implicit conversion changes signedness: 'unsigned int' to 'int' [-Wsign-conversion]
{{0xAC64E589,0x3FEF38F3}} /* +9.7570213004e-01 */ ,
 ~^~~~~~~~~~
crlibm/trigo_fast.h:402:3: warning: implicit conversion changes signedness: 'unsigned int' to 'int' [-Wsign-conversion]
{{0xB51F72E6,0xBC7D7BAF}} /* -2.5572556081e-17 */ ,
 ~^~~~~~~~~~
crlibm/trigo_fast.h:402:14: warning: implicit conversion changes signedness: 'unsigned int' to 'int' [-Wsign-conversion]
{{0xB51F72E6,0xBC7D7BAF}} /* -2.5572556081e-17 */ ,
 ~           ^~~~~~~~~~
crlibm/trigo_fast.h:403:3: warning: implicit conversion changes signedness: 'unsigned int' to 'int' [-Wsign-conversion]
{{0xE5454311,0x3FCD934F}} /* +2.3105810828e-01 */ ,
 ~^~~~~~~~~~
crlibm/trigo_fast.h:405:3: warning: implicit conversion changes signedness: 'unsigned int' to 'int' [-Wsign-conversion]
{{0xF7763ADA,0x3FEF2252}} /* +9.7293995221e-01 */ ,
 ~^~~~~~~~~~
crlibm/trigo_fast.h:406:14: warning: implicit conversion changes signedness: 'unsigned int' to 'int' [-Wsign-conversion]
{{0x1C8D94AB,0xBC820CB8}} /* -3.1311211122e-17 */ ,
 ~           ^~~~~~~~~~
crlibm/trigo_fast.h:408:3: warning: implicit conversion changes signedness: 'unsigned int' to 'int' [-Wsign-conversion]
{{0xF11DA2C4,0xBC642DEE}} /* -8.7514315297e-18 */ ,
 ~^~~~~~~~~~
crlibm/trigo_fast.h:408:14: warning: implicit conversion changes signedness: 'unsigned int' to 'int' [-Wsign-conversion]
{{0xF11DA2C4,0xBC642DEE}} /* -8.7514315297e-18 */ ,
 ~           ^~~~~~~~~~
crlibm/trigo_fast.h:409:3: warning: implicit conversion changes signedness: 'unsigned int' to 'int' [-Wsign-conversion]
{{0xFB9230D7,0x3FEF0A7E}} /* +9.7003125319e-01 */ ,
 ~^~~~~~~~~~
crlibm/trigo_fast.h:410:3: warning: implicit conversion changes signedness: 'unsigned int' to 'int' [-Wsign-conversion]
{{0xDC6B4989,0x3C752C7A}} /* +1.8365300348e-17 */ ,
 ~^~~~~~~~~~
crlibm/trigo_fast.h:412:3: warning: implicit conversion changes signedness: 'unsigned int' to 'int' [-Wsign-conversion]
{{0xB72583CC,0xBC0412CD}} /* -1.3602299807e-19 */ ,
 ~^~~~~~~~~~
crlibm/trigo_fast.h:412:14: warning: implicit conversion changes signedness: 'unsigned int' to 'int' [-Wsign-conversion]
{{0xB72583CC,0xBC0412CD}} /* -1.3602299807e-19 */ ,
 ~           ^~~~~~~~~~
crlibm/trigo_fast.h:413:3: warning: implicit conversion changes signedness: 'unsigned int' to 'int' [-Wsign-conversion]
{{0xA3E473C2,0x3FEEF178}} /* +9.6697647104e-01 */ ,
 ~^~~~~~~~~~
crlibm/trigo_fast.h:417:3: warning: implicit conversion changes signedness: 'unsigned int' to 'int' [-Wsign-conversion]
{{0xE7684963,0x3FEED740}} /* +9.6377606580e-01 */ ,
 ~^~~~~~~~~~
crlibm/trigo_fast.h:418:3: warning: implicit conversion changes signedness: 'unsigned int' to 'int' [-Wsign-conversion]
{{0x91F59CC2,0x3C7E82C7}} /* +2.6463950561e-17 */ ,
 ~^~~~~~~~~~
crlibm/trigo_fast.h:420:14: warning: implicit conversion changes signedness: 'unsigned int' to 'int' [-Wsign-conversion]
{{0x1C13519E,0xBC6720D4}} /* -1.0030273720e-17 */ ,
 ~           ^~~~~~~~~~
crlibm/trigo_fast.h:421:3: warning: implicit conversion changes signedness: 'unsigned int' to 'int' [-Wsign-conversion]
{{0xC8DF0B74,0x3FEEBBD8}} /* +9.6043051942e-01 */ ,
 ~^~~~~~~~~~
crlibm/trigo_fast.h:424:3: warning: implicit conversion changes signedness: 'unsigned int' to 'int' [-Wsign-conversion]
{{0xA2C4612D,0xBC75D28D}} /* -1.8927978708e-17 */ ,
 ~^~~~~~~~~~
crlibm/trigo_fast.h:424:14: warning: implicit conversion changes signedness: 'unsigned int' to 'int' [-Wsign-conversion]
{{0xA2C4612D,0xBC75D28D}} /* -1.8927978708e-17 */ ,
 ~           ^~~~~~~~~~
crlibm/trigo_fast.h:426:3: warning: implicit conversion changes signedness: 'unsigned int' to 'int' [-Wsign-conversion]
{{0xE2E3F81E,0x3C8760B1}} /* +4.0553869862e-17 */ ,
 ~^~~~~~~~~~
crlibm/trigo_fast.h:427:3: warning: implicit conversion changes signedness: 'unsigned int' to 'int' [-Wsign-conversion]
{{0xC2E18152,0x3FD35410}} /* +3.0200594932e-01 */ ,
 ~^~~~~~~~~~
crlibm/trigo_fast.h:428:14: warning: implicit conversion changes signedness: 'unsigned int' to 'int' [-Wsign-conversion]
{{0x2F96E062,0xBC73CB00}} /* -1.7167666235e-17 */ ,
 ~           ^~~~~~~~~~
crlibm/trigo_fast.h:429:3: warning: implicit conversion changes signedness: 'unsigned int' to 'int' [-Wsign-conversion]
{{0xAB4CD10D,0x3FEE817B}} /* +9.5330604035e-01 */ ,
 ~^~~~~~~~~~
crlibm/trigo_fast.h:430:14: warning: implicit conversion changes signedness: 'unsigned int' to 'int' [-Wsign-conversion]
{{0x686B5E0A,0xBC7D0AFE}} /* -2.5190738780e-17 */ ,
 ~           ^~~~~~~~~~
crlibm/trigo_fast.h:431:3: warning: implicit conversion changes signedness: 'unsigned int' to 'int' [-Wsign-conversion]
{{0x94176601,0x3FD4135C}} /* +3.1368174040e-01 */ ,
 ~^~~~~~~~~~
crlibm/trigo_fast.h:433:3: warning: implicit conversion changes signedness: 'unsigned int' to 'int' [-Wsign-conversion]
{{0xEC48E112,0x3FEE6288}} /* +9.4952818059e-01 */ ,
 ~^~~~~~~~~~
crlibm/trigo_fast.h:434:3: warning: implicit conversion changes signedness: 'unsigned int' to 'int' [-Wsign-conversion]
{{0xF2847754,0xBC616B56}} /* -7.5544151928e-18 */ ,
 ~^~~~~~~~~~
crlibm/trigo_fast.h:434:14: warning: implicit conversion changes signedness: 'unsigned int' to 'int' [-Wsign-conversion]
{{0xF2847754,0xBC616B56}} /* -7.5544151928e-18 */ ,
 ~           ^~~~~~~~~~
crlibm/trigo_fast.h:438:3: warning: implicit conversion changes signedness: 'unsigned int' to 'int' [-Wsign-conversion]
{{0x89744882,0x3C8A8738}} /* +4.6019102479e-17 */ ,
 ~^~~~~~~~~~
crlibm/trigo_fast.h:440:3: warning: implicit conversion changes signedness: 'unsigned int' to 'int' [-Wsign-conversion]
{{0xD58CF620,0xBC1EFDC0}} /* -4.2000940033e-19 */ ,
 ~^~~~~~~~~~
crlibm/trigo_fast.h:440:14: warning: implicit conversion changes signedness: 'unsigned int' to 'int' [-Wsign-conversion]
{{0xD58CF620,0xBC1EFDC0}} /* -4.2000940033e-19 */ ,
 ~           ^~~~~~~~~~
crlibm/trigo_fast.h:442:14: warning: implicit conversion changes signedness: 'unsigned int' to 'int' [-Wsign-conversion]
{{0x6C126527,0xBC8014C7}} /* -2.7896379548e-17 */ ,
 ~           ^~~~~~~~~~
crlibm/trigo_fast.h:443:3: warning: implicit conversion changes signedness: 'unsigned int' to 'int' [-Wsign-conversion]
{{0xDD3F27C6,0x3FD64C7D}} /* +3.4841868025e-01 */ ,
 ~^~~~~~~~~~
crlibm/trigo_fast.h:446:3: warning: implicit conversion changes signedness: 'unsigned int' to 'int' [-Wsign-conversion]
{{0x88425567,0xBC8514EA}} /* -3.6570926284e-17 */ ,
 ~^~~~~~~~~~
crlibm/trigo_fast.h:446:14: warning: implicit conversion changes signedness: 'unsigned int' to 'int' [-Wsign-conversion]
{{0x88425567,0xBC8514EA}} /* -3.6570926284e-17 */ ,
 ~           ^~~~~~~~~~
crlibm/trigo_fast.h:448:3: warning: implicit conversion changes signedness: 'unsigned int' to 'int' [-Wsign-conversion]
{{0xE0864C5D,0xBC744B19}} /* -1.7601687124e-17 */ ,
 ~^~~~~~~~~~
crlibm/trigo_fast.h:448:14: warning: implicit conversion changes signedness: 'unsigned int' to 'int' [-Wsign-conversion]
{{0xE0864C5D,0xBC744B19}} /* -1.7601687124e-17 */ ,
 ~           ^~~~~~~~~~
crlibm/trigo_fast.h:449:3: warning: implicit conversion changes signedness: 'unsigned int' to 'int' [-Wsign-conversion]
{{0xB6CCC23C,0x3FEDDB13}} /* +9.3299279883e-01 */ ,
 ~^~~~~~~~~~
crlibm/trigo_fast.h:450:3: warning: implicit conversion changes signedness: 'unsigned int' to 'int' [-Wsign-conversion]
{{0xC6107DB3,0x3C883C37}} /* +4.2041415555e-17 */ ,
 ~^~~~~~~~~~
crlibm/trigo_fast.h:454:3: warning: implicit conversion changes signedness: 'unsigned int' to 'int' [-Wsign-conversion]
{{0xEAE69460,0xBC7ADEE7}} /* -2.3306639848e-17 */ ,
 ~^~~~~~~~~~
crlibm/trigo_fast.h:454:14: warning: implicit conversion changes signedness: 'unsigned int' to 'int' [-Wsign-conversion]
{{0xEAE69460,0xBC7ADEE7}} /* -2.3306639848e-17 */ ,
 ~           ^~~~~~~~~~
crlibm/trigo_fast.h:455:3: warning: implicit conversion changes signedness: 'unsigned int' to 'int' [-Wsign-conversion]
{{0xA6AEA963,0x3FD87DE2}} /* +3.8268343236e-01 */ ,
 ~^~~~~~~~~~
crlibm/trigo_fast.h:456:3: warning: implicit conversion changes signedness: 'unsigned int' to 'int' [-Wsign-conversion]
{{0xD3D5A610,0xBC672CED}} /* -1.0050772696e-17 */ ,
 ~^~~~~~~~~~
crlibm/trigo_fast.h:456:14: warning: implicit conversion changes signedness: 'unsigned int' to 'int' [-Wsign-conversion]
{{0xD3D5A610,0xBC672CED}} /* -1.0050772696e-17 */ ,
 ~           ^~~~~~~~~~
crlibm/trigo_fast.h:457:3: warning: implicit conversion changes signedness: 'unsigned int' to 'int' [-Wsign-conversion]
{{0xCF328D46,0x3FED906B}} /* +9.2387953251e-01 */ ,
 ~^~~~~~~~~~
crlibm/trigo_fast.h:460:3: warning: implicit conversion changes signedness: 'unsigned int' to 'int' [-Wsign-conversion]
{{0x9E5AD5B1,0x3C668431}} /* +9.7649241641e-18 */ ,
 ~^~~~~~~~~~
crlibm/trigo_fast.h:462:3: warning: implicit conversion changes signedness: 'unsigned int' to 'int' [-Wsign-conversion]
{{0xC6393D55,0xBC7E8C61}} /* -2.6496484622e-17 */ ,
 ~^~~~~~~~~~
crlibm/trigo_fast.h:462:14: warning: implicit conversion changes signedness: 'unsigned int' to 'int' [-Wsign-conversion]
{{0xC6393D55,0xBC7E8C61}} /* -2.6496484622e-17 */ ,
 ~           ^~~~~~~~~~
crlibm/trigo_fast.h:465:3: warning: implicit conversion changes signedness: 'unsigned int' to 'int' [-Wsign-conversion]
{{0xD14DC93A,0x3FED4134}} /* +9.1420975570e-01 */ ,
 ~^~~~~~~~~~
crlibm/trigo_fast.h:466:3: warning: implicit conversion changes signedness: 'unsigned int' to 'int' [-Wsign-conversion]
{{0x95D25AF2,0xBC84EF52}} /* -3.6316182528e-17 */ ,
 ~^~~~~~~~~~
crlibm/trigo_fast.h:466:14: warning: implicit conversion changes signedness: 'unsigned int' to 'int' [-Wsign-conversion]
{{0x95D25AF2,0xBC84EF52}} /* -3.6316182528e-17 */ ,
 ~           ^~~~~~~~~~
crlibm/trigo_fast.h:468:14: warning: implicit conversion changes signedness: 'unsigned int' to 'int' [-Wsign-conversion]
{{0x6EE5CCF7,0xBC7D5F10}} /* -2.5475580413e-17 */ ,
 ~           ^~~~~~~~~~
crlibm/trigo_fast.h:470:14: warning: implicit conversion changes signedness: 'unsigned int' to 'int' [-Wsign-conversion]
{{0x3540130A,0xBC5101DA}} /* -3.6878564091e-18 */ ,
 ~           ^~~~~~~~~~
crlibm/trigo_fast.h:472:3: warning: implicit conversion changes signedness: 'unsigned int' to 'int' [-Wsign-conversion]
{{0xCB974183,0x3C65B362}} /* +9.4111898163e-18 */ ,
 ~^~~~~~~~~~
crlibm/trigo_fast.h:473:3: warning: implicit conversion changes signedness: 'unsigned int' to 'int' [-Wsign-conversion]
{{0xF43CC773,0x3FECED7A}} /* +9.0398929312e-01 */ ,
 ~^~~~~~~~~~
crlibm/trigo_fast.h:474:3: warning: implicit conversion changes signedness: 'unsigned int' to 'int' [-Wsign-conversion]
{{0xB5AB58AE,0xBC5E7B6B}} /* -6.6097544687e-18 */ ,
 ~^~~~~~~~~~
crlibm/trigo_fast.h:474:14: warning: implicit conversion changes signedness: 'unsigned int' to 'int' [-Wsign-conversion]
{{0xB5AB58AE,0xBC5E7B6B}} /* -6.6097544687e-18 */ ,
 ~           ^~~~~~~~~~
crlibm/trigo_fast.h:475:3: warning: implicit conversion changes signedness: 'unsigned int' to 'int' [-Wsign-conversion]
{{0xD8011EE7,0x3FDC1249}} /* +4.3861623854e-01 */ ,
 ~^~~~~~~~~~
crlibm/trigo_fast.h:476:3: warning: implicit conversion changes signedness: 'unsigned int' to 'int' [-Wsign-conversion]
{{0xBB515206,0xBC7813AA}} /* -2.0883315831e-17 */ ,
 ~^~~~~~~~~~
crlibm/trigo_fast.h:476:14: warning: implicit conversion changes signedness: 'unsigned int' to 'int' [-Wsign-conversion]
{{0xBB515206,0xBC7813AA}} /* -2.0883315831e-17 */ ,
 ~           ^~~~~~~~~~
crlibm/trigo_fast.h:477:3: warning: implicit conversion changes signedness: 'unsigned int' to 'int' [-Wsign-conversion]
{{0xF3FCFC5C,0x3FECC1F0}} /* +8.9867446569e-01 */ ,
 ~^~~~~~~~~~
crlibm/trigo_fast.h:479:3: warning: implicit conversion changes signedness: 'unsigned int' to 'int' [-Wsign-conversion]
{{0x9931C45E,0x3FDCC66E}} /* +4.4961132965e-01 */ ,
 ~^~~~~~~~~~
crlibm/trigo_fast.h:482:14: warning: implicit conversion changes signedness: 'unsigned int' to 'int' [-Wsign-conversion]
{{0x1E946603,0xBC52FB76}} /* -4.1161239152e-18 */ ,
 ~           ^~~~~~~~~~
crlibm/trigo_fast.h:484:3: warning: implicit conversion changes signedness: 'unsigned int' to 'int' [-Wsign-conversion]
{{0x87BC0575,0x3C7550EC}} /* +1.8488777492e-17 */ ,
 ~^~~~~~~~~~
crlibm/trigo_fast.h:486:3: warning: implicit conversion changes signedness: 'unsigned int' to 'int' [-Wsign-conversion]
{{0xC7C5FF5B,0x3C6D86CA}} /* +1.2805091919e-17 */ ,
 ~^~~~~~~~~~
crlibm/trigo_fast.h:489:3: warning: implicit conversion changes signedness: 'unsigned int' to 'int' [-Wsign-conversion]
{{0xF180BDB1,0x3FEC38B2}} /* +8.8192126435e-01 */ ,
 ~^~~~~~~~~~
crlibm/trigo_fast.h:490:14: warning: implicit conversion changes signedness: 'unsigned int' to 'int' [-Wsign-conversion]
{{0x757C8D07,0xBC76E0B1}} /* -1.9843248406e-17 */ ,
 ~           ^~~~~~~~~~
crlibm/trigo_fast.h:492:3: warning: implicit conversion changes signedness: 'unsigned int' to 'int' [-Wsign-conversion]
{{0xC33EDEE6,0xBC7DD0F7}} /* -2.5861500926e-17 */ ,
 ~^~~~~~~~~~
crlibm/trigo_fast.h:492:14: warning: implicit conversion changes signedness: 'unsigned int' to 'int' [-Wsign-conversion]
{{0xC33EDEE6,0xBC7DD0F7}} /* -2.5861500926e-17 */ ,
 ~           ^~~~~~~~~~
crlibm/trigo_fast.h:494:3: warning: implicit conversion changes signedness: 'unsigned int' to 'int' [-Wsign-conversion]
{{0xD80E2946,0x3C5B157F}} /* +5.8729024235e-18 */ ,
 ~^~~~~~~~~~
crlibm/trigo_fast.h:495:3: warning: implicit conversion changes signedness: 'unsigned int' to 'int' [-Wsign-conversion]
{{0xDBF89ABA,0x3FDF8BA4}} /* +4.9289819223e-01 */ ,
 ~^~~~~~~~~~
crlibm/trigo_fast.h:496:3: warning: implicit conversion changes signedness: 'unsigned int' to 'int' [-Wsign-conversion]
{{0xC1B776B8,0xBC32EC1F}} /* -1.0257831677e-18 */ ,
 ~^~~~~~~~~~
crlibm/trigo_fast.h:496:14: warning: implicit conversion changes signedness: 'unsigned int' to 'int' [-Wsign-conversion]
{{0xC1B776B8,0xBC32EC1F}} /* -1.0257831677e-18 */ ,
 ~           ^~~~~~~~~~
crlibm/trigo_fast.h:497:3: warning: implicit conversion changes signedness: 'unsigned int' to 'int' [-Wsign-conversion]
{{0xAC6F952A,0x3FEBD7C0}} /* +8.7008699111e-01 */ ,
 ~^~~~~~~~~~
crlibm/trigo_fast.h:498:14: warning: implicit conversion changes signedness: 'unsigned int' to 'int' [-Wsign-conversion]
{{0x32AC700A,0xBC8825A7}} /* -4.1888510869e-17 */ ,
 ~           ^~~~~~~~~~
crlibm/trigo_fast.h:499:3: warning: implicit conversion changes signedness: 'unsigned int' to 'int' [-Wsign-conversion]
{{0x874C3EB7,0x3FE01CFC}} /* +5.0353838373e-01 */ ,
 ~^~~~~~~~~~
crlibm/trigo_fast.h:500:3: warning: implicit conversion changes signedness: 'unsigned int' to 'int' [-Wsign-conversion]
{{0xE7C2368C,0xBC734A35}} /* -1.6731308205e-17 */ ,
 ~^~~~~~~~~~
crlibm/trigo_fast.h:500:14: warning: implicit conversion changes signedness: 'unsigned int' to 'int' [-Wsign-conversion]
{{0xE7C2368C,0xBC734A35}} /* -1.6731308205e-17 */ ,
 ~           ^~~~~~~~~~
crlibm/trigo_fast.h:503:3: warning: implicit conversion changes signedness: 'unsigned int' to 'int' [-Wsign-conversion]
{{0x9922FFEE,0x3FE07387}} /* +5.1410274419e-01 */ ,
 ~^~~~~~~~~~
crlibm/trigo_fast.h:504:14: warning: implicit conversion changes signedness: 'unsigned int' to 'int' [-Wsign-conversion]
{{0x4347406C,0xBC8A5A01}} /* -4.5712707524e-17 */ ,
 ~           ^~~~~~~~~~
crlibm/trigo_fast.h:506:14: warning: implicit conversion changes signedness: 'unsigned int' to 'int' [-Wsign-conversion]
{{0x324E6D61,0xBC8BC69F}} /* -4.8183447936e-17 */ ,
 ~           ^~~~~~~~~~
crlibm/trigo_fast.h:508:3: warning: implicit conversion changes signedness: 'unsigned int' to 'int' [-Wsign-conversion]
{{0xDE6EE9B2,0xBC88D3D7}} /* -4.3068869040e-17 */ ,
 ~^~~~~~~~~~
crlibm/trigo_fast.h:508:14: warning: implicit conversion changes signedness: 'unsigned int' to 'int' [-Wsign-conversion]
{{0xDE6EE9B2,0xBC88D3D7}} /* -4.3068869040e-17 */ ,
 ~           ^~~~~~~~~~
crlibm/trigo_fast.h:510:3: warning: implicit conversion changes signedness: 'unsigned int' to 'int' [-Wsign-conversion]
{{0xBF11A493,0xBC8EB6B8}} /* -5.3279874446e-17 */ ,
 ~^~~~~~~~~~
crlibm/trigo_fast.h:510:14: warning: implicit conversion changes signedness: 'unsigned int' to 'int' [-Wsign-conversion]
{{0xBF11A493,0xBC8EB6B8}} /* -5.3279874446e-17 */ ,
 ~           ^~~~~~~~~~
crlibm/trigo_fast.h:512:14: warning: implicit conversion changes signedness: 'unsigned int' to 'int' [-Wsign-conversion]
{{0x69ABE4F1,0xBC8EF23B}} /* -5.3683132708e-17 */ ,
 ~           ^~~~~~~~~~
crlibm/trigo_fast.h:514:14: warning: implicit conversion changes signedness: 'unsigned int' to 'int' [-Wsign-conversion]
{{0x300FFCCE,0xBC8926DA}} /* -4.3631360297e-17 */ ,
 ~           ^~~~~~~~~~
crlibm/trigo_fast.h:516:3: warning: implicit conversion changes signedness: 'unsigned int' to 'int' [-Wsign-conversion]
{{0xCCC50575,0xBC87EEF2}} /* -4.1517817538e-17 */ ,
 ~^~~~~~~~~~
crlibm/trigo_fast.h:516:14: warning: implicit conversion changes signedness: 'unsigned int' to 'int' [-Wsign-conversion]
{{0xCCC50575,0xBC87EEF2}} /* -4.1517817538e-17 */ ,
 ~           ^~~~~~~~~~
crlibm/trigo_fast.h:517:3: warning: implicit conversion changes signedness: 'unsigned int' to 'int' [-Wsign-conversion]
{{0x9E21D511,0x3FEAD2BC}} /* +8.3822470555e-01 */ ,
 ~^~~~~~~~~~
crlibm/trigo_fast.h:518:14: warning: implicit conversion changes signedness: 'unsigned int' to 'int' [-Wsign-conversion]
{{0x07BEA548,0xBC847FBE}} /* -3.5560085053e-17 */ ,
 ~           ^~~~~~~~~~
crlibm/trigo_fast.h:522:3: warning: implicit conversion changes signedness: 'unsigned int' to 'int' [-Wsign-conversion]
{{0xE8B6DAC8,0x3C39F630}} /* +1.4073856985e-18 */ ,
 ~^~~~~~~~~~
crlibm/trigo_fast.h:523:3: warning: implicit conversion changes signedness: 'unsigned int' to 'int' [-Wsign-conversion]
{{0x9933EB59,0x3FE21A79}} /* +5.6573181078e-01 */ ,
 ~^~~~~~~~~~
crlibm/trigo_fast.h:524:14: warning: implicit conversion changes signedness: 'unsigned int' to 'int' [-Wsign-conversion]
{{0x77C68FB2,0xBC83A7B1}} /* -3.4096079597e-17 */ ,
 ~           ^~~~~~~~~~
crlibm/trigo_fast.h:526:14: warning: implicit conversion changes signedness: 'unsigned int' to 'int' [-Wsign-conversion]
{{0x52248D10,0xBC7E9111}} /* -2.6512360489e-17 */ ,
 ~           ^~~~~~~~~~
crlibm/trigo_fast.h:528:14: warning: implicit conversion changes signedness: 'unsigned int' to 'int' [-Wsign-conversion]
{{0x3EF3770C,0xBC85DA74}} /* -3.7909495459e-17 */ ,
 ~           ^~~~~~~~~~
crlibm/trigo_fast.h:529:3: warning: implicit conversion changes signedness: 'unsigned int' to 'int' [-Wsign-conversion]
{{0xA0462782,0x3FEA29A7}} /* +8.1758481315e-01 */ ,
 ~^~~~~~~~~~
crlibm/trigo_fast.h:530:14: warning: implicit conversion changes signedness: 'unsigned int' to 'int' [-Wsign-conversion]
{{0x015DF175,0xBC7128BB}} /* -1.4883149812e-17 */ ,
 ~           ^~~~~~~~~~
crlibm/trigo_fast.h:532:3: warning: implicit conversion changes signedness: 'unsigned int' to 'int' [-Wsign-conversion]
{{0xC796EE46,0xBC514981}} /* -3.7485501964e-18 */ ,
 ~^~~~~~~~~~
crlibm/trigo_fast.h:532:14: warning: implicit conversion changes signedness: 'unsigned int' to 'int' [-Wsign-conversion]
{{0xC796EE46,0xBC514981}} /* -3.7485501964e-18 */ ,
 ~           ^~~~~~~~~~
crlibm/trigo_fast.h:533:3: warning: implicit conversion changes signedness: 'unsigned int' to 'int' [-Wsign-conversion]
{{0xEF29AF94,0x3FE9EF43}} /* +8.1045719825e-01 */ ,
 ~^~~~~~~~~~
crlibm/trigo_fast.h:534:3: warning: implicit conversion changes signedness: 'unsigned int' to 'int' [-Wsign-conversion]
{{0xB60445C2,0x3C7B1DFC}} /* +2.3520367350e-17 */ ,
 ~^~~~~~~~~~
crlibm/trigo_fast.h:535:3: warning: implicit conversion changes signedness: 'unsigned int' to 'int' [-Wsign-conversion]
{{0xFCE17035,0x3FE30FF7}} /* +5.9569930449e-01 */ ,
 ~^~~~~~~~~~
crlibm/trigo_fast.h:536:14: warning: implicit conversion changes signedness: 'unsigned int' to 'int' [-Wsign-conversion]
{{0x26F74A6F,0xBC6EFCC6}} /* -1.3438641937e-17 */ ,
 ~           ^~~~~~~~~~
crlibm/trigo_fast.h:538:3: warning: implicit conversion changes signedness: 'unsigned int' to 'int' [-Wsign-conversion]
{{0x86712474,0xBC830EE2}} /* -3.3060609805e-17 */ ,
 ~^~~~~~~~~~
crlibm/trigo_fast.h:538:14: warning: implicit conversion changes signedness: 'unsigned int' to 'int' [-Wsign-conversion]
{{0x86712474,0xBC830EE2}} /* -3.3060609805e-17 */ ,
 ~           ^~~~~~~~~~
crlibm/trigo_fast.h:539:3: warning: implicit conversion changes signedness: 'unsigned int' to 'int' [-Wsign-conversion]
{{0xB10659F3,0x3FE36058}} /* +6.0551104140e-01 */ ,
 ~^~~~~~~~~~
crlibm/trigo_fast.h:540:3: warning: implicit conversion changes signedness: 'unsigned int' to 'int' [-Wsign-conversion]
{{0xA35857E7,0xBC81FCB3}} /* -3.1202672493e-17 */ ,
 ~^~~~~~~~~~
crlibm/trigo_fast.h:540:14: warning: implicit conversion changes signedness: 'unsigned int' to 'int' [-Wsign-conversion]
{{0xA35857E7,0xBC81FCB3}} /* -3.1202672493e-17 */ ,
 ~           ^~~~~~~~~~
crlibm/trigo_fast.h:541:3: warning: implicit conversion changes signedness: 'unsigned int' to 'int' [-Wsign-conversion]
{{0xF4C7D742,0x3FE9777E}} /* +7.9583690461e-01 */ ,
 ~^~~~~~~~~~
crlibm/trigo_fast.h:542:3: warning: implicit conversion changes signedness: 'unsigned int' to 'int' [-Wsign-conversion]
{{0xA240665E,0xBC815479}} /* -3.0062724852e-17 */ ,
 ~^~~~~~~~~~
crlibm/trigo_fast.h:542:14: warning: implicit conversion changes signedness: 'unsigned int' to 'int' [-Wsign-conversion]
{{0xA240665E,0xBC815479}} /* -3.0062724852e-17 */ ,
 ~           ^~~~~~~~~~
crlibm/trigo_fast.h:544:3: warning: implicit conversion changes signedness: 'unsigned int' to 'int' [-Wsign-conversion]
{{0xE3954964,0x3C7E3E25}} /* +2.6231417767e-17 */ ,
 ~^~~~~~~~~~
crlibm/trigo_fast.h:546:3: warning: implicit conversion changes signedness: 'unsigned int' to 'int' [-Wsign-conversion]
{{0xA920DF0B,0x3C83D419}} /* +3.4396993154e-17 */ ,
 ~^~~~~~~~~~
crlibm/trigo_fast.h:549:3: warning: implicit conversion changes signedness: 'unsigned int' to 'int' [-Wsign-conversion]
{{0xA3EF940D,0x3FE8FBCC}} /* +7.8073722857e-01 */ ,
 ~^~~~~~~~~~
crlibm/trigo_fast.h:550:3: warning: implicit conversion changes signedness: 'unsigned int' to 'int' [-Wsign-conversion]
{{0x9C86F2F1,0xBC66DFA9}} /* -9.9198782067e-18 */ ,
 ~^~~~~~~~~~
crlibm/trigo_fast.h:550:14: warning: implicit conversion changes signedness: 'unsigned int' to 'int' [-Wsign-conversion]
{{0x9C86F2F1,0xBC66DFA9}} /* -9.9198782067e-18 */ ,
 ~           ^~~~~~~~~~
crlibm/trigo_fast.h:554:14: warning: implicit conversion changes signedness: 'unsigned int' to 'int' [-Wsign-conversion]
{{0x2ED1336D,0xBC82C5E1}} /* -3.2565907034e-17 */ ,
 ~           ^~~~~~~~~~
crlibm/trigo_fast.h:555:3: warning: implicit conversion changes signedness: 'unsigned int' to 'int' [-Wsign-conversion]
{{0x9B9B0939,0x3FE49A44}} /* +6.4383154289e-01 */ ,
 ~^~~~~~~~~~
crlibm/trigo_fast.h:556:14: warning: implicit conversion changes signedness: 'unsigned int' to 'int' [-Wsign-conversion]
{{0x6D719B94,0xBC827EE1}} /* -3.2084798795e-17 */ ,
 ~           ^~~~~~~~~~
crlibm/trigo_fast.h:558:14: warning: implicit conversion changes signedness: 'unsigned int' to 'int' [-Wsign-conversion]
{{0x0C3F64CD,0xBC82DABC}} /* -3.2707225613e-17 */ ,
 ~           ^~~~~~~~~~
crlibm/trigo_fast.h:559:3: warning: implicit conversion changes signedness: 'unsigned int' to 'int' [-Wsign-conversion]
{{0xBBE3E5E9,0x3FE4E6CA}} /* +6.5317284295e-01 */ ,
 ~^~~~~~~~~~
crlibm/trigo_fast.h:560:3: warning: implicit conversion changes signedness: 'unsigned int' to 'int' [-Wsign-conversion]
{{0xEDCEB327,0x3C63C293}} /* +8.5695642060e-18 */ ,
 ~^~~~~~~~~~
crlibm/trigo_fast.h:562:3: warning: implicit conversion changes signedness: 'unsigned int' to 'int' [-Wsign-conversion]
{{0xF8EA3475,0xBC76F420}} /* -1.9909098777e-17 */ ,
 ~^~~~~~~~~~
crlibm/trigo_fast.h:562:14: warning: implicit conversion changes signedness: 'unsigned int' to 'int' [-Wsign-conversion]
{{0xF8EA3475,0xBC76F420}} /* -1.9909098777e-17 */ ,
 ~           ^~~~~~~~~~
crlibm/trigo_fast.h:563:3: warning: implicit conversion changes signedness: 'unsigned int' to 'int' [-Wsign-conversion]
{{0x92A35596,0x3FE53282}} /* +6.6241577759e-01 */ ,
 ~^~~~~~~~~~
crlibm/trigo_fast.h:564:3: warning: implicit conversion changes signedness: 'unsigned int' to 'int' [-Wsign-conversion]
{{0x89DA0257,0xBC7A12EB}} /* -2.2615508886e-17 */ ,
 ~^~~~~~~~~~
crlibm/trigo_fast.h:564:14: warning: implicit conversion changes signedness: 'unsigned int' to 'int' [-Wsign-conversion]
{{0x89DA0257,0xBC7A12EB}} /* -2.2615508886e-17 */ ,
 ~           ^~~~~~~~~~
crlibm/trigo_fast.h:565:3: warning: implicit conversion changes signedness: 'unsigned int' to 'int' [-Wsign-conversion]
{{0xE3571771,0x3FE7F8EC}} /* +7.4913639452e-01 */ ,
 ~^~~~~~~~~~
crlibm/trigo_fast.h:566:3: warning: implicit conversion changes signedness: 'unsigned int' to 'int' [-Wsign-conversion]
{{0xCE93C917,0xBC89C8D8}} /* -4.4729078447e-17 */ ,
 ~^~~~~~~~~~
crlibm/trigo_fast.h:566:14: warning: implicit conversion changes signedness: 'unsigned int' to 'int' [-Wsign-conversion]
{{0xCE93C917,0xBC89C8D8}} /* -4.4729078447e-17 */ ,
 ~           ^~~~~~~~~~
crlibm/trigo_fast.h:568:3: warning: implicit conversion changes signedness: 'unsigned int' to 'int' [-Wsign-conversion]
{{0x992BFBB2,0xBC875720}} /* -4.0489037749e-17 */ ,
 ~^~~~~~~~~~
crlibm/trigo_fast.h:568:14: warning: implicit conversion changes signedness: 'unsigned int' to 'int' [-Wsign-conversion]
{{0x992BFBB2,0xBC875720}} /* -4.0489037749e-17 */ ,
 ~           ^~~~~~~~~~
crlibm/trigo_fast.h:570:3: warning: implicit conversion changes signedness: 'unsigned int' to 'int' [-Wsign-conversion]
{{0xACDF0AD7,0xBC70F537}} /* -1.4708616952e-17 */ ,
 ~^~~~~~~~~~
crlibm/trigo_fast.h:570:14: warning: implicit conversion changes signedness: 'unsigned int' to 'int' [-Wsign-conversion]
{{0xACDF0AD7,0xBC70F537}} /* -1.4708616952e-17 */ ,
 ~           ^~~~~~~~~~
crlibm/trigo_fast.h:571:3: warning: implicit conversion changes signedness: 'unsigned int' to 'int' [-Wsign-conversion]
{{0xBE65018C,0x3FE5C77B}} /* +6.8060099780e-01 */ ,
 ~^~~~~~~~~~
crlibm/trigo_fast.h:572:3: warning: implicit conversion changes signedness: 'unsigned int' to 'int' [-Wsign-conversion]
{{0x9C0BC32A,0x3C8069EA}} /* +2.8473293355e-17 */ ,
 ~^~~~~~~~~~
crlibm/trigo_fast.h:574:3: warning: implicit conversion changes signedness: 'unsigned int' to 'int' [-Wsign-conversion]
{{0x8D84068F,0x3C75CFCE}} /* +1.8918673482e-17 */ ,
 ~^~~~~~~~~~
crlibm/trigo_fast.h:576:14: warning: implicit conversion changes signedness: 'unsigned int' to 'int' [-Wsign-conversion]
{{0x52FF2A37,0xBC7251B3}} /* -1.5889323295e-17 */ ,
 ~           ^~~~~~~~~~
crlibm/trigo_fast.h:580:3: warning: implicit conversion changes signedness: 'unsigned int' to 'int' [-Wsign-conversion]
{{0xFBF5DE23,0x3C8C3D64}} /* +4.8988282436e-17 */ ,
 ~^~~~~~~~~~
crlibm/trigo_fast.h:582:3: warning: implicit conversion changes signedness: 'unsigned int' to 'int' [-Wsign-conversion]
{{0xC84E226E,0xBC8DBC03}} /* -5.1581018476e-17 */ ,
 ~^~~~~~~~~~
crlibm/trigo_fast.h:582:14: warning: implicit conversion changes signedness: 'unsigned int' to 'int' [-Wsign-conversion]
{{0xC84E226E,0xBC8DBC03}} /* -5.1581018476e-17 */ ,
 ~           ^~~~~~~~~~
crlibm/trigo_fast.h:584:14: warning: implicit conversion changes signedness: 'unsigned int' to 'int' [-Wsign-conversion]
{{0x13B26456,0xBC8BDD34}} /* -4.8336466567e-17 */ ,
 ~           ^~~~~~~~~~
crlibm/trigo_fast.h:586:14: warning: implicit conversion changes signedness: 'unsigned int' to 'int' [-Wsign-conversion]
{{0x13B26456,0xBC8BDD34}} /* -4.8336466567e-17 */ ,
 ~           ^~~~~~~~~~
crlibm/trigo_fast.c:179:5: warning: implicit conversion changes signedness: 'unsigned long long' to 'long long' [-Wsign-conversion]
    DOUBLE2LONGINT(kl, x*INV_PIO256);
    ^~~~~~~~~~~~~~~~~~~~~~~~~~~~~~~~
crlibm/crlibm_private.h:75:42: note: expanded from macro 'DOUBLE2LONGINT'
      _i = (_t.l & 0x0007FFFFFFFFFFFFLL) |  (0xFFF8000000000000LL);\
         ~ ~~~~~~~~~~~~~~~~~~~~~~~~~~~~~~^~~~~~~~~~~~~~~~~~~~~~~~~
crlibm/trigo_fast.c:209:14: warning: implicit conversion turns floating-point number into integer: 'double' to 'int' [-Wfloat-conversion]
      return (*scs_fun)(x);
      ~~~~~~ ^~~~~~~~~~~~~
210 warnings generated.
