SixTrack_4530_crlibm_fast_gfortran_tilt_tracking_O3/dabnews.f:376:17:

       call daall(iall,1,'$$UNPACK$$',nomax,nvmax)
                 1
Warning: Rank mismatch in argument ‘ic’ at (1) (rank-1 and scalar)
SixTrack_4530_crlibm_fast_gfortran_tilt_tracking_O3/dabnews.f:383:17:

       call daall(iall,1,aa,nomax,nvmax)
                 1
Warning: Rank mismatch in argument ‘ic’ at (1) (rank-1 and scalar)
SixTrack_4530_crlibm_fast_gfortran_tilt_tracking_O3/dabnews.f:1495:20:

          call daall(inb,1,'$$DAADD $$',inoa,inva)
                    1
Warning: Rank mismatch in argument ‘ic’ at (1) (rank-1 and scalar)
SixTrack_4530_crlibm_fast_gfortran_tilt_tracking_O3/dabnews.f:1525:20:

          call dadal(inb,1)
                    1
Warning: Rank mismatch in argument ‘idal’ at (1) (rank-1 and scalar)
SixTrack_4530_crlibm_fast_gfortran_tilt_tracking_O3/dabnews.f:2602:19:

         call daall(incc,1,'$$DAJUNK$$',inoc,invc)
                   1
Warning: Rank mismatch in argument ‘ic’ at (1) (rank-1 and scalar)
SixTrack_4530_crlibm_fast_gfortran_tilt_tracking_O3/dabnews.f:2605:19:

         call dadal(incc,1)
                   1
Warning: Rank mismatch in argument ‘idal’ at (1) (rank-1 and scalar)
SixTrack_4530_crlibm_fast_gfortran_tilt_tracking_O3/dabnews.f:1546:20:

          call daall(idaadd,1,'$$DAADD $$',inoc,invc)
                    1
Warning: Rank mismatch in argument ‘ic’ at (1) (rank-1 and scalar)
SixTrack_4530_crlibm_fast_gfortran_tilt_tracking_O3/dabnews.f:1549:20:

          call dadal(idaadd,1)
                    1
Warning: Rank mismatch in argument ‘idal’ at (1) (rank-1 and scalar)
SixTrack_4530_crlibm_fast_gfortran_tilt_tracking_O3/dabnews.f:1570:20:

          call daall(idasub,1,'$$DASUB $$',inoc,invc)
                    1
Warning: Rank mismatch in argument ‘ic’ at (1) (rank-1 and scalar)
SixTrack_4530_crlibm_fast_gfortran_tilt_tracking_O3/dabnews.f:1573:20:

          call dadal(idasub,1)
                    1
Warning: Rank mismatch in argument ‘idal’ at (1) (rank-1 and scalar)
SixTrack_4530_crlibm_fast_gfortran_tilt_tracking_O3/dabnews.f:1608:17:

       call daall(incc,1,'$$DAJUNK$$',inoc,invc)
                 1
Warning: Rank mismatch in argument ‘ic’ at (1) (rank-1 and scalar)
SixTrack_4530_crlibm_fast_gfortran_tilt_tracking_O3/dabnews.f:1909:19:

         call daall(incc,1,'$$DAJUNK$$',inoc,invc)
                   1
Warning: Rank mismatch in argument ‘ic’ at (1) (rank-1 and scalar)
SixTrack_4530_crlibm_fast_gfortran_tilt_tracking_O3/dabnews.f:1912:19:

         call dadal(incc,1)
                   1
Warning: Rank mismatch in argument ‘idal’ at (1) (rank-1 and scalar)
SixTrack_4530_crlibm_fast_gfortran_tilt_tracking_O3/dabnews.f:1612:17:

       call dadal(incc,1)
                 1
Warning: Rank mismatch in argument ‘idal’ at (1) (rank-1 and scalar)
SixTrack_4530_crlibm_fast_gfortran_tilt_tracking_O3/dabnews.f:1692:17:

       call daall(idaexx,1,'$$DAEXX $$',inoc,invc)
                 1
Warning: Rank mismatch in argument ‘ic’ at (1) (rank-1 and scalar)
SixTrack_4530_crlibm_fast_gfortran_tilt_tracking_O3/dabnews.f:2822:18:

        call daall(incc,1,'$$DAJUNK$$',inoc,invc)
                  1
Warning: Rank mismatch in argument ‘ic’ at (1) (rank-1 and scalar)
SixTrack_4530_crlibm_fast_gfortran_tilt_tracking_O3/dabnews.f:2074:19:

         call daall(incc,1,'$$DAJUNK$$',inoc,invc)
                   1
Warning: Rank mismatch in argument ‘ic’ at (1) (rank-1 and scalar)
SixTrack_4530_crlibm_fast_gfortran_tilt_tracking_O3/dabnews.f:2077:19:

         call dadal(incc,1)
                   1
Warning: Rank mismatch in argument ‘idal’ at (1) (rank-1 and scalar)
SixTrack_4530_crlibm_fast_gfortran_tilt_tracking_O3/dabnews.f:2903:17:

       call daall(ipow,1,'$$DAFUN1$$',inoc,invc)
                 1
Warning: Rank mismatch in argument ‘ic’ at (1) (rank-1 and scalar)
SixTrack_4530_crlibm_fast_gfortran_tilt_tracking_O3/dabnews.f:2904:17:

       call daall(inon,1,'$$DAFUN2$$',inoc,invc)
                 1
Warning: Rank mismatch in argument ‘ic’ at (1) (rank-1 and scalar)
SixTrack_4530_crlibm_fast_gfortran_tilt_tracking_O3/dabnews.f:2905:17:

       call daall(iscr,1,'$$DAFUN3$$',inoc,invc)
                 1
Warning: Rank mismatch in argument ‘ic’ at (1) (rank-1 and scalar)
SixTrack_4530_crlibm_fast_gfortran_tilt_tracking_O3/dabnews.f:2564:17:

       call daall(idacma,1,'$$DACMA $$',inoc,invc)
                 1
Warning: Rank mismatch in argument ‘ic’ at (1) (rank-1 and scalar)
SixTrack_4530_crlibm_fast_gfortran_tilt_tracking_O3/dabnews.f:2567:17:

       call dadal(idacma,1)
                 1
Warning: Rank mismatch in argument ‘idal’ at (1) (rank-1 and scalar)
SixTrack_4530_crlibm_fast_gfortran_tilt_tracking_O3/dabnews.f:3389:17:

       call dadal(iscr,1)
                 1
Warning: Rank mismatch in argument ‘idal’ at (1) (rank-1 and scalar)
SixTrack_4530_crlibm_fast_gfortran_tilt_tracking_O3/dabnews.f:3390:17:

       call dadal(inon,1)
                 1
Warning: Rank mismatch in argument ‘idal’ at (1) (rank-1 and scalar)
SixTrack_4530_crlibm_fast_gfortran_tilt_tracking_O3/dabnews.f:3391:17:

       call dadal(ipow,1)
                 1
Warning: Rank mismatch in argument ‘idal’ at (1) (rank-1 and scalar)
SixTrack_4530_crlibm_fast_gfortran_tilt_tracking_O3/dabnews.f:2825:18:

        call dadal(incc,1)
                  1
Warning: Rank mismatch in argument ‘idal’ at (1) (rank-1 and scalar)
SixTrack_4530_crlibm_fast_gfortran_tilt_tracking_O3/dabnews.f:1696:17:

       call dadal(idaexx,1)
                 1
Warning: Rank mismatch in argument ‘idal’ at (1) (rank-1 and scalar)
SixTrack_4530_crlibm_fast_gfortran_tilt_tracking_O3/dabnews.f:1650:20:

          call daall(inaa,1,'$$DAADD $$',inoc,invc)
                    1
Warning: Rank mismatch in argument ‘ic’ at (1) (rank-1 and scalar)
SixTrack_4530_crlibm_fast_gfortran_tilt_tracking_O3/dabnews.f:1651:20:

          call daall(inbb,1,'$$DAADD $$',inoc,invc)
                    1
Warning: Rank mismatch in argument ‘ic’ at (1) (rank-1 and scalar)
SixTrack_4530_crlibm_fast_gfortran_tilt_tracking_O3/dabnews.f:1655:20:

          call dadal(inaa,1)
                    1
Warning: Rank mismatch in argument ‘idal’ at (1) (rank-1 and scalar)
SixTrack_4530_crlibm_fast_gfortran_tilt_tracking_O3/dabnews.f:1656:20:

          call dadal(inbb,1)
                    1
Warning: Rank mismatch in argument ‘idal’ at (1) (rank-1 and scalar)
SixTrack_4530_crlibm_fast_gfortran_tilt_tracking_O3/dabnews.f:1730:19:

         call daall(incc,1,'$$DAJUNK$$',inoc,invc)
                   1
Warning: Rank mismatch in argument ‘ic’ at (1) (rank-1 and scalar)
SixTrack_4530_crlibm_fast_gfortran_tilt_tracking_O3/dabnews.f:1774:17:

       call daall(idacex,1,'$$DACEX $$',inob,invb)
                 1
Warning: Rank mismatch in argument ‘ic’ at (1) (rank-1 and scalar)
SixTrack_4530_crlibm_fast_gfortran_tilt_tracking_O3/dabnews.f:2368:19:

         call daall(incc,1,'$$DAJUNK$$',inoc,invc)
                   1
Warning: Rank mismatch in argument ‘ic’ at (1) (rank-1 and scalar)
SixTrack_4530_crlibm_fast_gfortran_tilt_tracking_O3/dabnews.f:2371:19:

         call dadal(incc,1)
                   1
Warning: Rank mismatch in argument ‘idal’ at (1) (rank-1 and scalar)
SixTrack_4530_crlibm_fast_gfortran_tilt_tracking_O3/dabnews.f:1778:17:

       call dadal(idacex,1)
                 1
Warning: Rank mismatch in argument ‘idal’ at (1) (rank-1 and scalar)
SixTrack_4530_crlibm_fast_gfortran_tilt_tracking_O3/dabnews.f:1733:19:

         call dadal(incc,1)
                   1
Warning: Rank mismatch in argument ‘idal’ at (1) (rank-1 and scalar)
SixTrack_4530_crlibm_fast_gfortran_tilt_tracking_O3/dabnews.f:1812:19:

         call daall(incc,1,'$$DAJUNK$$',inoc,invc)
                   1
Warning: Rank mismatch in argument ‘ic’ at (1) (rank-1 and scalar)
SixTrack_4530_crlibm_fast_gfortran_tilt_tracking_O3/dabnews.f:1851:17:

       call daall(idaexc,1,'$$DAEXC $$',inob,invb)
                 1
Warning: Rank mismatch in argument ‘ic’ at (1) (rank-1 and scalar)
SixTrack_4530_crlibm_fast_gfortran_tilt_tracking_O3/dabnews.f:1873:17:

       call dadal(idaexc,1)
                 1
Warning: Rank mismatch in argument ‘idal’ at (1) (rank-1 and scalar)
SixTrack_4530_crlibm_fast_gfortran_tilt_tracking_O3/dabnews.f:1815:19:

         call dadal(incc,1)
                   1
Warning: Rank mismatch in argument ‘idal’ at (1) (rank-1 and scalar)
SixTrack_4530_crlibm_fast_gfortran_tilt_tracking_O3/dabnews.f:2038:17:

       call daall(idadiv,1,'$$DADIV $$',inoc,invc)
                 1
Warning: Rank mismatch in argument ‘ic’ at (1) (rank-1 and scalar)
SixTrack_4530_crlibm_fast_gfortran_tilt_tracking_O3/dabnews.f:2041:17:

       call dadal(idadiv,1)
                 1
Warning: Rank mismatch in argument ‘idal’ at (1) (rank-1 and scalar)
SixTrack_4530_crlibm_fast_gfortran_tilt_tracking_O3/dabnews.f:2522:17:

       call daall(idadic,1,'$$DADIC $$',inoc,invc)
                 1
Warning: Rank mismatch in argument ‘ic’ at (1) (rank-1 and scalar)
SixTrack_4530_crlibm_fast_gfortran_tilt_tracking_O3/dabnews.f:2530:17:

       call dadal(idadic,1)
                 1
Warning: Rank mismatch in argument ‘idal’ at (1) (rank-1 and scalar)
SixTrack_4530_crlibm_fast_gfortran_tilt_tracking_O3/dabnews.f:3444:17:

       call daall(idacom,1,'$$DACOM $$',inoc,invc)
                 1
Warning: Rank mismatch in argument ‘ic’ at (1) (rank-1 and scalar)
SixTrack_4530_crlibm_fast_gfortran_tilt_tracking_O3/dabnews.f:3447:17:

       call dadal(idacom,1)
                 1
Warning: Rank mismatch in argument ‘idal’ at (1) (rank-1 and scalar)
SixTrack_4530_crlibm_fast_gfortran_tilt_tracking_O3/dabnews.f:3696:17:

       call daall(ichk,1,'$$MTREE $$',nomax,nvmax)
                 1
Warning: Rank mismatch in argument ‘ic’ at (1) (rank-1 and scalar)
SixTrack_4530_crlibm_fast_gfortran_tilt_tracking_O3/dabnews.f:3850:17:

       call dadal(ichk,1)
                 1
Warning: Rank mismatch in argument ‘idal’ at (1) (rank-1 and scalar)
SixTrack_4530_crlibm_fast_gfortran_tilt_tracking_O3/dabnews.f:4514:19:

         call daall(incc,1,'$$DAJUNK$$',inoc,invc)
                   1
Warning: Rank mismatch in argument ‘ic’ at (1) (rank-1 and scalar)
SixTrack_4530_crlibm_fast_gfortran_tilt_tracking_O3/dabnews.f:4517:19:

         call dadal(incc,1)
                   1
Warning: Rank mismatch in argument ‘idal’ at (1) (rank-1 and scalar)
SixTrack_4530_crlibm_fast_gfortran_tilt_tracking_O3/dabnews.f:4714:19:

         call daall(incc,1,'$$DAJUNK$$',inoc,invc)
                   1
Warning: Rank mismatch in argument ‘ic’ at (1) (rank-1 and scalar)
SixTrack_4530_crlibm_fast_gfortran_tilt_tracking_O3/dabnews.f:4717:19:

         call dadal(incc,1)
                   1
Warning: Rank mismatch in argument ‘idal’ at (1) (rank-1 and scalar)
SixTrack_4530_crlibm_fast_gfortran_tilt_tracking_O3/dabnews.f:5087:17:

       call daall(inb,1,'$$DAJUNK$$',inoa,inva)
                 1
Warning: Rank mismatch in argument ‘ic’ at (1) (rank-1 and scalar)
SixTrack_4530_crlibm_fast_gfortran_tilt_tracking_O3/dabnews.f:5176:17:

       call dadal(inb,1)
                 1
Warning: Rank mismatch in argument ‘idal’ at (1) (rank-1 and scalar)
SixTrack_4530_crlibm_fast_gfortran_tilt_tracking_O3/dabnews.f:6164:19:

         call daall(incc,1,'$$DAJUNK$$',inoc,invc)
                   1
Warning: Rank mismatch in argument ‘ic’ at (1) (rank-1 and scalar)
SixTrack_4530_crlibm_fast_gfortran_tilt_tracking_O3/dabnews.f:6167:19:

         call dadal(incc,1)
                   1
Warning: Rank mismatch in argument ‘idal’ at (1) (rank-1 and scalar)
SixTrack_4530_crlibm_fast_gfortran_tilt_tracking_O3/dabnews.f:6259:19:

         call daall(incc,1,'$$DAJUNK$$',inoc,invc)
                   1
Warning: Rank mismatch in argument ‘ic’ at (1) (rank-1 and scalar)
SixTrack_4530_crlibm_fast_gfortran_tilt_tracking_O3/dabnews.f:6262:19:

         call dadal(incc,1)
                   1
Warning: Rank mismatch in argument ‘idal’ at (1) (rank-1 and scalar)
