SixTrack_4530_crlibm_fast_gfortran_tilt_tracking_O3/lielib.f:514:20:

       call etallnom(b1,1,'B1        ')
                    1
Warning: Rank mismatch in argument ‘x’ at (1) (rank-1 and scalar)
SixTrack_4530_crlibm_fast_gfortran_tilt_tracking_O3/lielib.f:515:20:

       call etallnom(b2,1,'B2        ')
                    1
Warning: Rank mismatch in argument ‘x’ at (1) (rank-1 and scalar)
SixTrack_4530_crlibm_fast_gfortran_tilt_tracking_O3/lielib.f:760:20:

       call etallnom(b1,1,'B1        ')
                    1
Warning: Rank mismatch in argument ‘x’ at (1) (rank-1 and scalar)
SixTrack_4530_crlibm_fast_gfortran_tilt_tracking_O3/lielib.f:761:20:

       call etallnom(b2,1,'B2        ')
                    1
Warning: Rank mismatch in argument ‘x’ at (1) (rank-1 and scalar)
SixTrack_4530_crlibm_fast_gfortran_tilt_tracking_O3/lielib.f:762:20:

       call etallnom(b3,1,'B3        ')
                    1
Warning: Rank mismatch in argument ‘x’ at (1) (rank-1 and scalar)
SixTrack_4530_crlibm_fast_gfortran_tilt_tracking_O3/lielib.f:819:20:

       call etallnom(b1,1,'B1        ')
                    1
Warning: Rank mismatch in argument ‘x’ at (1) (rank-1 and scalar)
SixTrack_4530_crlibm_fast_gfortran_tilt_tracking_O3/lielib.f:820:20:

       call etallnom(b2,1,'B2        ')
                    1
Warning: Rank mismatch in argument ‘x’ at (1) (rank-1 and scalar)
SixTrack_4530_crlibm_fast_gfortran_tilt_tracking_O3/lielib.f:1012:20:

       call etallnom(b1,1,'B1        ')
                    1
Warning: Rank mismatch in argument ‘x’ at (1) (rank-1 and scalar)
SixTrack_4530_crlibm_fast_gfortran_tilt_tracking_O3/lielib.f:1013:20:

       call etallnom(b2,1,'B2        ')
                    1
Warning: Rank mismatch in argument ‘x’ at (1) (rank-1 and scalar)
SixTrack_4530_crlibm_fast_gfortran_tilt_tracking_O3/lielib.f:1014:20:

       call etallnom(b3,1,'B3        ')
                    1
Warning: Rank mismatch in argument ‘x’ at (1) (rank-1 and scalar)
SixTrack_4530_crlibm_fast_gfortran_tilt_tracking_O3/lielib.f:1079:20:

       call etallnom(b1,1,'B1        ')
                    1
Warning: Rank mismatch in argument ‘x’ at (1) (rank-1 and scalar)
SixTrack_4530_crlibm_fast_gfortran_tilt_tracking_O3/lielib.f:1080:20:

       call etallnom(b2,1,'B2        ')
                    1
Warning: Rank mismatch in argument ‘x’ at (1) (rank-1 and scalar)
SixTrack_4530_crlibm_fast_gfortran_tilt_tracking_O3/lielib.f:1081:20:

       call etallnom(b3,1,'B3        ')
                    1
Warning: Rank mismatch in argument ‘x’ at (1) (rank-1 and scalar)
SixTrack_4530_crlibm_fast_gfortran_tilt_tracking_O3/lielib.f:1082:20:

       call etallnom(b4,1,'B4        ')
                    1
Warning: Rank mismatch in argument ‘x’ at (1) (rank-1 and scalar)
SixTrack_4530_crlibm_fast_gfortran_tilt_tracking_O3/lielib.f:1119:17:

       call etall(b1,1)
                 1
Warning: Rank mismatch in argument ‘x’ at (1) (rank-1 and scalar)
SixTrack_4530_crlibm_fast_gfortran_tilt_tracking_O3/lielib.f:1120:17:

       call etall(h,1)
                 1
Warning: Rank mismatch in argument ‘x’ at (1) (rank-1 and scalar)
SixTrack_4530_crlibm_fast_gfortran_tilt_tracking_O3/lielib.f:1148:20:

       call etallnom(b1,1,'B1        ')
                    1
Warning: Rank mismatch in argument ‘x’ at (1) (rank-1 and scalar)
SixTrack_4530_crlibm_fast_gfortran_tilt_tracking_O3/lielib.f:1149:20:

       call etallnom(b2,1,'B2        ')
                    1
Warning: Rank mismatch in argument ‘x’ at (1) (rank-1 and scalar)
SixTrack_4530_crlibm_fast_gfortran_tilt_tracking_O3/lielib.f:1150:20:

       call etallnom(b3,1,'B3        ')
                    1
Warning: Rank mismatch in argument ‘x’ at (1) (rank-1 and scalar)
SixTrack_4530_crlibm_fast_gfortran_tilt_tracking_O3/lielib.f:1151:20:

       call etallnom(b4,1,'B4        ')
                    1
Warning: Rank mismatch in argument ‘x’ at (1) (rank-1 and scalar)
SixTrack_4530_crlibm_fast_gfortran_tilt_tracking_O3/lielib.f:1213:20:

       call etallnom(b0,1,'B0        ')
                    1
Warning: Rank mismatch in argument ‘x’ at (1) (rank-1 and scalar)
SixTrack_4530_crlibm_fast_gfortran_tilt_tracking_O3/lielib.f:1245:20:

       call etallnom(v,1  ,'V         ')
                    1
Warning: Rank mismatch in argument ‘x’ at (1) (rank-1 and scalar)
SixTrack_4530_crlibm_fast_gfortran_tilt_tracking_O3/lielib.f:1341:17:

       call etall(t1,1)
                 1
Warning: Rank mismatch in argument ‘x’ at (1) (rank-1 and scalar)
SixTrack_4530_crlibm_fast_gfortran_tilt_tracking_O3/lielib.f:1342:17:

       call etall(t2,1)
                 1
Warning: Rank mismatch in argument ‘x’ at (1) (rank-1 and scalar)
SixTrack_4530_crlibm_fast_gfortran_tilt_tracking_O3/lielib.f:1378:17:

       call etall(t1,1)
                 1
Warning: Rank mismatch in argument ‘x’ at (1) (rank-1 and scalar)
SixTrack_4530_crlibm_fast_gfortran_tilt_tracking_O3/lielib.f:1379:17:

       call etall(t2,1)
                 1
Warning: Rank mismatch in argument ‘x’ at (1) (rank-1 and scalar)
SixTrack_4530_crlibm_fast_gfortran_tilt_tracking_O3/lielib.f:1380:17:

       call etall(t3,1)
                 1
Warning: Rank mismatch in argument ‘x’ at (1) (rank-1 and scalar)
SixTrack_4530_crlibm_fast_gfortran_tilt_tracking_O3/lielib.f:1447:20:

       call etallnom(b0,1,'B0        ')
                    1
Warning: Rank mismatch in argument ‘x’ at (1) (rank-1 and scalar)
SixTrack_4530_crlibm_fast_gfortran_tilt_tracking_O3/lielib.f:2550:20:

       call etallnom(b1,1,'B1        ')
                    1
Warning: Rank mismatch in argument ‘x’ at (1) (rank-1 and scalar)
SixTrack_4530_crlibm_fast_gfortran_tilt_tracking_O3/lielib.f:2551:20:

       call etallnom(b2,1,'B2        ')
                    1
Warning: Rank mismatch in argument ‘x’ at (1) (rank-1 and scalar)
SixTrack_4530_crlibm_fast_gfortran_tilt_tracking_O3/lielib.f:3409:20:

       call etallnom(b1,1,'B1        ')
                    1
Warning: Rank mismatch in argument ‘x’ at (1) (rank-1 and scalar)
SixTrack_4530_crlibm_fast_gfortran_tilt_tracking_O3/lielib.f:2578:20:

       call etallnom(b1,1,'B1        ')
                    1
Warning: Rank mismatch in argument ‘x’ at (1) (rank-1 and scalar)
SixTrack_4530_crlibm_fast_gfortran_tilt_tracking_O3/lielib.f:3431:20:

       call etallnom(b1,1,'B1        ')
                    1
Warning: Rank mismatch in argument ‘x’ at (1) (rank-1 and scalar)
SixTrack_4530_crlibm_fast_gfortran_tilt_tracking_O3/lielib.f:2252:17:

       call etall(bb1,1)
                 1
Warning: Rank mismatch in argument ‘x’ at (1) (rank-1 and scalar)
SixTrack_4530_crlibm_fast_gfortran_tilt_tracking_O3/lielib.f:2253:17:

       call etall(bb2,1)
                 1
Warning: Rank mismatch in argument ‘x’ at (1) (rank-1 and scalar)
SixTrack_4530_crlibm_fast_gfortran_tilt_tracking_O3/lielib.f:2296:20:

       call etallnom(b1,1,'B1        ')
                    1
Warning: Rank mismatch in argument ‘x’ at (1) (rank-1 and scalar)
SixTrack_4530_crlibm_fast_gfortran_tilt_tracking_O3/lielib.f:2297:20:

       call etallnom(b2,1,'B2        ')
                    1
Warning: Rank mismatch in argument ‘x’ at (1) (rank-1 and scalar)
SixTrack_4530_crlibm_fast_gfortran_tilt_tracking_O3/lielib.f:2298:20:

       call etallnom(bb1,1,'BB1       ')
                    1
Warning: Rank mismatch in argument ‘x’ at (1) (rank-1 and scalar)
SixTrack_4530_crlibm_fast_gfortran_tilt_tracking_O3/lielib.f:2299:20:

       call etallnom(bb2,1,'BB2       ')
                    1
Warning: Rank mismatch in argument ‘x’ at (1) (rank-1 and scalar)
SixTrack_4530_crlibm_fast_gfortran_tilt_tracking_O3/lielib.f:4365:17:

       call etall(cosi,1)
                 1
Warning: Rank mismatch in argument ‘x’ at (1) (rank-1 and scalar)
SixTrack_4530_crlibm_fast_gfortran_tilt_tracking_O3/lielib.f:4366:17:

       call etall(sine,1)
                 1
Warning: Rank mismatch in argument ‘x’ at (1) (rank-1 and scalar)
SixTrack_4530_crlibm_fast_gfortran_tilt_tracking_O3/lielib.f:4374:17:

       call etall(cosi,1)
                 1
Warning: Rank mismatch in argument ‘x’ at (1) (rank-1 and scalar)
SixTrack_4530_crlibm_fast_gfortran_tilt_tracking_O3/lielib.f:4375:17:

       call etall(sine,1)
                 1
Warning: Rank mismatch in argument ‘x’ at (1) (rank-1 and scalar)
SixTrack_4530_crlibm_fast_gfortran_tilt_tracking_O3/lielib.f:4454:17:

       call etall(ftf,1)
                 1
Warning: Rank mismatch in argument ‘x’ at (1) (rank-1 and scalar)
SixTrack_4530_crlibm_fast_gfortran_tilt_tracking_O3/lielib.f:4455:17:

       call etall(hf,1)
                 1
Warning: Rank mismatch in argument ‘x’ at (1) (rank-1 and scalar)
SixTrack_4530_crlibm_fast_gfortran_tilt_tracking_O3/lielib.f:4461:17:

       call etall(cs,1)
                 1
Warning: Rank mismatch in argument ‘x’ at (1) (rank-1 and scalar)
SixTrack_4530_crlibm_fast_gfortran_tilt_tracking_O3/lielib.f:4462:17:

       call etall(h,1)
                 1
Warning: Rank mismatch in argument ‘x’ at (1) (rank-1 and scalar)
